[2022-02-01 15:01:42,065] {taskinstance.py:1032} INFO - Dependencies all met for <TaskInstance: data_ingestion_yt_dag.format_to_parquet_task scheduled__2020-02-01T00:00:00+00:00 [queued]>
[2022-02-01 15:01:42,077] {taskinstance.py:1032} INFO - Dependencies all met for <TaskInstance: data_ingestion_yt_dag.format_to_parquet_task scheduled__2020-02-01T00:00:00+00:00 [queued]>
[2022-02-01 15:01:42,078] {taskinstance.py:1238} INFO - 
--------------------------------------------------------------------------------
[2022-02-01 15:01:42,078] {taskinstance.py:1239} INFO - Starting attempt 1 of 1
[2022-02-01 15:01:42,078] {taskinstance.py:1240} INFO - 
--------------------------------------------------------------------------------
[2022-02-01 15:01:42,115] {taskinstance.py:1259} INFO - Executing <Task(PythonOperator): format_to_parquet_task> on 2020-02-01 00:00:00+00:00
[2022-02-01 15:01:42,119] {standard_task_runner.py:52} INFO - Started process 23079 to run task
[2022-02-01 15:01:42,122] {standard_task_runner.py:76} INFO - Running: ['***', 'tasks', 'run', 'data_ingestion_yt_dag', 'format_to_parquet_task', 'scheduled__2020-02-01T00:00:00+00:00', '--job-id', '78', '--raw', '--subdir', 'DAGS_FOLDER/data_ingestion_yt_dag.py', '--cfg-path', '/tmp/tmpy9g6pw_t', '--error-file', '/tmp/tmp_isuez8m']
[2022-02-01 15:01:42,123] {standard_task_runner.py:77} INFO - Job 78: Subtask format_to_parquet_task
[2022-02-01 15:01:42,245] {logging_mixin.py:109} INFO - Running <TaskInstance: data_ingestion_yt_dag.format_to_parquet_task scheduled__2020-02-01T00:00:00+00:00 [running]> on host 153a4cabbd26
[2022-02-01 15:01:42,318] {logging_mixin.py:109} WARNING - /home/***/.local/lib/python3.7/site-packages/***/utils/context.py:152 AirflowContextDeprecationWarning: Accessing 'execution_date' from the template is deprecated and will be removed in a future version. Please use 'data_interval_start' or 'logical_date' instead.
[2022-02-01 15:01:42,367] {taskinstance.py:1426} INFO - Exporting the following env vars:
AIRFLOW_CTX_DAG_OWNER=***
AIRFLOW_CTX_DAG_ID=data_ingestion_yt_dag
AIRFLOW_CTX_TASK_ID=format_to_parquet_task
AIRFLOW_CTX_EXECUTION_DATE=2020-02-01T00:00:00+00:00
AIRFLOW_CTX_DAG_RUN_ID=scheduled__2020-02-01T00:00:00+00:00
[2022-02-01 15:01:47,457] {python.py:175} INFO - Done. Returned value was: None
[2022-02-01 15:01:47,469] {taskinstance.py:1277} INFO - Marking task as SUCCESS. dag_id=data_ingestion_yt_dag, task_id=format_to_parquet_task, execution_date=20200201T000000, start_date=20220201T150142, end_date=20220201T150147
[2022-02-01 15:01:48,161] {local_task_job.py:154} INFO - Task exited with return code 0
[2022-02-01 15:01:48,394] {local_task_job.py:264} INFO - 1 downstream tasks scheduled from follow-on schedule check
