[2022-01-31 16:30:40,506] {taskinstance.py:1032} INFO - Dependencies all met for <TaskInstance: data_ingestion_yt_dag.format_to_parquet_task scheduled__2019-04-01T00:00:00+00:00 [queued]>
[2022-01-31 16:30:40,520] {taskinstance.py:1032} INFO - Dependencies all met for <TaskInstance: data_ingestion_yt_dag.format_to_parquet_task scheduled__2019-04-01T00:00:00+00:00 [queued]>
[2022-01-31 16:30:40,521] {taskinstance.py:1238} INFO - 
--------------------------------------------------------------------------------
[2022-01-31 16:30:40,521] {taskinstance.py:1239} INFO - Starting attempt 1 of 1
[2022-01-31 16:30:40,522] {taskinstance.py:1240} INFO - 
--------------------------------------------------------------------------------
[2022-01-31 16:30:40,668] {taskinstance.py:1259} INFO - Executing <Task(PythonOperator): format_to_parquet_task> on 2019-04-01 00:00:00+00:00
[2022-01-31 16:30:40,673] {standard_task_runner.py:52} INFO - Started process 2191 to run task
[2022-01-31 16:30:40,678] {standard_task_runner.py:76} INFO - Running: ['***', 'tasks', 'run', 'data_ingestion_yt_dag', 'format_to_parquet_task', 'scheduled__2019-04-01T00:00:00+00:00', '--job-id', '45', '--raw', '--subdir', 'DAGS_FOLDER/data_ingestion_yt_dag.py', '--cfg-path', '/tmp/tmp6ssrzalg', '--error-file', '/tmp/tmpcaqg_o9b']
[2022-01-31 16:30:40,679] {standard_task_runner.py:77} INFO - Job 45: Subtask format_to_parquet_task
[2022-01-31 16:30:40,992] {logging_mixin.py:109} INFO - Running <TaskInstance: data_ingestion_yt_dag.format_to_parquet_task scheduled__2019-04-01T00:00:00+00:00 [running]> on host b65009af93ab
[2022-01-31 16:30:41,154] {warnings.py:110} WARNING - /home/***/.local/lib/python3.7/site-packages/***/utils/context.py:152: AirflowContextDeprecationWarning: Accessing 'execution_date' from the template is deprecated and will be removed in a future version. Please use 'data_interval_start' or 'logical_date' instead.
  warnings.warn(_create_deprecation_warning(key, self._deprecation_replacements[key]))

[2022-01-31 16:30:41,231] {taskinstance.py:1426} INFO - Exporting the following env vars:
AIRFLOW_CTX_DAG_OWNER=***
AIRFLOW_CTX_DAG_ID=data_ingestion_yt_dag
AIRFLOW_CTX_TASK_ID=format_to_parquet_task
AIRFLOW_CTX_EXECUTION_DATE=2019-04-01T00:00:00+00:00
AIRFLOW_CTX_DAG_RUN_ID=scheduled__2019-04-01T00:00:00+00:00
[2022-01-31 16:31:03,345] {python.py:175} INFO - Done. Returned value was: None
[2022-01-31 16:31:03,358] {taskinstance.py:1277} INFO - Marking task as SUCCESS. dag_id=data_ingestion_yt_dag, task_id=format_to_parquet_task, execution_date=20190401T000000, start_date=20220131T163040, end_date=20220131T163103
[2022-01-31 16:31:03,973] {local_task_job.py:154} INFO - Task exited with return code 0
[2022-01-31 16:31:04,257] {local_task_job.py:264} INFO - 1 downstream tasks scheduled from follow-on schedule check
