[2022-01-31 16:39:31,589] {taskinstance.py:1032} INFO - Dependencies all met for <TaskInstance: data_ingestion_yt_dag.download_data_task scheduled__2019-06-01T00:00:00+00:00 [queued]>
[2022-01-31 16:39:31,601] {taskinstance.py:1032} INFO - Dependencies all met for <TaskInstance: data_ingestion_yt_dag.download_data_task scheduled__2019-06-01T00:00:00+00:00 [queued]>
[2022-01-31 16:39:31,601] {taskinstance.py:1238} INFO - 
--------------------------------------------------------------------------------
[2022-01-31 16:39:31,602] {taskinstance.py:1239} INFO - Starting attempt 1 of 1
[2022-01-31 16:39:31,602] {taskinstance.py:1240} INFO - 
--------------------------------------------------------------------------------
[2022-01-31 16:39:31,670] {taskinstance.py:1259} INFO - Executing <Task(BashOperator): download_data_task> on 2019-06-01 00:00:00+00:00
[2022-01-31 16:39:31,677] {standard_task_runner.py:52} INFO - Started process 2573 to run task
[2022-01-31 16:39:31,681] {standard_task_runner.py:76} INFO - Running: ['***', 'tasks', 'run', 'data_ingestion_yt_dag', 'download_data_task', 'scheduled__2019-06-01T00:00:00+00:00', '--job-id', '50', '--raw', '--subdir', 'DAGS_FOLDER/data_ingestion_yt_dag.py', '--cfg-path', '/tmp/tmplktrn2rh', '--error-file', '/tmp/tmpc__3z2at']
[2022-01-31 16:39:31,682] {standard_task_runner.py:77} INFO - Job 50: Subtask download_data_task
[2022-01-31 16:39:31,779] {logging_mixin.py:109} INFO - Running <TaskInstance: data_ingestion_yt_dag.download_data_task scheduled__2019-06-01T00:00:00+00:00 [running]> on host b65009af93ab
[2022-01-31 16:39:31,853] {warnings.py:110} WARNING - /home/***/.local/lib/python3.7/site-packages/***/utils/context.py:152: AirflowContextDeprecationWarning: Accessing 'execution_date' from the template is deprecated and will be removed in a future version. Please use 'data_interval_start' or 'logical_date' instead.
  warnings.warn(_create_deprecation_warning(key, self._deprecation_replacements[key]))

[2022-01-31 16:39:32,012] {taskinstance.py:1426} INFO - Exporting the following env vars:
AIRFLOW_CTX_DAG_OWNER=***
AIRFLOW_CTX_DAG_ID=data_ingestion_yt_dag
AIRFLOW_CTX_TASK_ID=download_data_task
AIRFLOW_CTX_EXECUTION_DATE=2019-06-01T00:00:00+00:00
AIRFLOW_CTX_DAG_RUN_ID=scheduled__2019-06-01T00:00:00+00:00
[2022-01-31 16:39:32,013] {subprocess.py:62} INFO - Tmp dir root location: 
 /tmp
[2022-01-31 16:39:32,014] {subprocess.py:74} INFO - Running command: ['bash', '-c', 'curl -sSL https://s3.amazonaws.com/nyc-tlc/trip+data/yellow_tripdata_2019-06.csv > /opt/***/yellow_tripdata_2019-06.csv']
[2022-01-31 16:39:32,174] {subprocess.py:85} INFO - Output:
[2022-01-31 16:43:36,366] {subprocess.py:93} INFO - Command exited with return code 0
[2022-01-31 16:43:36,535] {taskinstance.py:1277} INFO - Marking task as SUCCESS. dag_id=data_ingestion_yt_dag, task_id=download_data_task, execution_date=20190601T000000, start_date=20220131T163931, end_date=20220131T164336
[2022-01-31 16:43:36,633] {local_task_job.py:154} INFO - Task exited with return code 0
[2022-01-31 16:43:36,834] {local_task_job.py:264} INFO - 1 downstream tasks scheduled from follow-on schedule check
