[2022-02-01 16:09:20,449] {taskinstance.py:1032} INFO - Dependencies all met for <TaskInstance: data_ingestion_yt_dag.format_to_parquet_task scheduled__2021-05-01T00:00:00+00:00 [queued]>
[2022-02-01 16:09:20,461] {taskinstance.py:1032} INFO - Dependencies all met for <TaskInstance: data_ingestion_yt_dag.format_to_parquet_task scheduled__2021-05-01T00:00:00+00:00 [queued]>
[2022-02-01 16:09:20,461] {taskinstance.py:1238} INFO - 
--------------------------------------------------------------------------------
[2022-02-01 16:09:20,462] {taskinstance.py:1239} INFO - Starting attempt 1 of 1
[2022-02-01 16:09:20,462] {taskinstance.py:1240} INFO - 
--------------------------------------------------------------------------------
[2022-02-01 16:09:20,622] {taskinstance.py:1259} INFO - Executing <Task(PythonOperator): format_to_parquet_task> on 2021-05-01 00:00:00+00:00
[2022-02-01 16:09:20,627] {standard_task_runner.py:52} INFO - Started process 32121 to run task
[2022-02-01 16:09:20,630] {standard_task_runner.py:76} INFO - Running: ['***', 'tasks', 'run', 'data_ingestion_yt_dag', 'format_to_parquet_task', 'scheduled__2021-05-01T00:00:00+00:00', '--job-id', '172', '--raw', '--subdir', 'DAGS_FOLDER/data_ingestion_yt_dag.py', '--cfg-path', '/tmp/tmp_xyrupfz', '--error-file', '/tmp/tmpwp3gifh8']
[2022-02-01 16:09:20,631] {standard_task_runner.py:77} INFO - Job 172: Subtask format_to_parquet_task
[2022-02-01 16:09:20,721] {logging_mixin.py:109} INFO - Running <TaskInstance: data_ingestion_yt_dag.format_to_parquet_task scheduled__2021-05-01T00:00:00+00:00 [running]> on host 153a4cabbd26
[2022-02-01 16:09:20,811] {logging_mixin.py:109} WARNING - /home/***/.local/lib/python3.7/site-packages/***/utils/context.py:152 AirflowContextDeprecationWarning: Accessing 'execution_date' from the template is deprecated and will be removed in a future version. Please use 'data_interval_start' or 'logical_date' instead.
[2022-02-01 16:09:20,962] {taskinstance.py:1426} INFO - Exporting the following env vars:
AIRFLOW_CTX_DAG_OWNER=***
AIRFLOW_CTX_DAG_ID=data_ingestion_yt_dag
AIRFLOW_CTX_TASK_ID=format_to_parquet_task
AIRFLOW_CTX_EXECUTION_DATE=2021-05-01T00:00:00+00:00
AIRFLOW_CTX_DAG_RUN_ID=scheduled__2021-05-01T00:00:00+00:00
[2022-02-01 16:09:32,851] {python.py:175} INFO - Done. Returned value was: None
[2022-02-01 16:09:32,872] {taskinstance.py:1277} INFO - Marking task as SUCCESS. dag_id=data_ingestion_yt_dag, task_id=format_to_parquet_task, execution_date=20210501T000000, start_date=20220201T160920, end_date=20220201T160932
[2022-02-01 16:09:32,978] {local_task_job.py:154} INFO - Task exited with return code 0
[2022-02-01 16:09:33,055] {local_task_job.py:264} INFO - 1 downstream tasks scheduled from follow-on schedule check
