[2022-01-30 22:09:37,552] {taskinstance.py:1032} INFO - Dependencies all met for <TaskInstance: data_ingestion_yt_dag.format_to_parquet_task scheduled__2021-12-01T00:00:00+00:00 [queued]>
[2022-01-30 22:09:37,563] {taskinstance.py:1032} INFO - Dependencies all met for <TaskInstance: data_ingestion_yt_dag.format_to_parquet_task scheduled__2021-12-01T00:00:00+00:00 [queued]>
[2022-01-30 22:09:37,563] {taskinstance.py:1238} INFO - 
--------------------------------------------------------------------------------
[2022-01-30 22:09:37,564] {taskinstance.py:1239} INFO - Starting attempt 1 of 1
[2022-01-30 22:09:37,564] {taskinstance.py:1240} INFO - 
--------------------------------------------------------------------------------
[2022-01-30 22:09:37,607] {taskinstance.py:1259} INFO - Executing <Task(PythonOperator): format_to_parquet_task> on 2021-12-01 00:00:00+00:00
[2022-01-30 22:09:37,611] {standard_task_runner.py:52} INFO - Started process 261 to run task
[2022-01-30 22:09:37,615] {standard_task_runner.py:76} INFO - Running: ['***', 'tasks', 'run', 'data_ingestion_yt_dag', 'format_to_parquet_task', 'scheduled__2021-12-01T00:00:00+00:00', '--job-id', '20', '--raw', '--subdir', 'DAGS_FOLDER/data_ingestion_yt_dag.py', '--cfg-path', '/tmp/tmp3ungmcew', '--error-file', '/tmp/tmporvy3we6']
[2022-01-30 22:09:37,616] {standard_task_runner.py:77} INFO - Job 20: Subtask format_to_parquet_task
[2022-01-30 22:09:37,703] {logging_mixin.py:109} INFO - Running <TaskInstance: data_ingestion_yt_dag.format_to_parquet_task scheduled__2021-12-01T00:00:00+00:00 [running]> on host c1161da7400a
[2022-01-30 22:09:37,805] {taskinstance.py:1426} INFO - Exporting the following env vars:
AIRFLOW_CTX_DAG_OWNER=***
AIRFLOW_CTX_DAG_ID=data_ingestion_yt_dag
AIRFLOW_CTX_TASK_ID=format_to_parquet_task
AIRFLOW_CTX_EXECUTION_DATE=2021-12-01T00:00:00+00:00
AIRFLOW_CTX_DAG_RUN_ID=scheduled__2021-12-01T00:00:00+00:00
[2022-01-30 22:09:37,806] {data_ingestion_yt_dag.py:24} ERROR - Can only accept source files in CSV format, for the moment
[2022-01-30 22:09:37,807] {python.py:175} INFO - Done. Returned value was: None
[2022-01-30 22:09:37,821] {taskinstance.py:1277} INFO - Marking task as SUCCESS. dag_id=data_ingestion_yt_dag, task_id=format_to_parquet_task, execution_date=20211201T000000, start_date=20220130T220937, end_date=20220130T220937
[2022-01-30 22:09:37,868] {local_task_job.py:154} INFO - Task exited with return code 0
[2022-01-30 22:09:37,919] {local_task_job.py:264} INFO - 1 downstream tasks scheduled from follow-on schedule check
