[2022-02-01 15:17:42,018] {taskinstance.py:1032} INFO - Dependencies all met for <TaskInstance: data_ingestion_yt_dag.format_to_parquet_task scheduled__2020-12-01T00:00:00+00:00 [queued]>
[2022-02-01 15:17:42,034] {taskinstance.py:1032} INFO - Dependencies all met for <TaskInstance: data_ingestion_yt_dag.format_to_parquet_task scheduled__2020-12-01T00:00:00+00:00 [queued]>
[2022-02-01 15:17:42,035] {taskinstance.py:1238} INFO - 
--------------------------------------------------------------------------------
[2022-02-01 15:17:42,035] {taskinstance.py:1239} INFO - Starting attempt 1 of 1
[2022-02-01 15:17:42,036] {taskinstance.py:1240} INFO - 
--------------------------------------------------------------------------------
[2022-02-01 15:17:42,103] {taskinstance.py:1259} INFO - Executing <Task(PythonOperator): format_to_parquet_task> on 2020-12-01 00:00:00+00:00
[2022-02-01 15:17:42,107] {standard_task_runner.py:52} INFO - Started process 25207 to run task
[2022-02-01 15:17:42,109] {standard_task_runner.py:76} INFO - Running: ['***', 'tasks', 'run', 'data_ingestion_yt_dag', 'format_to_parquet_task', 'scheduled__2020-12-01T00:00:00+00:00', '--job-id', '99', '--raw', '--subdir', 'DAGS_FOLDER/data_ingestion_yt_dag.py', '--cfg-path', '/tmp/tmp8h9hjs7h', '--error-file', '/tmp/tmptx1_gewe']
[2022-02-01 15:17:42,111] {standard_task_runner.py:77} INFO - Job 99: Subtask format_to_parquet_task
[2022-02-01 15:17:42,223] {logging_mixin.py:109} INFO - Running <TaskInstance: data_ingestion_yt_dag.format_to_parquet_task scheduled__2020-12-01T00:00:00+00:00 [running]> on host 153a4cabbd26
[2022-02-01 15:17:42,340] {logging_mixin.py:109} WARNING - /home/***/.local/lib/python3.7/site-packages/***/utils/context.py:152 AirflowContextDeprecationWarning: Accessing 'execution_date' from the template is deprecated and will be removed in a future version. Please use 'data_interval_start' or 'logical_date' instead.
[2022-02-01 15:17:42,416] {taskinstance.py:1426} INFO - Exporting the following env vars:
AIRFLOW_CTX_DAG_OWNER=***
AIRFLOW_CTX_DAG_ID=data_ingestion_yt_dag
AIRFLOW_CTX_TASK_ID=format_to_parquet_task
AIRFLOW_CTX_EXECUTION_DATE=2020-12-01T00:00:00+00:00
AIRFLOW_CTX_DAG_RUN_ID=scheduled__2020-12-01T00:00:00+00:00
[2022-02-01 15:17:43,532] {python.py:175} INFO - Done. Returned value was: None
[2022-02-01 15:17:43,544] {taskinstance.py:1277} INFO - Marking task as SUCCESS. dag_id=data_ingestion_yt_dag, task_id=format_to_parquet_task, execution_date=20201201T000000, start_date=20220201T151742, end_date=20220201T151743
[2022-02-01 15:17:43,692] {local_task_job.py:154} INFO - Task exited with return code 0
[2022-02-01 15:17:43,828] {local_task_job.py:264} INFO - 1 downstream tasks scheduled from follow-on schedule check
