[2022-02-01 15:31:29,690] {taskinstance.py:1032} INFO - Dependencies all met for <TaskInstance: data_ingestion_fhv_dag.format_to_parquet_task scheduled__2020-03-01T00:00:00+00:00 [queued]>
[2022-02-01 15:31:29,705] {taskinstance.py:1032} INFO - Dependencies all met for <TaskInstance: data_ingestion_fhv_dag.format_to_parquet_task scheduled__2020-03-01T00:00:00+00:00 [queued]>
[2022-02-01 15:31:29,706] {taskinstance.py:1238} INFO - 
--------------------------------------------------------------------------------
[2022-02-01 15:31:29,706] {taskinstance.py:1239} INFO - Starting attempt 1 of 1
[2022-02-01 15:31:29,707] {taskinstance.py:1240} INFO - 
--------------------------------------------------------------------------------
[2022-02-01 15:31:29,835] {taskinstance.py:1259} INFO - Executing <Task(PythonOperator): format_to_parquet_task> on 2020-03-01 00:00:00+00:00
[2022-02-01 15:31:29,853] {standard_task_runner.py:52} INFO - Started process 26920 to run task
[2022-02-01 15:31:29,867] {standard_task_runner.py:76} INFO - Running: ['***', 'tasks', 'run', 'data_ingestion_fhv_dag', 'format_to_parquet_task', 'scheduled__2020-03-01T00:00:00+00:00', '--job-id', '104', '--raw', '--subdir', 'DAGS_FOLDER/data_ingestion_fhv_dag.py', '--cfg-path', '/tmp/tmp9_f2urrx', '--error-file', '/tmp/tmpchdr4crk']
[2022-02-01 15:31:29,869] {standard_task_runner.py:77} INFO - Job 104: Subtask format_to_parquet_task
[2022-02-01 15:31:29,991] {logging_mixin.py:109} INFO - Running <TaskInstance: data_ingestion_fhv_dag.format_to_parquet_task scheduled__2020-03-01T00:00:00+00:00 [running]> on host 153a4cabbd26
[2022-02-01 15:31:30,136] {logging_mixin.py:109} WARNING - /home/***/.local/lib/python3.7/site-packages/***/utils/context.py:152 AirflowContextDeprecationWarning: Accessing 'execution_date' from the template is deprecated and will be removed in a future version. Please use 'data_interval_start' or 'logical_date' instead.
[2022-02-01 15:31:30,204] {taskinstance.py:1426} INFO - Exporting the following env vars:
AIRFLOW_CTX_DAG_OWNER=***
AIRFLOW_CTX_DAG_ID=data_ingestion_fhv_dag
AIRFLOW_CTX_TASK_ID=format_to_parquet_task
AIRFLOW_CTX_EXECUTION_DATE=2020-03-01T00:00:00+00:00
AIRFLOW_CTX_DAG_RUN_ID=scheduled__2020-03-01T00:00:00+00:00
[2022-02-01 15:31:30,991] {python.py:175} INFO - Done. Returned value was: None
[2022-02-01 15:31:31,012] {taskinstance.py:1277} INFO - Marking task as SUCCESS. dag_id=data_ingestion_fhv_dag, task_id=format_to_parquet_task, execution_date=20200301T000000, start_date=20220201T153129, end_date=20220201T153131
[2022-02-01 15:31:31,124] {local_task_job.py:154} INFO - Task exited with return code 0
[2022-02-01 15:31:31,207] {local_task_job.py:264} INFO - 1 downstream tasks scheduled from follow-on schedule check
