[2022-01-30 22:18:13,640] {taskinstance.py:1032} INFO - Dependencies all met for <TaskInstance: data_ingestion_yt_dag.download_data_task scheduled__2019-01-01T00:00:00+00:00 [queued]>
[2022-01-30 22:18:13,653] {taskinstance.py:1032} INFO - Dependencies all met for <TaskInstance: data_ingestion_yt_dag.download_data_task scheduled__2019-01-01T00:00:00+00:00 [queued]>
[2022-01-30 22:18:13,653] {taskinstance.py:1238} INFO - 
--------------------------------------------------------------------------------
[2022-01-30 22:18:13,653] {taskinstance.py:1239} INFO - Starting attempt 1 of 1
[2022-01-30 22:18:13,654] {taskinstance.py:1240} INFO - 
--------------------------------------------------------------------------------
[2022-01-30 22:18:13,694] {taskinstance.py:1259} INFO - Executing <Task(BashOperator): download_data_task> on 2019-01-01 00:00:00+00:00
[2022-01-30 22:18:13,699] {standard_task_runner.py:52} INFO - Started process 642 to run task
[2022-01-30 22:18:13,702] {standard_task_runner.py:76} INFO - Running: ['***', 'tasks', 'run', 'data_ingestion_yt_dag', 'download_data_task', 'scheduled__2019-01-01T00:00:00+00:00', '--job-id', '26', '--raw', '--subdir', 'DAGS_FOLDER/data_ingestion_yt_dag.py', '--cfg-path', '/tmp/tmpdhkqnqb5', '--error-file', '/tmp/tmp1qqr7erh']
[2022-01-30 22:18:13,703] {standard_task_runner.py:77} INFO - Job 26: Subtask download_data_task
[2022-01-30 22:18:13,774] {logging_mixin.py:109} INFO - Running <TaskInstance: data_ingestion_yt_dag.download_data_task scheduled__2019-01-01T00:00:00+00:00 [running]> on host c1161da7400a
[2022-01-30 22:18:13,841] {warnings.py:110} WARNING - /home/***/.local/lib/python3.7/site-packages/***/utils/context.py:152: AirflowContextDeprecationWarning: Accessing 'execution_date' from the template is deprecated and will be removed in a future version. Please use 'data_interval_start' or 'logical_date' instead.
  warnings.warn(_create_deprecation_warning(key, self._deprecation_replacements[key]))

[2022-01-30 22:18:13,896] {taskinstance.py:1426} INFO - Exporting the following env vars:
AIRFLOW_CTX_DAG_OWNER=***
AIRFLOW_CTX_DAG_ID=data_ingestion_yt_dag
AIRFLOW_CTX_TASK_ID=download_data_task
AIRFLOW_CTX_EXECUTION_DATE=2019-01-01T00:00:00+00:00
AIRFLOW_CTX_DAG_RUN_ID=scheduled__2019-01-01T00:00:00+00:00
[2022-01-30 22:18:13,897] {subprocess.py:62} INFO - Tmp dir root location: 
 /tmp
[2022-01-30 22:18:13,898] {subprocess.py:74} INFO - Running command: ['bash', '-c', 'curl -sSL https://s3.amazonaws.com/nyc-tlc/trip+data/yellow_tripdata_2019-01.csv > /opt/***/yellow_tripdata_2019-01.csv']
[2022-01-30 22:18:13,907] {subprocess.py:85} INFO - Output:
[2022-01-30 22:35:36,363] {subprocess.py:93} INFO - Command exited with return code 0
[2022-01-30 22:35:37,376] {taskinstance.py:1277} INFO - Marking task as SUCCESS. dag_id=data_ingestion_yt_dag, task_id=download_data_task, execution_date=20190101T000000, start_date=20220130T221813, end_date=20220130T223537
[2022-01-30 22:35:37,544] {local_task_job.py:154} INFO - Task exited with return code 0
[2022-01-30 22:35:37,715] {local_task_job.py:264} INFO - 1 downstream tasks scheduled from follow-on schedule check
[2022-01-31 01:43:21,140] {taskinstance.py:1032} INFO - Dependencies all met for <TaskInstance: data_ingestion_yt_dag.download_data_task scheduled__2019-01-01T00:00:00+00:00 [queued]>
[2022-01-31 01:43:21,153] {taskinstance.py:1032} INFO - Dependencies all met for <TaskInstance: data_ingestion_yt_dag.download_data_task scheduled__2019-01-01T00:00:00+00:00 [queued]>
[2022-01-31 01:43:21,154] {taskinstance.py:1238} INFO - 
--------------------------------------------------------------------------------
[2022-01-31 01:43:21,154] {taskinstance.py:1239} INFO - Starting attempt 1 of 1
[2022-01-31 01:43:21,155] {taskinstance.py:1240} INFO - 
--------------------------------------------------------------------------------
[2022-01-31 01:43:21,199] {taskinstance.py:1259} INFO - Executing <Task(BashOperator): download_data_task> on 2019-01-01 00:00:00+00:00
[2022-01-31 01:43:21,205] {standard_task_runner.py:52} INFO - Started process 349 to run task
[2022-01-31 01:43:21,210] {standard_task_runner.py:76} INFO - Running: ['***', 'tasks', 'run', 'data_ingestion_yt_dag', 'download_data_task', 'scheduled__2019-01-01T00:00:00+00:00', '--job-id', '32', '--raw', '--subdir', 'DAGS_FOLDER/data_ingestion_yt_dag.py', '--cfg-path', '/tmp/tmpl8305o78', '--error-file', '/tmp/tmp6ertw6rt']
[2022-01-31 01:43:21,211] {standard_task_runner.py:77} INFO - Job 32: Subtask download_data_task
[2022-01-31 01:43:21,351] {logging_mixin.py:109} INFO - Running <TaskInstance: data_ingestion_yt_dag.download_data_task scheduled__2019-01-01T00:00:00+00:00 [running]> on host ba9b87dbe2ba
[2022-01-31 01:43:21,467] {warnings.py:110} WARNING - /home/***/.local/lib/python3.7/site-packages/***/utils/context.py:152: AirflowContextDeprecationWarning: Accessing 'execution_date' from the template is deprecated and will be removed in a future version. Please use 'data_interval_start' or 'logical_date' instead.
  warnings.warn(_create_deprecation_warning(key, self._deprecation_replacements[key]))

[2022-01-31 01:43:21,567] {taskinstance.py:1426} INFO - Exporting the following env vars:
AIRFLOW_CTX_DAG_OWNER=***
AIRFLOW_CTX_DAG_ID=data_ingestion_yt_dag
AIRFLOW_CTX_TASK_ID=download_data_task
AIRFLOW_CTX_EXECUTION_DATE=2019-01-01T00:00:00+00:00
AIRFLOW_CTX_DAG_RUN_ID=scheduled__2019-01-01T00:00:00+00:00
[2022-01-31 01:43:21,569] {subprocess.py:62} INFO - Tmp dir root location: 
 /tmp
[2022-01-31 01:43:21,570] {subprocess.py:74} INFO - Running command: ['bash', '-c', 'curl -sSL https://s3.amazonaws.com/nyc-tlc/trip+data/yellow_tripdata_2019-01.csv > /opt/***/yellow_tripdata_2019-01.csv']
[2022-01-31 01:43:21,582] {subprocess.py:85} INFO - Output:
[2022-01-31 02:10:19,368] {subprocess.py:93} INFO - Command exited with return code 0
[2022-01-31 02:10:19,534] {taskinstance.py:1277} INFO - Marking task as SUCCESS. dag_id=data_ingestion_yt_dag, task_id=download_data_task, execution_date=20190101T000000, start_date=20220131T014321, end_date=20220131T021019
[2022-01-31 02:10:19,685] {local_task_job.py:154} INFO - Task exited with return code 0
[2022-01-31 02:10:19,800] {local_task_job.py:264} INFO - 1 downstream tasks scheduled from follow-on schedule check
