[2022-01-30 22:09:45,772] {taskinstance.py:1032} INFO - Dependencies all met for <TaskInstance: data_ingestion_yt_dag.format_to_parquet_task manual__2022-01-30T22:09:30.764354+00:00 [queued]>
[2022-01-30 22:09:45,786] {taskinstance.py:1032} INFO - Dependencies all met for <TaskInstance: data_ingestion_yt_dag.format_to_parquet_task manual__2022-01-30T22:09:30.764354+00:00 [queued]>
[2022-01-30 22:09:45,786] {taskinstance.py:1238} INFO - 
--------------------------------------------------------------------------------
[2022-01-30 22:09:45,787] {taskinstance.py:1239} INFO - Starting attempt 1 of 1
[2022-01-30 22:09:45,787] {taskinstance.py:1240} INFO - 
--------------------------------------------------------------------------------
[2022-01-30 22:09:45,852] {taskinstance.py:1259} INFO - Executing <Task(PythonOperator): format_to_parquet_task> on 2022-01-30 22:09:30.764354+00:00
[2022-01-30 22:09:45,856] {standard_task_runner.py:52} INFO - Started process 280 to run task
[2022-01-30 22:09:45,859] {standard_task_runner.py:76} INFO - Running: ['***', 'tasks', 'run', 'data_ingestion_yt_dag', 'format_to_parquet_task', 'manual__2022-01-30T22:09:30.764354+00:00', '--job-id', '23', '--raw', '--subdir', 'DAGS_FOLDER/data_ingestion_yt_dag.py', '--cfg-path', '/tmp/tmphyukbz5e', '--error-file', '/tmp/tmp8hkbehcb']
[2022-01-30 22:09:45,861] {standard_task_runner.py:77} INFO - Job 23: Subtask format_to_parquet_task
[2022-01-30 22:09:45,942] {logging_mixin.py:109} INFO - Running <TaskInstance: data_ingestion_yt_dag.format_to_parquet_task manual__2022-01-30T22:09:30.764354+00:00 [running]> on host c1161da7400a
[2022-01-30 22:09:46,074] {taskinstance.py:1426} INFO - Exporting the following env vars:
AIRFLOW_CTX_DAG_OWNER=***
AIRFLOW_CTX_DAG_ID=data_ingestion_yt_dag
AIRFLOW_CTX_TASK_ID=format_to_parquet_task
AIRFLOW_CTX_EXECUTION_DATE=2022-01-30T22:09:30.764354+00:00
AIRFLOW_CTX_DAG_RUN_ID=manual__2022-01-30T22:09:30.764354+00:00
[2022-01-30 22:09:46,075] {data_ingestion_yt_dag.py:24} ERROR - Can only accept source files in CSV format, for the moment
[2022-01-30 22:09:46,075] {python.py:175} INFO - Done. Returned value was: None
[2022-01-30 22:09:46,088] {taskinstance.py:1277} INFO - Marking task as SUCCESS. dag_id=data_ingestion_yt_dag, task_id=format_to_parquet_task, execution_date=20220130T220930, start_date=20220130T220945, end_date=20220130T220946
[2022-01-30 22:09:46,153] {local_task_job.py:154} INFO - Task exited with return code 0
[2022-01-30 22:09:46,232] {local_task_job.py:264} INFO - 1 downstream tasks scheduled from follow-on schedule check
