[2022-02-01 15:43:50,441] {taskinstance.py:1032} INFO - Dependencies all met for <TaskInstance: data_ingestion_zones-dag.local_to_gcs_task scheduled__2022-02-01T00:00:00+00:00 [queued]>
[2022-02-01 15:43:50,452] {taskinstance.py:1032} INFO - Dependencies all met for <TaskInstance: data_ingestion_zones-dag.local_to_gcs_task scheduled__2022-02-01T00:00:00+00:00 [queued]>
[2022-02-01 15:43:50,452] {taskinstance.py:1238} INFO - 
--------------------------------------------------------------------------------
[2022-02-01 15:43:50,453] {taskinstance.py:1239} INFO - Starting attempt 1 of 2
[2022-02-01 15:43:50,453] {taskinstance.py:1240} INFO - 
--------------------------------------------------------------------------------
[2022-02-01 15:43:50,492] {taskinstance.py:1259} INFO - Executing <Task(PythonOperator): local_to_gcs_task> on 2022-02-01 00:00:00+00:00
[2022-02-01 15:43:50,496] {standard_task_runner.py:52} INFO - Started process 29036 to run task
[2022-02-01 15:43:50,499] {standard_task_runner.py:76} INFO - Running: ['***', 'tasks', 'run', 'data_ingestion_zones-dag', 'local_to_gcs_task', 'scheduled__2022-02-01T00:00:00+00:00', '--job-id', '138', '--raw', '--subdir', 'DAGS_FOLDER/data_ingestion_zones_dag.py', '--cfg-path', '/tmp/tmp4oqhmjgf', '--error-file', '/tmp/tmpnibbnbd1']
[2022-02-01 15:43:50,500] {standard_task_runner.py:77} INFO - Job 138: Subtask local_to_gcs_task
[2022-02-01 15:43:50,575] {logging_mixin.py:109} INFO - Running <TaskInstance: data_ingestion_zones-dag.local_to_gcs_task scheduled__2022-02-01T00:00:00+00:00 [running]> on host 153a4cabbd26
[2022-02-01 15:43:50,677] {taskinstance.py:1426} INFO - Exporting the following env vars:
AIRFLOW_CTX_DAG_OWNER=***
AIRFLOW_CTX_DAG_ID=data_ingestion_zones-dag
AIRFLOW_CTX_TASK_ID=local_to_gcs_task
AIRFLOW_CTX_EXECUTION_DATE=2022-02-01T00:00:00+00:00
AIRFLOW_CTX_DAG_RUN_ID=scheduled__2022-02-01T00:00:00+00:00
[2022-02-01 15:43:51,609] {python.py:175} INFO - Done. Returned value was: None
[2022-02-01 15:43:51,627] {taskinstance.py:1277} INFO - Marking task as SUCCESS. dag_id=data_ingestion_zones-dag, task_id=local_to_gcs_task, execution_date=20220201T000000, start_date=20220201T154350, end_date=20220201T154351
[2022-02-01 15:43:51,757] {local_task_job.py:154} INFO - Task exited with return code 0
[2022-02-01 15:43:51,915] {local_task_job.py:264} INFO - 0 downstream tasks scheduled from follow-on schedule check
