[2022-02-01 13:04:23,142] {taskinstance.py:1032} INFO - Dependencies all met for <TaskInstance: data_ingestion_fhv_dag.local_to_gcs_task scheduled__2019-02-01T00:00:00+00:00 [queued]>
[2022-02-01 13:04:23,153] {taskinstance.py:1032} INFO - Dependencies all met for <TaskInstance: data_ingestion_fhv_dag.local_to_gcs_task scheduled__2019-02-01T00:00:00+00:00 [queued]>
[2022-02-01 13:04:23,154] {taskinstance.py:1238} INFO - 
--------------------------------------------------------------------------------
[2022-02-01 13:04:23,154] {taskinstance.py:1239} INFO - Starting attempt 1 of 1
[2022-02-01 13:04:23,155] {taskinstance.py:1240} INFO - 
--------------------------------------------------------------------------------
[2022-02-01 13:04:23,191] {taskinstance.py:1259} INFO - Executing <Task(PythonOperator): local_to_gcs_task> on 2019-02-01 00:00:00+00:00
[2022-02-01 13:04:23,196] {standard_task_runner.py:52} INFO - Started process 8353 to run task
[2022-02-01 13:04:23,199] {standard_task_runner.py:76} INFO - Running: ['***', 'tasks', 'run', 'data_ingestion_fhv_dag', 'local_to_gcs_task', 'scheduled__2019-02-01T00:00:00+00:00', '--job-id', '14', '--raw', '--subdir', 'DAGS_FOLDER/data_ingestion_fhv_dag.py', '--cfg-path', '/tmp/tmpckapreqp', '--error-file', '/tmp/tmpa46u4x_8']
[2022-02-01 13:04:23,200] {standard_task_runner.py:77} INFO - Job 14: Subtask local_to_gcs_task
[2022-02-01 13:04:23,270] {logging_mixin.py:109} INFO - Running <TaskInstance: data_ingestion_fhv_dag.local_to_gcs_task scheduled__2019-02-01T00:00:00+00:00 [running]> on host 153a4cabbd26
[2022-02-01 13:04:23,398] {logging_mixin.py:109} WARNING - /home/***/.local/lib/python3.7/site-packages/***/utils/context.py:152 AirflowContextDeprecationWarning: Accessing 'execution_date' from the template is deprecated and will be removed in a future version. Please use 'data_interval_start' or 'logical_date' instead.
[2022-02-01 13:04:23,609] {taskinstance.py:1426} INFO - Exporting the following env vars:
AIRFLOW_CTX_DAG_OWNER=***
AIRFLOW_CTX_DAG_ID=data_ingestion_fhv_dag
AIRFLOW_CTX_TASK_ID=local_to_gcs_task
AIRFLOW_CTX_EXECUTION_DATE=2019-02-01T00:00:00+00:00
AIRFLOW_CTX_DAG_RUN_ID=scheduled__2019-02-01T00:00:00+00:00
[2022-02-01 13:04:27,695] {python.py:175} INFO - Done. Returned value was: None
[2022-02-01 13:04:27,726] {taskinstance.py:1277} INFO - Marking task as SUCCESS. dag_id=data_ingestion_fhv_dag, task_id=local_to_gcs_task, execution_date=20190201T000000, start_date=20220201T130423, end_date=20220201T130427
[2022-02-01 13:04:27,834] {local_task_job.py:154} INFO - Task exited with return code 0
[2022-02-01 13:04:27,974] {local_task_job.py:264} INFO - 1 downstream tasks scheduled from follow-on schedule check
