[2022-02-01 15:38:31,999] {taskinstance.py:1032} INFO - Dependencies all met for <TaskInstance: data_ingestion_fhv_dag.local_to_gcs_task scheduled__2020-10-01T00:00:00+00:00 [queued]>
[2022-02-01 15:38:32,016] {taskinstance.py:1032} INFO - Dependencies all met for <TaskInstance: data_ingestion_fhv_dag.local_to_gcs_task scheduled__2020-10-01T00:00:00+00:00 [queued]>
[2022-02-01 15:38:32,016] {taskinstance.py:1238} INFO - 
--------------------------------------------------------------------------------
[2022-02-01 15:38:32,017] {taskinstance.py:1239} INFO - Starting attempt 1 of 1
[2022-02-01 15:38:32,018] {taskinstance.py:1240} INFO - 
--------------------------------------------------------------------------------
[2022-02-01 15:38:33,178] {taskinstance.py:1259} INFO - Executing <Task(PythonOperator): local_to_gcs_task> on 2020-10-01 00:00:00+00:00
[2022-02-01 15:38:33,182] {standard_task_runner.py:52} INFO - Started process 28202 to run task
[2022-02-01 15:38:33,186] {standard_task_runner.py:76} INFO - Running: ['***', 'tasks', 'run', 'data_ingestion_fhv_dag', 'local_to_gcs_task', 'scheduled__2020-10-01T00:00:00+00:00', '--job-id', '133', '--raw', '--subdir', 'DAGS_FOLDER/data_ingestion_fhv_dag.py', '--cfg-path', '/tmp/tmp7hxc88eu', '--error-file', '/tmp/tmppuvp967h']
[2022-02-01 15:38:33,187] {standard_task_runner.py:77} INFO - Job 133: Subtask local_to_gcs_task
[2022-02-01 15:38:33,533] {logging_mixin.py:109} INFO - Running <TaskInstance: data_ingestion_fhv_dag.local_to_gcs_task scheduled__2020-10-01T00:00:00+00:00 [running]> on host 153a4cabbd26
[2022-02-01 15:38:34,009] {logging_mixin.py:109} WARNING - /home/***/.local/lib/python3.7/site-packages/***/utils/context.py:152 AirflowContextDeprecationWarning: Accessing 'execution_date' from the template is deprecated and will be removed in a future version. Please use 'data_interval_start' or 'logical_date' instead.
[2022-02-01 15:38:34,105] {taskinstance.py:1426} INFO - Exporting the following env vars:
AIRFLOW_CTX_DAG_OWNER=***
AIRFLOW_CTX_DAG_ID=data_ingestion_fhv_dag
AIRFLOW_CTX_TASK_ID=local_to_gcs_task
AIRFLOW_CTX_EXECUTION_DATE=2020-10-01T00:00:00+00:00
AIRFLOW_CTX_DAG_RUN_ID=scheduled__2020-10-01T00:00:00+00:00
[2022-02-01 15:38:38,444] {python.py:175} INFO - Done. Returned value was: None
[2022-02-01 15:38:38,465] {taskinstance.py:1277} INFO - Marking task as SUCCESS. dag_id=data_ingestion_fhv_dag, task_id=local_to_gcs_task, execution_date=20201001T000000, start_date=20220201T153832, end_date=20220201T153838
[2022-02-01 15:38:38,590] {local_task_job.py:154} INFO - Task exited with return code 0
[2022-02-01 15:38:38,737] {local_task_job.py:264} INFO - 0 downstream tasks scheduled from follow-on schedule check
