[2022-02-01 15:00:17,883] {taskinstance.py:1032} INFO - Dependencies all met for <TaskInstance: data_ingestion_yt_dag.local_to_gcs_task scheduled__2020-06-01T00:00:00+00:00 [queued]>
[2022-02-01 15:00:17,915] {taskinstance.py:1032} INFO - Dependencies all met for <TaskInstance: data_ingestion_yt_dag.local_to_gcs_task scheduled__2020-06-01T00:00:00+00:00 [queued]>
[2022-02-01 15:00:17,915] {taskinstance.py:1238} INFO - 
--------------------------------------------------------------------------------
[2022-02-01 15:00:17,916] {taskinstance.py:1239} INFO - Starting attempt 1 of 1
[2022-02-01 15:00:17,917] {taskinstance.py:1240} INFO - 
--------------------------------------------------------------------------------
[2022-02-01 15:00:17,969] {taskinstance.py:1259} INFO - Executing <Task(PythonOperator): local_to_gcs_task> on 2020-06-01 00:00:00+00:00
[2022-02-01 15:00:17,973] {standard_task_runner.py:52} INFO - Started process 22895 to run task
[2022-02-01 15:00:17,978] {standard_task_runner.py:76} INFO - Running: ['***', 'tasks', 'run', 'data_ingestion_yt_dag', 'local_to_gcs_task', 'scheduled__2020-06-01T00:00:00+00:00', '--job-id', '76', '--raw', '--subdir', 'DAGS_FOLDER/data_ingestion_yt_dag.py', '--cfg-path', '/tmp/tmph2xlk9lt', '--error-file', '/tmp/tmp0obbc8ux']
[2022-02-01 15:00:17,979] {standard_task_runner.py:77} INFO - Job 76: Subtask local_to_gcs_task
[2022-02-01 15:00:18,098] {logging_mixin.py:109} INFO - Running <TaskInstance: data_ingestion_yt_dag.local_to_gcs_task scheduled__2020-06-01T00:00:00+00:00 [running]> on host 153a4cabbd26
[2022-02-01 15:00:18,243] {logging_mixin.py:109} WARNING - /home/***/.local/lib/python3.7/site-packages/***/utils/context.py:152 AirflowContextDeprecationWarning: Accessing 'execution_date' from the template is deprecated and will be removed in a future version. Please use 'data_interval_start' or 'logical_date' instead.
[2022-02-01 15:00:18,548] {taskinstance.py:1426} INFO - Exporting the following env vars:
AIRFLOW_CTX_DAG_OWNER=***
AIRFLOW_CTX_DAG_ID=data_ingestion_yt_dag
AIRFLOW_CTX_TASK_ID=local_to_gcs_task
AIRFLOW_CTX_EXECUTION_DATE=2020-06-01T00:00:00+00:00
AIRFLOW_CTX_DAG_RUN_ID=scheduled__2020-06-01T00:00:00+00:00
[2022-02-01 15:00:22,037] {python.py:175} INFO - Done. Returned value was: None
[2022-02-01 15:00:22,051] {taskinstance.py:1277} INFO - Marking task as SUCCESS. dag_id=data_ingestion_yt_dag, task_id=local_to_gcs_task, execution_date=20200601T000000, start_date=20220201T150017, end_date=20220201T150022
[2022-02-01 15:00:22,130] {local_task_job.py:154} INFO - Task exited with return code 0
[2022-02-01 15:00:22,325] {local_task_job.py:264} INFO - 0 downstream tasks scheduled from follow-on schedule check
