[2022-01-31 16:31:13,658] {taskinstance.py:1032} INFO - Dependencies all met for <TaskInstance: data_ingestion_yt_dag.local_to_gcs_task scheduled__2019-04-01T00:00:00+00:00 [queued]>
[2022-01-31 16:31:13,672] {taskinstance.py:1032} INFO - Dependencies all met for <TaskInstance: data_ingestion_yt_dag.local_to_gcs_task scheduled__2019-04-01T00:00:00+00:00 [queued]>
[2022-01-31 16:31:13,673] {taskinstance.py:1238} INFO - 
--------------------------------------------------------------------------------
[2022-01-31 16:31:13,673] {taskinstance.py:1239} INFO - Starting attempt 1 of 1
[2022-01-31 16:31:13,674] {taskinstance.py:1240} INFO - 
--------------------------------------------------------------------------------
[2022-01-31 16:31:13,858] {taskinstance.py:1259} INFO - Executing <Task(PythonOperator): local_to_gcs_task> on 2019-04-01 00:00:00+00:00
[2022-01-31 16:31:13,865] {standard_task_runner.py:52} INFO - Started process 2223 to run task
[2022-01-31 16:31:13,872] {standard_task_runner.py:76} INFO - Running: ['***', 'tasks', 'run', 'data_ingestion_yt_dag', 'local_to_gcs_task', 'scheduled__2019-04-01T00:00:00+00:00', '--job-id', '46', '--raw', '--subdir', 'DAGS_FOLDER/data_ingestion_yt_dag.py', '--cfg-path', '/tmp/tmpto3wunjb', '--error-file', '/tmp/tmpzbysbdo0']
[2022-01-31 16:31:13,875] {standard_task_runner.py:77} INFO - Job 46: Subtask local_to_gcs_task
[2022-01-31 16:31:14,014] {logging_mixin.py:109} INFO - Running <TaskInstance: data_ingestion_yt_dag.local_to_gcs_task scheduled__2019-04-01T00:00:00+00:00 [running]> on host b65009af93ab
[2022-01-31 16:31:14,227] {warnings.py:110} WARNING - /home/***/.local/lib/python3.7/site-packages/***/utils/context.py:152: AirflowContextDeprecationWarning: Accessing 'execution_date' from the template is deprecated and will be removed in a future version. Please use 'data_interval_start' or 'logical_date' instead.
  warnings.warn(_create_deprecation_warning(key, self._deprecation_replacements[key]))

[2022-01-31 16:31:14,392] {taskinstance.py:1426} INFO - Exporting the following env vars:
AIRFLOW_CTX_DAG_OWNER=***
AIRFLOW_CTX_DAG_ID=data_ingestion_yt_dag
AIRFLOW_CTX_TASK_ID=local_to_gcs_task
AIRFLOW_CTX_EXECUTION_DATE=2019-04-01T00:00:00+00:00
AIRFLOW_CTX_DAG_RUN_ID=scheduled__2019-04-01T00:00:00+00:00
[2022-01-31 16:31:34,080] {python.py:175} INFO - Done. Returned value was: None
[2022-01-31 16:31:34,229] {taskinstance.py:1277} INFO - Marking task as SUCCESS. dag_id=data_ingestion_yt_dag, task_id=local_to_gcs_task, execution_date=20190401T000000, start_date=20220131T163113, end_date=20220131T163134
[2022-01-31 16:31:34,440] {local_task_job.py:154} INFO - Task exited with return code 0
[2022-01-31 16:31:34,636] {local_task_job.py:264} INFO - 0 downstream tasks scheduled from follow-on schedule check
