[2022-02-01 15:45:53,384] {taskinstance.py:1032} INFO - Dependencies all met for <TaskInstance: data_ingestion_fhv_dag.download_data_task scheduled__2021-01-01T00:00:00+00:00 [queued]>
[2022-02-01 15:45:53,406] {taskinstance.py:1032} INFO - Dependencies all met for <TaskInstance: data_ingestion_fhv_dag.download_data_task scheduled__2021-01-01T00:00:00+00:00 [queued]>
[2022-02-01 15:45:53,407] {taskinstance.py:1238} INFO - 
--------------------------------------------------------------------------------
[2022-02-01 15:45:53,408] {taskinstance.py:1239} INFO - Starting attempt 1 of 1
[2022-02-01 15:45:53,408] {taskinstance.py:1240} INFO - 
--------------------------------------------------------------------------------
[2022-02-01 15:45:53,507] {taskinstance.py:1259} INFO - Executing <Task(BashOperator): download_data_task> on 2021-01-01 00:00:00+00:00
[2022-02-01 15:45:53,512] {standard_task_runner.py:52} INFO - Started process 29360 to run task
[2022-02-01 15:45:53,523] {standard_task_runner.py:76} INFO - Running: ['***', 'tasks', 'run', 'data_ingestion_fhv_dag', 'download_data_task', 'scheduled__2021-01-01T00:00:00+00:00', '--job-id', '139', '--raw', '--subdir', 'DAGS_FOLDER/data_ingestion_fhv_dag.py', '--cfg-path', '/tmp/tmpa32wfav4', '--error-file', '/tmp/tmpbjyd6560']
[2022-02-01 15:45:53,526] {standard_task_runner.py:77} INFO - Job 139: Subtask download_data_task
[2022-02-01 15:45:53,714] {logging_mixin.py:109} INFO - Running <TaskInstance: data_ingestion_fhv_dag.download_data_task scheduled__2021-01-01T00:00:00+00:00 [running]> on host 153a4cabbd26
[2022-02-01 15:45:53,945] {logging_mixin.py:109} WARNING - /home/***/.local/lib/python3.7/site-packages/***/utils/context.py:152 AirflowContextDeprecationWarning: Accessing 'execution_date' from the template is deprecated and will be removed in a future version. Please use 'data_interval_start' or 'logical_date' instead.
[2022-02-01 15:45:54,086] {taskinstance.py:1426} INFO - Exporting the following env vars:
AIRFLOW_CTX_DAG_OWNER=***
AIRFLOW_CTX_DAG_ID=data_ingestion_fhv_dag
AIRFLOW_CTX_TASK_ID=download_data_task
AIRFLOW_CTX_EXECUTION_DATE=2021-01-01T00:00:00+00:00
AIRFLOW_CTX_DAG_RUN_ID=scheduled__2021-01-01T00:00:00+00:00
[2022-02-01 15:45:54,088] {subprocess.py:62} INFO - Tmp dir root location: 
 /tmp
[2022-02-01 15:45:54,092] {subprocess.py:74} INFO - Running command: ['bash', '-c', 'curl -sSL https://nyc-tlc.s3.amazonaws.com/trip+data/fhv_tripdata_2021-01.csv > /opt/***/fhv_tripdata_2021-01.csv']
[2022-02-01 15:45:54,103] {subprocess.py:85} INFO - Output:
[2022-02-01 15:47:26,948] {subprocess.py:93} INFO - Command exited with return code 0
[2022-02-01 15:47:27,099] {taskinstance.py:1277} INFO - Marking task as SUCCESS. dag_id=data_ingestion_fhv_dag, task_id=download_data_task, execution_date=20210101T000000, start_date=20220201T154553, end_date=20220201T154727
[2022-02-01 15:47:27,304] {local_task_job.py:154} INFO - Task exited with return code 0
[2022-02-01 15:47:27,748] {local_task_job.py:264} INFO - 1 downstream tasks scheduled from follow-on schedule check
