[2022-02-01 15:06:01,604] {taskinstance.py:1032} INFO - Dependencies all met for <TaskInstance: data_ingestion_gcs_dag.format_to_parquet_task scheduled__2019-03-01T00:00:00+00:00 [queued]>
[2022-02-01 15:06:01,631] {taskinstance.py:1032} INFO - Dependencies all met for <TaskInstance: data_ingestion_gcs_dag.format_to_parquet_task scheduled__2019-03-01T00:00:00+00:00 [queued]>
[2022-02-01 15:06:01,631] {taskinstance.py:1238} INFO - 
--------------------------------------------------------------------------------
[2022-02-01 15:06:01,632] {taskinstance.py:1239} INFO - Starting attempt 2 of 3
[2022-02-01 15:06:01,632] {taskinstance.py:1240} INFO - 
--------------------------------------------------------------------------------
[2022-02-01 15:06:02,045] {taskinstance.py:1259} INFO - Executing <Task(PythonOperator): format_to_parquet_task> on 2019-03-01 00:00:00+00:00
[2022-02-01 15:06:02,049] {standard_task_runner.py:52} INFO - Started process 23791 to run task
[2022-02-01 15:06:02,053] {standard_task_runner.py:76} INFO - Running: ['***', 'tasks', 'run', 'data_ingestion_gcs_dag', 'format_to_parquet_task', 'scheduled__2019-03-01T00:00:00+00:00', '--job-id', '94', '--raw', '--subdir', 'DAGS_FOLDER/data_ingestion_gcs_dag.py', '--cfg-path', '/tmp/tmpy2z8nx62', '--error-file', '/tmp/tmpf8vbhfl4']
[2022-02-01 15:06:02,054] {standard_task_runner.py:77} INFO - Job 94: Subtask format_to_parquet_task
[2022-02-01 15:06:02,155] {logging_mixin.py:109} INFO - Running <TaskInstance: data_ingestion_gcs_dag.format_to_parquet_task scheduled__2019-03-01T00:00:00+00:00 [running]> on host 153a4cabbd26
[2022-02-01 15:06:02,302] {taskinstance.py:1426} INFO - Exporting the following env vars:
AIRFLOW_CTX_DAG_OWNER=***
AIRFLOW_CTX_DAG_ID=data_ingestion_gcs_dag
AIRFLOW_CTX_TASK_ID=format_to_parquet_task
AIRFLOW_CTX_EXECUTION_DATE=2019-03-01T00:00:00+00:00
AIRFLOW_CTX_DAG_RUN_ID=scheduled__2019-03-01T00:00:00+00:00
[2022-02-01 15:07:31,919] {python.py:175} INFO - Done. Returned value was: None
[2022-02-01 15:07:31,958] {taskinstance.py:1277} INFO - Marking task as SUCCESS. dag_id=data_ingestion_gcs_dag, task_id=format_to_parquet_task, execution_date=20190301T000000, start_date=20220201T150601, end_date=20220201T150731
[2022-02-01 15:07:32,349] {local_task_job.py:154} INFO - Task exited with return code 0
[2022-02-01 15:07:32,479] {local_task_job.py:264} INFO - 1 downstream tasks scheduled from follow-on schedule check
