[2022-02-01 15:47:31,235] {taskinstance.py:1032} INFO - Dependencies all met for <TaskInstance: data_ingestion_fhv_dag.local_to_gcs_task scheduled__2021-01-01T00:00:00+00:00 [queued]>
[2022-02-01 15:47:31,247] {taskinstance.py:1032} INFO - Dependencies all met for <TaskInstance: data_ingestion_fhv_dag.local_to_gcs_task scheduled__2021-01-01T00:00:00+00:00 [queued]>
[2022-02-01 15:47:31,248] {taskinstance.py:1238} INFO - 
--------------------------------------------------------------------------------
[2022-02-01 15:47:31,248] {taskinstance.py:1239} INFO - Starting attempt 1 of 1
[2022-02-01 15:47:31,248] {taskinstance.py:1240} INFO - 
--------------------------------------------------------------------------------
[2022-02-01 15:47:31,309] {taskinstance.py:1259} INFO - Executing <Task(PythonOperator): local_to_gcs_task> on 2021-01-01 00:00:00+00:00
[2022-02-01 15:47:31,313] {standard_task_runner.py:52} INFO - Started process 29681 to run task
[2022-02-01 15:47:31,317] {standard_task_runner.py:76} INFO - Running: ['***', 'tasks', 'run', 'data_ingestion_fhv_dag', 'local_to_gcs_task', 'scheduled__2021-01-01T00:00:00+00:00', '--job-id', '145', '--raw', '--subdir', 'DAGS_FOLDER/data_ingestion_fhv_dag.py', '--cfg-path', '/tmp/tmp3rh05ckq', '--error-file', '/tmp/tmpomkws9lv']
[2022-02-01 15:47:31,318] {standard_task_runner.py:77} INFO - Job 145: Subtask local_to_gcs_task
[2022-02-01 15:47:31,509] {logging_mixin.py:109} INFO - Running <TaskInstance: data_ingestion_fhv_dag.local_to_gcs_task scheduled__2021-01-01T00:00:00+00:00 [running]> on host 153a4cabbd26
[2022-02-01 15:47:31,622] {logging_mixin.py:109} WARNING - /home/***/.local/lib/python3.7/site-packages/***/utils/context.py:152 AirflowContextDeprecationWarning: Accessing 'execution_date' from the template is deprecated and will be removed in a future version. Please use 'data_interval_start' or 'logical_date' instead.
[2022-02-01 15:47:31,720] {taskinstance.py:1426} INFO - Exporting the following env vars:
AIRFLOW_CTX_DAG_OWNER=***
AIRFLOW_CTX_DAG_ID=data_ingestion_fhv_dag
AIRFLOW_CTX_TASK_ID=local_to_gcs_task
AIRFLOW_CTX_EXECUTION_DATE=2021-01-01T00:00:00+00:00
AIRFLOW_CTX_DAG_RUN_ID=scheduled__2021-01-01T00:00:00+00:00
[2022-02-01 15:47:35,131] {python.py:175} INFO - Done. Returned value was: None
[2022-02-01 15:47:35,153] {taskinstance.py:1277} INFO - Marking task as SUCCESS. dag_id=data_ingestion_fhv_dag, task_id=local_to_gcs_task, execution_date=20210101T000000, start_date=20220201T154731, end_date=20220201T154735
[2022-02-01 15:47:35,243] {local_task_job.py:154} INFO - Task exited with return code 0
[2022-02-01 15:47:35,321] {local_task_job.py:264} INFO - 0 downstream tasks scheduled from follow-on schedule check
