[2022-02-01 14:55:48,210] {taskinstance.py:1032} INFO - Dependencies all met for <TaskInstance: data_ingestion_yt_dag.format_to_parquet_task scheduled__2020-03-01T00:00:00+00:00 [queued]>
[2022-02-01 14:55:48,222] {taskinstance.py:1032} INFO - Dependencies all met for <TaskInstance: data_ingestion_yt_dag.format_to_parquet_task scheduled__2020-03-01T00:00:00+00:00 [queued]>
[2022-02-01 14:55:48,223] {taskinstance.py:1238} INFO - 
--------------------------------------------------------------------------------
[2022-02-01 14:55:48,224] {taskinstance.py:1239} INFO - Starting attempt 1 of 1
[2022-02-01 14:55:48,224] {taskinstance.py:1240} INFO - 
--------------------------------------------------------------------------------
[2022-02-01 14:55:48,262] {taskinstance.py:1259} INFO - Executing <Task(PythonOperator): format_to_parquet_task> on 2020-03-01 00:00:00+00:00
[2022-02-01 14:55:48,266] {standard_task_runner.py:52} INFO - Started process 22201 to run task
[2022-02-01 14:55:48,269] {standard_task_runner.py:76} INFO - Running: ['***', 'tasks', 'run', 'data_ingestion_yt_dag', 'format_to_parquet_task', 'scheduled__2020-03-01T00:00:00+00:00', '--job-id', '66', '--raw', '--subdir', 'DAGS_FOLDER/data_ingestion_yt_dag.py', '--cfg-path', '/tmp/tmprjbrnkoi', '--error-file', '/tmp/tmpfdoymxla']
[2022-02-01 14:55:48,271] {standard_task_runner.py:77} INFO - Job 66: Subtask format_to_parquet_task
[2022-02-01 14:55:48,462] {logging_mixin.py:109} INFO - Running <TaskInstance: data_ingestion_yt_dag.format_to_parquet_task scheduled__2020-03-01T00:00:00+00:00 [running]> on host 153a4cabbd26
[2022-02-01 14:55:48,562] {logging_mixin.py:109} WARNING - /home/***/.local/lib/python3.7/site-packages/***/utils/context.py:152 AirflowContextDeprecationWarning: Accessing 'execution_date' from the template is deprecated and will be removed in a future version. Please use 'data_interval_start' or 'logical_date' instead.
[2022-02-01 14:55:48,714] {taskinstance.py:1426} INFO - Exporting the following env vars:
AIRFLOW_CTX_DAG_OWNER=***
AIRFLOW_CTX_DAG_ID=data_ingestion_yt_dag
AIRFLOW_CTX_TASK_ID=format_to_parquet_task
AIRFLOW_CTX_EXECUTION_DATE=2020-03-01T00:00:00+00:00
AIRFLOW_CTX_DAG_RUN_ID=scheduled__2020-03-01T00:00:00+00:00
[2022-02-01 14:55:52,261] {python.py:175} INFO - Done. Returned value was: None
[2022-02-01 14:55:52,297] {taskinstance.py:1277} INFO - Marking task as SUCCESS. dag_id=data_ingestion_yt_dag, task_id=format_to_parquet_task, execution_date=20200301T000000, start_date=20220201T145548, end_date=20220201T145552
[2022-02-01 14:55:52,679] {local_task_job.py:154} INFO - Task exited with return code 0
[2022-02-01 14:55:53,088] {local_task_job.py:264} INFO - 1 downstream tasks scheduled from follow-on schedule check
