[2022-02-01 13:21:15,577] {taskinstance.py:1032} INFO - Dependencies all met for <TaskInstance: data_ingestion_fhv_dag.format_to_parquet_task scheduled__2019-07-01T00:00:00+00:00 [queued]>
[2022-02-01 13:21:15,587] {taskinstance.py:1032} INFO - Dependencies all met for <TaskInstance: data_ingestion_fhv_dag.format_to_parquet_task scheduled__2019-07-01T00:00:00+00:00 [queued]>
[2022-02-01 13:21:15,588] {taskinstance.py:1238} INFO - 
--------------------------------------------------------------------------------
[2022-02-01 13:21:15,588] {taskinstance.py:1239} INFO - Starting attempt 1 of 1
[2022-02-01 13:21:15,589] {taskinstance.py:1240} INFO - 
--------------------------------------------------------------------------------
[2022-02-01 13:21:15,640] {taskinstance.py:1259} INFO - Executing <Task(PythonOperator): format_to_parquet_task> on 2019-07-01 00:00:00+00:00
[2022-02-01 13:21:15,645] {standard_task_runner.py:52} INFO - Started process 10608 to run task
[2022-02-01 13:21:15,648] {standard_task_runner.py:76} INFO - Running: ['***', 'tasks', 'run', 'data_ingestion_fhv_dag', 'format_to_parquet_task', 'scheduled__2019-07-01T00:00:00+00:00', '--job-id', '33', '--raw', '--subdir', 'DAGS_FOLDER/data_ingestion_fhv_dag.py', '--cfg-path', '/tmp/tmpp05ilo30', '--error-file', '/tmp/tmppjzo94dz']
[2022-02-01 13:21:15,649] {standard_task_runner.py:77} INFO - Job 33: Subtask format_to_parquet_task
[2022-02-01 13:21:15,745] {logging_mixin.py:109} INFO - Running <TaskInstance: data_ingestion_fhv_dag.format_to_parquet_task scheduled__2019-07-01T00:00:00+00:00 [running]> on host 153a4cabbd26
[2022-02-01 13:21:15,826] {logging_mixin.py:109} WARNING - /home/***/.local/lib/python3.7/site-packages/***/utils/context.py:152 AirflowContextDeprecationWarning: Accessing 'execution_date' from the template is deprecated and will be removed in a future version. Please use 'data_interval_start' or 'logical_date' instead.
[2022-02-01 13:21:15,878] {taskinstance.py:1426} INFO - Exporting the following env vars:
AIRFLOW_CTX_DAG_OWNER=***
AIRFLOW_CTX_DAG_ID=data_ingestion_fhv_dag
AIRFLOW_CTX_TASK_ID=format_to_parquet_task
AIRFLOW_CTX_EXECUTION_DATE=2019-07-01T00:00:00+00:00
AIRFLOW_CTX_DAG_RUN_ID=scheduled__2019-07-01T00:00:00+00:00
[2022-02-01 13:21:21,670] {python.py:175} INFO - Done. Returned value was: None
[2022-02-01 13:21:22,155] {taskinstance.py:1277} INFO - Marking task as SUCCESS. dag_id=data_ingestion_fhv_dag, task_id=format_to_parquet_task, execution_date=20190701T000000, start_date=20220201T132115, end_date=20220201T132122
[2022-02-01 13:21:22,353] {local_task_job.py:154} INFO - Task exited with return code 0
[2022-02-01 13:21:22,526] {local_task_job.py:264} INFO - 1 downstream tasks scheduled from follow-on schedule check
