[2022-02-01 15:51:28,845] {taskinstance.py:1032} INFO - Dependencies all met for <TaskInstance: data_ingestion_fhv_dag.format_to_parquet_task scheduled__2021-07-01T00:00:00+00:00 [queued]>
[2022-02-01 15:51:28,857] {taskinstance.py:1032} INFO - Dependencies all met for <TaskInstance: data_ingestion_fhv_dag.format_to_parquet_task scheduled__2021-07-01T00:00:00+00:00 [queued]>
[2022-02-01 15:51:28,857] {taskinstance.py:1238} INFO - 
--------------------------------------------------------------------------------
[2022-02-01 15:51:28,858] {taskinstance.py:1239} INFO - Starting attempt 1 of 1
[2022-02-01 15:51:28,858] {taskinstance.py:1240} INFO - 
--------------------------------------------------------------------------------
[2022-02-01 15:51:28,973] {taskinstance.py:1259} INFO - Executing <Task(PythonOperator): format_to_parquet_task> on 2021-07-01 00:00:00+00:00
[2022-02-01 15:51:28,980] {standard_task_runner.py:52} INFO - Started process 30435 to run task
[2022-02-01 15:51:28,986] {standard_task_runner.py:76} INFO - Running: ['***', 'tasks', 'run', 'data_ingestion_fhv_dag', 'format_to_parquet_task', 'scheduled__2021-07-01T00:00:00+00:00', '--job-id', '158', '--raw', '--subdir', 'DAGS_FOLDER/data_ingestion_fhv_dag.py', '--cfg-path', '/tmp/tmpnvvwlmzw', '--error-file', '/tmp/tmp1e88dy7b']
[2022-02-01 15:51:28,988] {standard_task_runner.py:77} INFO - Job 158: Subtask format_to_parquet_task
[2022-02-01 15:51:29,180] {logging_mixin.py:109} INFO - Running <TaskInstance: data_ingestion_fhv_dag.format_to_parquet_task scheduled__2021-07-01T00:00:00+00:00 [running]> on host 153a4cabbd26
[2022-02-01 15:51:29,314] {logging_mixin.py:109} WARNING - /home/***/.local/lib/python3.7/site-packages/***/utils/context.py:152 AirflowContextDeprecationWarning: Accessing 'execution_date' from the template is deprecated and will be removed in a future version. Please use 'data_interval_start' or 'logical_date' instead.
[2022-02-01 15:51:29,671] {taskinstance.py:1426} INFO - Exporting the following env vars:
AIRFLOW_CTX_DAG_OWNER=***
AIRFLOW_CTX_DAG_ID=data_ingestion_fhv_dag
AIRFLOW_CTX_TASK_ID=format_to_parquet_task
AIRFLOW_CTX_EXECUTION_DATE=2021-07-01T00:00:00+00:00
AIRFLOW_CTX_DAG_RUN_ID=scheduled__2021-07-01T00:00:00+00:00
[2022-02-01 15:51:30,503] {python.py:175} INFO - Done. Returned value was: None
[2022-02-01 15:51:30,515] {taskinstance.py:1277} INFO - Marking task as SUCCESS. dag_id=data_ingestion_fhv_dag, task_id=format_to_parquet_task, execution_date=20210701T000000, start_date=20220201T155128, end_date=20220201T155130
[2022-02-01 15:51:30,648] {local_task_job.py:154} INFO - Task exited with return code 0
[2022-02-01 15:51:30,738] {local_task_job.py:264} INFO - 1 downstream tasks scheduled from follow-on schedule check
