[2022-01-28 16:37:24,217] {taskinstance.py:1032} INFO - Dependencies all met for <TaskInstance: data_ingestion_gcs_dag.local_to_gcs_task manual__2022-01-28T16:24:48.121377+00:00 [queued]>
[2022-01-28 16:37:24,244] {taskinstance.py:1032} INFO - Dependencies all met for <TaskInstance: data_ingestion_gcs_dag.local_to_gcs_task manual__2022-01-28T16:24:48.121377+00:00 [queued]>
[2022-01-28 16:37:24,245] {taskinstance.py:1238} INFO - 
--------------------------------------------------------------------------------
[2022-01-28 16:37:24,246] {taskinstance.py:1239} INFO - Starting attempt 1 of 2
[2022-01-28 16:37:24,246] {taskinstance.py:1240} INFO - 
--------------------------------------------------------------------------------
[2022-01-28 16:37:24,432] {taskinstance.py:1259} INFO - Executing <Task(PythonOperator): local_to_gcs_task> on 2022-01-28 16:24:48.121377+00:00
[2022-01-28 16:37:24,447] {standard_task_runner.py:52} INFO - Started process 695 to run task
[2022-01-28 16:37:24,462] {standard_task_runner.py:76} INFO - Running: ['***', 'tasks', 'run', 'data_ingestion_gcs_dag', 'local_to_gcs_task', 'manual__2022-01-28T16:24:48.121377+00:00', '--job-id', '15', '--raw', '--subdir', 'DAGS_FOLDER/data_ingestion_gcs_dag.py', '--cfg-path', '/tmp/tmp3812mbqy', '--error-file', '/tmp/tmp9ravca69']
[2022-01-28 16:37:24,467] {standard_task_runner.py:77} INFO - Job 15: Subtask local_to_gcs_task
[2022-01-28 16:37:24,661] {logging_mixin.py:109} INFO - Running <TaskInstance: data_ingestion_gcs_dag.local_to_gcs_task manual__2022-01-28T16:24:48.121377+00:00 [running]> on host 64520c0b1be6
[2022-01-28 16:37:24,894] {taskinstance.py:1426} INFO - Exporting the following env vars:
AIRFLOW_CTX_DAG_OWNER=***
AIRFLOW_CTX_DAG_ID=data_ingestion_gcs_dag
AIRFLOW_CTX_TASK_ID=local_to_gcs_task
AIRFLOW_CTX_EXECUTION_DATE=2022-01-28T16:24:48.121377+00:00
AIRFLOW_CTX_DAG_RUN_ID=manual__2022-01-28T16:24:48.121377+00:00
[2022-01-28 16:37:33,433] {python.py:175} INFO - Done. Returned value was: None
[2022-01-28 16:37:33,476] {taskinstance.py:1277} INFO - Marking task as SUCCESS. dag_id=data_ingestion_gcs_dag, task_id=local_to_gcs_task, execution_date=20220128T162448, start_date=20220128T163724, end_date=20220128T163733
[2022-01-28 16:37:33,652] {local_task_job.py:154} INFO - Task exited with return code 0
[2022-01-28 16:37:33,787] {local_task_job.py:264} INFO - 1 downstream tasks scheduled from follow-on schedule check
