[2022-02-01 13:05:37,438] {taskinstance.py:1032} INFO - Dependencies all met for <TaskInstance: data_ingestion_fhv_dag.local_to_gcs_task scheduled__2019-03-01T00:00:00+00:00 [queued]>
[2022-02-01 13:05:37,451] {taskinstance.py:1032} INFO - Dependencies all met for <TaskInstance: data_ingestion_fhv_dag.local_to_gcs_task scheduled__2019-03-01T00:00:00+00:00 [queued]>
[2022-02-01 13:05:37,451] {taskinstance.py:1238} INFO - 
--------------------------------------------------------------------------------
[2022-02-01 13:05:37,452] {taskinstance.py:1239} INFO - Starting attempt 1 of 1
[2022-02-01 13:05:37,453] {taskinstance.py:1240} INFO - 
--------------------------------------------------------------------------------
[2022-02-01 13:05:37,771] {taskinstance.py:1259} INFO - Executing <Task(PythonOperator): local_to_gcs_task> on 2019-03-01 00:00:00+00:00
[2022-02-01 13:05:37,777] {standard_task_runner.py:52} INFO - Started process 8569 to run task
[2022-02-01 13:05:37,782] {standard_task_runner.py:76} INFO - Running: ['***', 'tasks', 'run', 'data_ingestion_fhv_dag', 'local_to_gcs_task', 'scheduled__2019-03-01T00:00:00+00:00', '--job-id', '18', '--raw', '--subdir', 'DAGS_FOLDER/data_ingestion_fhv_dag.py', '--cfg-path', '/tmp/tmp61t3_kz8', '--error-file', '/tmp/tmp3a7sglxt']
[2022-02-01 13:05:37,784] {standard_task_runner.py:77} INFO - Job 18: Subtask local_to_gcs_task
[2022-02-01 13:05:37,913] {logging_mixin.py:109} INFO - Running <TaskInstance: data_ingestion_fhv_dag.local_to_gcs_task scheduled__2019-03-01T00:00:00+00:00 [running]> on host 153a4cabbd26
[2022-02-01 13:05:38,016] {logging_mixin.py:109} WARNING - /home/***/.local/lib/python3.7/site-packages/***/utils/context.py:152 AirflowContextDeprecationWarning: Accessing 'execution_date' from the template is deprecated and will be removed in a future version. Please use 'data_interval_start' or 'logical_date' instead.
[2022-02-01 13:05:38,091] {taskinstance.py:1426} INFO - Exporting the following env vars:
AIRFLOW_CTX_DAG_OWNER=***
AIRFLOW_CTX_DAG_ID=data_ingestion_fhv_dag
AIRFLOW_CTX_TASK_ID=local_to_gcs_task
AIRFLOW_CTX_EXECUTION_DATE=2019-03-01T00:00:00+00:00
AIRFLOW_CTX_DAG_RUN_ID=scheduled__2019-03-01T00:00:00+00:00
[2022-02-01 13:05:42,490] {python.py:175} INFO - Done. Returned value was: None
[2022-02-01 13:05:42,507] {taskinstance.py:1277} INFO - Marking task as SUCCESS. dag_id=data_ingestion_fhv_dag, task_id=local_to_gcs_task, execution_date=20190301T000000, start_date=20220201T130537, end_date=20220201T130542
[2022-02-01 13:05:42,584] {local_task_job.py:154} INFO - Task exited with return code 0
[2022-02-01 13:05:42,660] {local_task_job.py:264} INFO - 1 downstream tasks scheduled from follow-on schedule check
