[2022-01-28 11:59:53,999] {taskinstance.py:1032} INFO - Dependencies all met for <TaskInstance: data_ingestion_gcs_dag.download_dataset_task scheduled__2022-01-27T00:00:00+00:00 [queued]>
[2022-01-28 11:59:54,011] {taskinstance.py:1032} INFO - Dependencies all met for <TaskInstance: data_ingestion_gcs_dag.download_dataset_task scheduled__2022-01-27T00:00:00+00:00 [queued]>
[2022-01-28 11:59:54,011] {taskinstance.py:1238} INFO - 
--------------------------------------------------------------------------------
[2022-01-28 11:59:54,012] {taskinstance.py:1239} INFO - Starting attempt 1 of 2
[2022-01-28 11:59:54,012] {taskinstance.py:1240} INFO - 
--------------------------------------------------------------------------------
[2022-01-28 11:59:54,086] {taskinstance.py:1259} INFO - Executing <Task(BashOperator): download_dataset_task> on 2022-01-27 00:00:00+00:00
[2022-01-28 11:59:54,090] {standard_task_runner.py:52} INFO - Started process 2387 to run task
[2022-01-28 11:59:54,094] {standard_task_runner.py:76} INFO - Running: ['***', 'tasks', 'run', 'data_ingestion_gcs_dag', 'download_dataset_task', 'scheduled__2022-01-27T00:00:00+00:00', '--job-id', '7', '--raw', '--subdir', 'DAGS_FOLDER/data_ingestion_gcs_dag.py', '--cfg-path', '/tmp/tmpp1t8ikds', '--error-file', '/tmp/tmpd4v5c9ph']
[2022-01-28 11:59:54,095] {standard_task_runner.py:77} INFO - Job 7: Subtask download_dataset_task
[2022-01-28 11:59:54,195] {logging_mixin.py:109} INFO - Running <TaskInstance: data_ingestion_gcs_dag.download_dataset_task scheduled__2022-01-27T00:00:00+00:00 [running]> on host e07974288518
[2022-01-28 11:59:54,479] {taskinstance.py:1426} INFO - Exporting the following env vars:
AIRFLOW_CTX_DAG_OWNER=***
AIRFLOW_CTX_DAG_ID=data_ingestion_gcs_dag
AIRFLOW_CTX_TASK_ID=download_dataset_task
AIRFLOW_CTX_EXECUTION_DATE=2022-01-27T00:00:00+00:00
AIRFLOW_CTX_DAG_RUN_ID=scheduled__2022-01-27T00:00:00+00:00
[2022-01-28 11:59:54,480] {subprocess.py:62} INFO - Tmp dir root location: 
 /tmp
[2022-01-28 11:59:54,481] {subprocess.py:74} INFO - Running command: ['bash', '-c', 'curl -sS https://s3.amazonaws.com/nyc-tlc/trip+data/yellow_tripdata_2021-01.csv > /opt/***/yellow_tripdata_2021-01.csv']
[2022-01-28 11:59:54,491] {subprocess.py:85} INFO - Output:
[2022-01-28 12:04:40,973] {subprocess.py:93} INFO - Command exited with return code 0
[2022-01-28 12:04:41,112] {taskinstance.py:1277} INFO - Marking task as SUCCESS. dag_id=data_ingestion_gcs_dag, task_id=download_dataset_task, execution_date=20220127T000000, start_date=20220128T115954, end_date=20220128T120441
[2022-01-28 12:04:41,191] {local_task_job.py:154} INFO - Task exited with return code 0
[2022-01-28 12:04:41,243] {local_task_job.py:264} INFO - 1 downstream tasks scheduled from follow-on schedule check
