[2022-01-31 17:09:12,386] {taskinstance.py:1032} INFO - Dependencies all met for <TaskInstance: data_ingestion_yt_dag.format_to_parquet_task scheduled__2019-09-01T00:00:00+00:00 [queued]>
[2022-01-31 17:09:12,398] {taskinstance.py:1032} INFO - Dependencies all met for <TaskInstance: data_ingestion_yt_dag.format_to_parquet_task scheduled__2019-09-01T00:00:00+00:00 [queued]>
[2022-01-31 17:09:12,399] {taskinstance.py:1238} INFO - 
--------------------------------------------------------------------------------
[2022-01-31 17:09:12,399] {taskinstance.py:1239} INFO - Starting attempt 1 of 1
[2022-01-31 17:09:12,400] {taskinstance.py:1240} INFO - 
--------------------------------------------------------------------------------
[2022-01-31 17:09:12,628] {taskinstance.py:1259} INFO - Executing <Task(PythonOperator): format_to_parquet_task> on 2019-09-01 00:00:00+00:00
[2022-01-31 17:09:12,640] {standard_task_runner.py:52} INFO - Started process 3842 to run task
[2022-01-31 17:09:12,649] {standard_task_runner.py:76} INFO - Running: ['***', 'tasks', 'run', 'data_ingestion_yt_dag', 'format_to_parquet_task', 'scheduled__2019-09-01T00:00:00+00:00', '--job-id', '60', '--raw', '--subdir', 'DAGS_FOLDER/data_ingestion_yt_dag.py', '--cfg-path', '/tmp/tmp8veh4_nk', '--error-file', '/tmp/tmpq6f7erk2']
[2022-01-31 17:09:12,652] {standard_task_runner.py:77} INFO - Job 60: Subtask format_to_parquet_task
[2022-01-31 17:09:12,747] {logging_mixin.py:109} INFO - Running <TaskInstance: data_ingestion_yt_dag.format_to_parquet_task scheduled__2019-09-01T00:00:00+00:00 [running]> on host b65009af93ab
[2022-01-31 17:09:12,847] {warnings.py:110} WARNING - /home/***/.local/lib/python3.7/site-packages/***/utils/context.py:152: AirflowContextDeprecationWarning: Accessing 'execution_date' from the template is deprecated and will be removed in a future version. Please use 'data_interval_start' or 'logical_date' instead.
  warnings.warn(_create_deprecation_warning(key, self._deprecation_replacements[key]))

[2022-01-31 17:09:12,969] {taskinstance.py:1426} INFO - Exporting the following env vars:
AIRFLOW_CTX_DAG_OWNER=***
AIRFLOW_CTX_DAG_ID=data_ingestion_yt_dag
AIRFLOW_CTX_TASK_ID=format_to_parquet_task
AIRFLOW_CTX_EXECUTION_DATE=2019-09-01T00:00:00+00:00
AIRFLOW_CTX_DAG_RUN_ID=scheduled__2019-09-01T00:00:00+00:00
[2022-01-31 17:09:18,907] {python.py:175} INFO - Done. Returned value was: None
[2022-01-31 17:09:18,924] {taskinstance.py:1277} INFO - Marking task as SUCCESS. dag_id=data_ingestion_yt_dag, task_id=format_to_parquet_task, execution_date=20190901T000000, start_date=20220131T170912, end_date=20220131T170918
[2022-01-31 17:09:19,433] {local_task_job.py:154} INFO - Task exited with return code 0
[2022-01-31 17:09:19,795] {local_task_job.py:264} INFO - 1 downstream tasks scheduled from follow-on schedule check
