[2022-01-28 16:36:54,643] {taskinstance.py:1032} INFO - Dependencies all met for <TaskInstance: data_ingestion_gcs_dag.format_to_parquet_task manual__2022-01-28T16:24:48.121377+00:00 [queued]>
[2022-01-28 16:36:54,671] {taskinstance.py:1032} INFO - Dependencies all met for <TaskInstance: data_ingestion_gcs_dag.format_to_parquet_task manual__2022-01-28T16:24:48.121377+00:00 [queued]>
[2022-01-28 16:36:54,672] {taskinstance.py:1238} INFO - 
--------------------------------------------------------------------------------
[2022-01-28 16:36:54,673] {taskinstance.py:1239} INFO - Starting attempt 1 of 2
[2022-01-28 16:36:54,673] {taskinstance.py:1240} INFO - 
--------------------------------------------------------------------------------
[2022-01-28 16:36:54,758] {taskinstance.py:1259} INFO - Executing <Task(PythonOperator): format_to_parquet_task> on 2022-01-28 16:24:48.121377+00:00
[2022-01-28 16:36:54,774] {standard_task_runner.py:52} INFO - Started process 673 to run task
[2022-01-28 16:36:54,789] {standard_task_runner.py:76} INFO - Running: ['***', 'tasks', 'run', 'data_ingestion_gcs_dag', 'format_to_parquet_task', 'manual__2022-01-28T16:24:48.121377+00:00', '--job-id', '14', '--raw', '--subdir', 'DAGS_FOLDER/data_ingestion_gcs_dag.py', '--cfg-path', '/tmp/tmpgbvn3rcc', '--error-file', '/tmp/tmpsrrcamk5']
[2022-01-28 16:36:54,793] {standard_task_runner.py:77} INFO - Job 14: Subtask format_to_parquet_task
[2022-01-28 16:36:54,973] {logging_mixin.py:109} INFO - Running <TaskInstance: data_ingestion_gcs_dag.format_to_parquet_task manual__2022-01-28T16:24:48.121377+00:00 [running]> on host 64520c0b1be6
[2022-01-28 16:36:55,185] {taskinstance.py:1426} INFO - Exporting the following env vars:
AIRFLOW_CTX_DAG_OWNER=***
AIRFLOW_CTX_DAG_ID=data_ingestion_gcs_dag
AIRFLOW_CTX_TASK_ID=format_to_parquet_task
AIRFLOW_CTX_EXECUTION_DATE=2022-01-28T16:24:48.121377+00:00
AIRFLOW_CTX_DAG_RUN_ID=manual__2022-01-28T16:24:48.121377+00:00
[2022-01-28 16:37:10,449] {python.py:175} INFO - Done. Returned value was: None
[2022-01-28 16:37:12,680] {taskinstance.py:1277} INFO - Marking task as SUCCESS. dag_id=data_ingestion_gcs_dag, task_id=format_to_parquet_task, execution_date=20220128T162448, start_date=20220128T163654, end_date=20220128T163712
[2022-01-28 16:37:15,648] {local_task_job.py:154} INFO - Task exited with return code 0
[2022-01-28 16:37:16,246] {local_task_job.py:264} INFO - 0 downstream tasks scheduled from follow-on schedule check
