[2022-02-01 15:08:08,401] {taskinstance.py:1032} INFO - Dependencies all met for <TaskInstance: data_ingestion_gcs_dag.local_to_gcs_task scheduled__2019-03-01T00:00:00+00:00 [queued]>
[2022-02-01 15:08:08,411] {taskinstance.py:1032} INFO - Dependencies all met for <TaskInstance: data_ingestion_gcs_dag.local_to_gcs_task scheduled__2019-03-01T00:00:00+00:00 [queued]>
[2022-02-01 15:08:08,412] {taskinstance.py:1238} INFO - 
--------------------------------------------------------------------------------
[2022-02-01 15:08:08,412] {taskinstance.py:1239} INFO - Starting attempt 1 of 2
[2022-02-01 15:08:08,413] {taskinstance.py:1240} INFO - 
--------------------------------------------------------------------------------
[2022-02-01 15:08:09,050] {taskinstance.py:1259} INFO - Executing <Task(PythonOperator): local_to_gcs_task> on 2019-03-01 00:00:00+00:00
[2022-02-01 15:08:09,065] {standard_task_runner.py:52} INFO - Started process 24008 to run task
[2022-02-01 15:08:09,072] {standard_task_runner.py:76} INFO - Running: ['***', 'tasks', 'run', 'data_ingestion_gcs_dag', 'local_to_gcs_task', 'scheduled__2019-03-01T00:00:00+00:00', '--job-id', '96', '--raw', '--subdir', 'DAGS_FOLDER/data_ingestion_gcs_dag.py', '--cfg-path', '/tmp/tmpzsvbm86n', '--error-file', '/tmp/tmp08ioo18_']
[2022-02-01 15:08:09,074] {standard_task_runner.py:77} INFO - Job 96: Subtask local_to_gcs_task
[2022-02-01 15:08:09,256] {logging_mixin.py:109} INFO - Running <TaskInstance: data_ingestion_gcs_dag.local_to_gcs_task scheduled__2019-03-01T00:00:00+00:00 [running]> on host 153a4cabbd26
[2022-02-01 15:08:09,504] {taskinstance.py:1426} INFO - Exporting the following env vars:
AIRFLOW_CTX_DAG_OWNER=***
AIRFLOW_CTX_DAG_ID=data_ingestion_gcs_dag
AIRFLOW_CTX_TASK_ID=local_to_gcs_task
AIRFLOW_CTX_EXECUTION_DATE=2019-03-01T00:00:00+00:00
AIRFLOW_CTX_DAG_RUN_ID=scheduled__2019-03-01T00:00:00+00:00
[2022-02-01 15:08:28,803] {python.py:175} INFO - Done. Returned value was: None
[2022-02-01 15:08:28,815] {taskinstance.py:1277} INFO - Marking task as SUCCESS. dag_id=data_ingestion_gcs_dag, task_id=local_to_gcs_task, execution_date=20190301T000000, start_date=20220201T150808, end_date=20220201T150828
[2022-02-01 15:08:29,058] {local_task_job.py:154} INFO - Task exited with return code 0
[2022-02-01 15:08:29,203] {local_task_job.py:264} INFO - 0 downstream tasks scheduled from follow-on schedule check
