[2022-02-01 15:50:04,452] {taskinstance.py:1032} INFO - Dependencies all met for <TaskInstance: data_ingestion_fhv_dag.local_to_gcs_task scheduled__2021-06-01T00:00:00+00:00 [queued]>
[2022-02-01 15:50:04,466] {taskinstance.py:1032} INFO - Dependencies all met for <TaskInstance: data_ingestion_fhv_dag.local_to_gcs_task scheduled__2021-06-01T00:00:00+00:00 [queued]>
[2022-02-01 15:50:04,467] {taskinstance.py:1238} INFO - 
--------------------------------------------------------------------------------
[2022-02-01 15:50:04,467] {taskinstance.py:1239} INFO - Starting attempt 1 of 1
[2022-02-01 15:50:04,468] {taskinstance.py:1240} INFO - 
--------------------------------------------------------------------------------
[2022-02-01 15:50:04,806] {taskinstance.py:1259} INFO - Executing <Task(PythonOperator): local_to_gcs_task> on 2021-06-01 00:00:00+00:00
[2022-02-01 15:50:04,828] {standard_task_runner.py:52} INFO - Started process 30213 to run task
[2022-02-01 15:50:04,853] {standard_task_runner.py:76} INFO - Running: ['***', 'tasks', 'run', 'data_ingestion_fhv_dag', 'local_to_gcs_task', 'scheduled__2021-06-01T00:00:00+00:00', '--job-id', '157', '--raw', '--subdir', 'DAGS_FOLDER/data_ingestion_fhv_dag.py', '--cfg-path', '/tmp/tmpx0gx11hq', '--error-file', '/tmp/tmp5gbhnazr']
[2022-02-01 15:50:04,857] {standard_task_runner.py:77} INFO - Job 157: Subtask local_to_gcs_task
[2022-02-01 15:50:05,118] {logging_mixin.py:109} INFO - Running <TaskInstance: data_ingestion_fhv_dag.local_to_gcs_task scheduled__2021-06-01T00:00:00+00:00 [running]> on host 153a4cabbd26
[2022-02-01 15:50:05,229] {logging_mixin.py:109} WARNING - /home/***/.local/lib/python3.7/site-packages/***/utils/context.py:152 AirflowContextDeprecationWarning: Accessing 'execution_date' from the template is deprecated and will be removed in a future version. Please use 'data_interval_start' or 'logical_date' instead.
[2022-02-01 15:50:05,479] {taskinstance.py:1426} INFO - Exporting the following env vars:
AIRFLOW_CTX_DAG_OWNER=***
AIRFLOW_CTX_DAG_ID=data_ingestion_fhv_dag
AIRFLOW_CTX_TASK_ID=local_to_gcs_task
AIRFLOW_CTX_EXECUTION_DATE=2021-06-01T00:00:00+00:00
AIRFLOW_CTX_DAG_RUN_ID=scheduled__2021-06-01T00:00:00+00:00
[2022-02-01 15:50:11,599] {python.py:175} INFO - Done. Returned value was: None
[2022-02-01 15:50:11,612] {taskinstance.py:1277} INFO - Marking task as SUCCESS. dag_id=data_ingestion_fhv_dag, task_id=local_to_gcs_task, execution_date=20210601T000000, start_date=20220201T155004, end_date=20220201T155011
[2022-02-01 15:50:11,809] {local_task_job.py:154} INFO - Task exited with return code 0
[2022-02-01 15:50:12,055] {local_task_job.py:264} INFO - 0 downstream tasks scheduled from follow-on schedule check
