[2022-02-01 14:56:05,368] {taskinstance.py:1032} INFO - Dependencies all met for <TaskInstance: data_ingestion_yt_dag.local_to_gcs_task scheduled__2020-03-01T00:00:00+00:00 [queued]>
[2022-02-01 14:56:05,384] {taskinstance.py:1032} INFO - Dependencies all met for <TaskInstance: data_ingestion_yt_dag.local_to_gcs_task scheduled__2020-03-01T00:00:00+00:00 [queued]>
[2022-02-01 14:56:05,385] {taskinstance.py:1238} INFO - 
--------------------------------------------------------------------------------
[2022-02-01 14:56:05,385] {taskinstance.py:1239} INFO - Starting attempt 1 of 1
[2022-02-01 14:56:05,385] {taskinstance.py:1240} INFO - 
--------------------------------------------------------------------------------
[2022-02-01 14:56:06,077] {taskinstance.py:1259} INFO - Executing <Task(PythonOperator): local_to_gcs_task> on 2020-03-01 00:00:00+00:00
[2022-02-01 14:56:06,098] {standard_task_runner.py:52} INFO - Started process 22270 to run task
[2022-02-01 14:56:06,113] {standard_task_runner.py:76} INFO - Running: ['***', 'tasks', 'run', 'data_ingestion_yt_dag', 'local_to_gcs_task', 'scheduled__2020-03-01T00:00:00+00:00', '--job-id', '67', '--raw', '--subdir', 'DAGS_FOLDER/data_ingestion_yt_dag.py', '--cfg-path', '/tmp/tmp01zt6g2a', '--error-file', '/tmp/tmpw044dcuv']
[2022-02-01 14:56:06,115] {standard_task_runner.py:77} INFO - Job 67: Subtask local_to_gcs_task
[2022-02-01 14:56:06,297] {logging_mixin.py:109} INFO - Running <TaskInstance: data_ingestion_yt_dag.local_to_gcs_task scheduled__2020-03-01T00:00:00+00:00 [running]> on host 153a4cabbd26
[2022-02-01 14:56:06,611] {logging_mixin.py:109} WARNING - /home/***/.local/lib/python3.7/site-packages/***/utils/context.py:152 AirflowContextDeprecationWarning: Accessing 'execution_date' from the template is deprecated and will be removed in a future version. Please use 'data_interval_start' or 'logical_date' instead.
[2022-02-01 14:56:06,722] {taskinstance.py:1426} INFO - Exporting the following env vars:
AIRFLOW_CTX_DAG_OWNER=***
AIRFLOW_CTX_DAG_ID=data_ingestion_yt_dag
AIRFLOW_CTX_TASK_ID=local_to_gcs_task
AIRFLOW_CTX_EXECUTION_DATE=2020-03-01T00:00:00+00:00
AIRFLOW_CTX_DAG_RUN_ID=scheduled__2020-03-01T00:00:00+00:00
[2022-02-01 14:56:20,111] {python.py:175} INFO - Done. Returned value was: None
[2022-02-01 14:56:20,123] {taskinstance.py:1277} INFO - Marking task as SUCCESS. dag_id=data_ingestion_yt_dag, task_id=local_to_gcs_task, execution_date=20200301T000000, start_date=20220201T145605, end_date=20220201T145620
[2022-02-01 14:56:20,252] {local_task_job.py:154} INFO - Task exited with return code 0
[2022-02-01 14:56:20,656] {local_task_job.py:264} INFO - 0 downstream tasks scheduled from follow-on schedule check
