[2022-01-31 15:44:56,426] {taskinstance.py:1032} INFO - Dependencies all met for <TaskInstance: data_ingestion_yt_dag.format_to_parquet_task scheduled__2019-02-01T00:00:00+00:00 [queued]>
[2022-01-31 15:44:56,437] {taskinstance.py:1032} INFO - Dependencies all met for <TaskInstance: data_ingestion_yt_dag.format_to_parquet_task scheduled__2019-02-01T00:00:00+00:00 [queued]>
[2022-01-31 15:44:56,438] {taskinstance.py:1238} INFO - 
--------------------------------------------------------------------------------
[2022-01-31 15:44:56,438] {taskinstance.py:1239} INFO - Starting attempt 1 of 1
[2022-01-31 15:44:56,439] {taskinstance.py:1240} INFO - 
--------------------------------------------------------------------------------
[2022-01-31 15:44:56,509] {taskinstance.py:1259} INFO - Executing <Task(PythonOperator): format_to_parquet_task> on 2019-02-01 00:00:00+00:00
[2022-01-31 15:44:56,512] {standard_task_runner.py:52} INFO - Started process 256 to run task
[2022-01-31 15:44:56,516] {standard_task_runner.py:76} INFO - Running: ['***', 'tasks', 'run', 'data_ingestion_yt_dag', 'format_to_parquet_task', 'scheduled__2019-02-01T00:00:00+00:00', '--job-id', '41', '--raw', '--subdir', 'DAGS_FOLDER/data_ingestion_yt_dag.py', '--cfg-path', '/tmp/tmp31n15ohp', '--error-file', '/tmp/tmpn4hrok28']
[2022-01-31 15:44:56,517] {standard_task_runner.py:77} INFO - Job 41: Subtask format_to_parquet_task
[2022-01-31 15:44:56,607] {logging_mixin.py:109} INFO - Running <TaskInstance: data_ingestion_yt_dag.format_to_parquet_task scheduled__2019-02-01T00:00:00+00:00 [running]> on host b65009af93ab
[2022-01-31 15:44:56,729] {warnings.py:110} WARNING - /home/***/.local/lib/python3.7/site-packages/***/utils/context.py:152: AirflowContextDeprecationWarning: Accessing 'execution_date' from the template is deprecated and will be removed in a future version. Please use 'data_interval_start' or 'logical_date' instead.
  warnings.warn(_create_deprecation_warning(key, self._deprecation_replacements[key]))

[2022-01-31 15:44:56,838] {taskinstance.py:1426} INFO - Exporting the following env vars:
AIRFLOW_CTX_DAG_OWNER=***
AIRFLOW_CTX_DAG_ID=data_ingestion_yt_dag
AIRFLOW_CTX_TASK_ID=format_to_parquet_task
AIRFLOW_CTX_EXECUTION_DATE=2019-02-01T00:00:00+00:00
AIRFLOW_CTX_DAG_RUN_ID=scheduled__2019-02-01T00:00:00+00:00
[2022-01-31 15:46:05,045] {python.py:175} INFO - Done. Returned value was: None
[2022-01-31 15:46:05,059] {taskinstance.py:1277} INFO - Marking task as SUCCESS. dag_id=data_ingestion_yt_dag, task_id=format_to_parquet_task, execution_date=20190201T000000, start_date=20220131T154456, end_date=20220131T154605
[2022-01-31 15:46:06,501] {local_task_job.py:212} WARNING - State of this instance has been externally set to success. Terminating instance.
[2022-01-31 15:46:06,504] {process_utils.py:124} INFO - Sending Signals.SIGTERM to group 256. PIDs of all processes in the group: [256]
[2022-01-31 15:46:06,505] {process_utils.py:75} INFO - Sending the signal Signals.SIGTERM to group 256
[2022-01-31 15:46:06,640] {process_utils.py:70} INFO - Process psutil.Process(pid=256, status='terminated', exitcode=0, started='15:44:56') (256) terminated with exit code 0
