[2022-01-31 16:43:38,254] {taskinstance.py:1032} INFO - Dependencies all met for <TaskInstance: data_ingestion_yt_dag.format_to_parquet_task scheduled__2019-06-01T00:00:00+00:00 [queued]>
[2022-01-31 16:43:38,269] {taskinstance.py:1032} INFO - Dependencies all met for <TaskInstance: data_ingestion_yt_dag.format_to_parquet_task scheduled__2019-06-01T00:00:00+00:00 [queued]>
[2022-01-31 16:43:38,270] {taskinstance.py:1238} INFO - 
--------------------------------------------------------------------------------
[2022-01-31 16:43:38,271] {taskinstance.py:1239} INFO - Starting attempt 1 of 1
[2022-01-31 16:43:38,271] {taskinstance.py:1240} INFO - 
--------------------------------------------------------------------------------
[2022-01-31 16:43:38,399] {taskinstance.py:1259} INFO - Executing <Task(PythonOperator): format_to_parquet_task> on 2019-06-01 00:00:00+00:00
[2022-01-31 16:43:38,405] {standard_task_runner.py:52} INFO - Started process 2734 to run task
[2022-01-31 16:43:38,410] {standard_task_runner.py:76} INFO - Running: ['***', 'tasks', 'run', 'data_ingestion_yt_dag', 'format_to_parquet_task', 'scheduled__2019-06-01T00:00:00+00:00', '--job-id', '51', '--raw', '--subdir', 'DAGS_FOLDER/data_ingestion_yt_dag.py', '--cfg-path', '/tmp/tmpnwvb4lnu', '--error-file', '/tmp/tmparcfw499']
[2022-01-31 16:43:38,413] {standard_task_runner.py:77} INFO - Job 51: Subtask format_to_parquet_task
[2022-01-31 16:43:38,556] {logging_mixin.py:109} INFO - Running <TaskInstance: data_ingestion_yt_dag.format_to_parquet_task scheduled__2019-06-01T00:00:00+00:00 [running]> on host b65009af93ab
[2022-01-31 16:43:38,655] {warnings.py:110} WARNING - /home/***/.local/lib/python3.7/site-packages/***/utils/context.py:152: AirflowContextDeprecationWarning: Accessing 'execution_date' from the template is deprecated and will be removed in a future version. Please use 'data_interval_start' or 'logical_date' instead.
  warnings.warn(_create_deprecation_warning(key, self._deprecation_replacements[key]))

[2022-01-31 16:43:38,797] {taskinstance.py:1426} INFO - Exporting the following env vars:
AIRFLOW_CTX_DAG_OWNER=***
AIRFLOW_CTX_DAG_ID=data_ingestion_yt_dag
AIRFLOW_CTX_TASK_ID=format_to_parquet_task
AIRFLOW_CTX_EXECUTION_DATE=2019-06-01T00:00:00+00:00
AIRFLOW_CTX_DAG_RUN_ID=scheduled__2019-06-01T00:00:00+00:00
[2022-01-31 16:43:45,803] {python.py:175} INFO - Done. Returned value was: None
[2022-01-31 16:43:45,825] {taskinstance.py:1277} INFO - Marking task as SUCCESS. dag_id=data_ingestion_yt_dag, task_id=format_to_parquet_task, execution_date=20190601T000000, start_date=20220131T164338, end_date=20220131T164345
[2022-01-31 16:43:46,729] {local_task_job.py:154} INFO - Task exited with return code 0
[2022-01-31 16:43:47,155] {local_task_job.py:264} INFO - 1 downstream tasks scheduled from follow-on schedule check
