[2022-02-01 13:22:00,939] {taskinstance.py:1032} INFO - Dependencies all met for <TaskInstance: data_ingestion_fhv_dag.download_data_task scheduled__2019-08-01T00:00:00+00:00 [queued]>
[2022-02-01 13:22:00,952] {taskinstance.py:1032} INFO - Dependencies all met for <TaskInstance: data_ingestion_fhv_dag.download_data_task scheduled__2019-08-01T00:00:00+00:00 [queued]>
[2022-02-01 13:22:00,953] {taskinstance.py:1238} INFO - 
--------------------------------------------------------------------------------
[2022-02-01 13:22:00,953] {taskinstance.py:1239} INFO - Starting attempt 1 of 1
[2022-02-01 13:22:00,953] {taskinstance.py:1240} INFO - 
--------------------------------------------------------------------------------
[2022-02-01 13:22:00,991] {taskinstance.py:1259} INFO - Executing <Task(BashOperator): download_data_task> on 2019-08-01 00:00:00+00:00
[2022-02-01 13:22:00,995] {standard_task_runner.py:52} INFO - Started process 10750 to run task
[2022-02-01 13:22:00,998] {standard_task_runner.py:76} INFO - Running: ['***', 'tasks', 'run', 'data_ingestion_fhv_dag', 'download_data_task', 'scheduled__2019-08-01T00:00:00+00:00', '--job-id', '36', '--raw', '--subdir', 'DAGS_FOLDER/data_ingestion_fhv_dag.py', '--cfg-path', '/tmp/tmp8h9j7uup', '--error-file', '/tmp/tmpssk7kfbc']
[2022-02-01 13:22:00,999] {standard_task_runner.py:77} INFO - Job 36: Subtask download_data_task
[2022-02-01 13:22:01,077] {logging_mixin.py:109} INFO - Running <TaskInstance: data_ingestion_fhv_dag.download_data_task scheduled__2019-08-01T00:00:00+00:00 [running]> on host 153a4cabbd26
[2022-02-01 13:22:01,147] {logging_mixin.py:109} WARNING - /home/***/.local/lib/python3.7/site-packages/***/utils/context.py:152 AirflowContextDeprecationWarning: Accessing 'execution_date' from the template is deprecated and will be removed in a future version. Please use 'data_interval_start' or 'logical_date' instead.
[2022-02-01 13:22:01,189] {taskinstance.py:1426} INFO - Exporting the following env vars:
AIRFLOW_CTX_DAG_OWNER=***
AIRFLOW_CTX_DAG_ID=data_ingestion_fhv_dag
AIRFLOW_CTX_TASK_ID=download_data_task
AIRFLOW_CTX_EXECUTION_DATE=2019-08-01T00:00:00+00:00
AIRFLOW_CTX_DAG_RUN_ID=scheduled__2019-08-01T00:00:00+00:00
[2022-02-01 13:22:01,191] {subprocess.py:62} INFO - Tmp dir root location: 
 /tmp
[2022-02-01 13:22:01,192] {subprocess.py:74} INFO - Running command: ['bash', '-c', 'curl -sSL https://nyc-tlc.s3.amazonaws.com/trip+data/fhv_tripdata_2019-08.csv > /opt/***/fhv_tripdata_2019-08.csv']
[2022-02-01 13:22:01,199] {subprocess.py:85} INFO - Output:
[2022-02-01 13:24:03,017] {subprocess.py:93} INFO - Command exited with return code 0
[2022-02-01 13:24:03,100] {taskinstance.py:1277} INFO - Marking task as SUCCESS. dag_id=data_ingestion_fhv_dag, task_id=download_data_task, execution_date=20190801T000000, start_date=20220201T132200, end_date=20220201T132403
[2022-02-01 13:24:03,195] {local_task_job.py:154} INFO - Task exited with return code 0
[2022-02-01 13:24:03,288] {local_task_job.py:264} INFO - 1 downstream tasks scheduled from follow-on schedule check
