[2022-02-01 15:52:57,522] {taskinstance.py:1032} INFO - Dependencies all met for <TaskInstance: data_ingestion_yt_dag.download_data_task scheduled__2021-03-01T00:00:00+00:00 [queued]>
[2022-02-01 15:52:57,542] {taskinstance.py:1032} INFO - Dependencies all met for <TaskInstance: data_ingestion_yt_dag.download_data_task scheduled__2021-03-01T00:00:00+00:00 [queued]>
[2022-02-01 15:52:57,543] {taskinstance.py:1238} INFO - 
--------------------------------------------------------------------------------
[2022-02-01 15:52:57,543] {taskinstance.py:1239} INFO - Starting attempt 1 of 1
[2022-02-01 15:52:57,543] {taskinstance.py:1240} INFO - 
--------------------------------------------------------------------------------
[2022-02-01 15:52:57,814] {taskinstance.py:1259} INFO - Executing <Task(BashOperator): download_data_task> on 2021-03-01 00:00:00+00:00
[2022-02-01 15:52:57,819] {standard_task_runner.py:52} INFO - Started process 30705 to run task
[2022-02-01 15:52:57,823] {standard_task_runner.py:76} INFO - Running: ['***', 'tasks', 'run', 'data_ingestion_yt_dag', 'download_data_task', 'scheduled__2021-03-01T00:00:00+00:00', '--job-id', '161', '--raw', '--subdir', 'DAGS_FOLDER/data_ingestion_yt_dag.py', '--cfg-path', '/tmp/tmp7mb6exdr', '--error-file', '/tmp/tmpiu3tisa2']
[2022-02-01 15:52:57,825] {standard_task_runner.py:77} INFO - Job 161: Subtask download_data_task
[2022-02-01 15:52:58,014] {logging_mixin.py:109} INFO - Running <TaskInstance: data_ingestion_yt_dag.download_data_task scheduled__2021-03-01T00:00:00+00:00 [running]> on host 153a4cabbd26
[2022-02-01 15:52:58,133] {logging_mixin.py:109} WARNING - /home/***/.local/lib/python3.7/site-packages/***/utils/context.py:152 AirflowContextDeprecationWarning: Accessing 'execution_date' from the template is deprecated and will be removed in a future version. Please use 'data_interval_start' or 'logical_date' instead.
[2022-02-01 15:52:58,283] {taskinstance.py:1426} INFO - Exporting the following env vars:
AIRFLOW_CTX_DAG_OWNER=***
AIRFLOW_CTX_DAG_ID=data_ingestion_yt_dag
AIRFLOW_CTX_TASK_ID=download_data_task
AIRFLOW_CTX_EXECUTION_DATE=2021-03-01T00:00:00+00:00
AIRFLOW_CTX_DAG_RUN_ID=scheduled__2021-03-01T00:00:00+00:00
[2022-02-01 15:52:58,284] {subprocess.py:62} INFO - Tmp dir root location: 
 /tmp
[2022-02-01 15:52:58,285] {subprocess.py:74} INFO - Running command: ['bash', '-c', 'curl -sSL https://s3.amazonaws.com/nyc-tlc/trip+data/yellow_tripdata_2021-03.csv > /opt/***/yellow_tripdata_2021-03.csv']
[2022-02-01 15:52:58,295] {subprocess.py:85} INFO - Output:
[2022-02-01 16:03:36,730] {subprocess.py:93} INFO - Command exited with return code 0
[2022-02-01 16:03:37,223] {taskinstance.py:1277} INFO - Marking task as SUCCESS. dag_id=data_ingestion_yt_dag, task_id=download_data_task, execution_date=20210301T000000, start_date=20220201T155257, end_date=20220201T160337
[2022-02-01 16:03:37,794] {local_task_job.py:154} INFO - Task exited with return code 0
[2022-02-01 16:03:37,968] {local_task_job.py:264} INFO - 1 downstream tasks scheduled from follow-on schedule check
