[2022-02-01 15:32:31,327] {taskinstance.py:1032} INFO - Dependencies all met for <TaskInstance: data_ingestion_fhv_dag.format_to_parquet_task scheduled__2020-02-01T00:00:00+00:00 [queued]>
[2022-02-01 15:32:31,338] {taskinstance.py:1032} INFO - Dependencies all met for <TaskInstance: data_ingestion_fhv_dag.format_to_parquet_task scheduled__2020-02-01T00:00:00+00:00 [queued]>
[2022-02-01 15:32:31,339] {taskinstance.py:1238} INFO - 
--------------------------------------------------------------------------------
[2022-02-01 15:32:31,340] {taskinstance.py:1239} INFO - Starting attempt 1 of 1
[2022-02-01 15:32:31,340] {taskinstance.py:1240} INFO - 
--------------------------------------------------------------------------------
[2022-02-01 15:32:31,531] {taskinstance.py:1259} INFO - Executing <Task(PythonOperator): format_to_parquet_task> on 2020-02-01 00:00:00+00:00
[2022-02-01 15:32:31,536] {standard_task_runner.py:52} INFO - Started process 27098 to run task
[2022-02-01 15:32:31,539] {standard_task_runner.py:76} INFO - Running: ['***', 'tasks', 'run', 'data_ingestion_fhv_dag', 'format_to_parquet_task', 'scheduled__2020-02-01T00:00:00+00:00', '--job-id', '108', '--raw', '--subdir', 'DAGS_FOLDER/data_ingestion_fhv_dag.py', '--cfg-path', '/tmp/tmpu_xh9zxx', '--error-file', '/tmp/tmpzfe8tvwi']
[2022-02-01 15:32:31,541] {standard_task_runner.py:77} INFO - Job 108: Subtask format_to_parquet_task
[2022-02-01 15:32:31,672] {logging_mixin.py:109} INFO - Running <TaskInstance: data_ingestion_fhv_dag.format_to_parquet_task scheduled__2020-02-01T00:00:00+00:00 [running]> on host 153a4cabbd26
[2022-02-01 15:32:31,777] {logging_mixin.py:109} WARNING - /home/***/.local/lib/python3.7/site-packages/***/utils/context.py:152 AirflowContextDeprecationWarning: Accessing 'execution_date' from the template is deprecated and will be removed in a future version. Please use 'data_interval_start' or 'logical_date' instead.
[2022-02-01 15:32:31,849] {taskinstance.py:1426} INFO - Exporting the following env vars:
AIRFLOW_CTX_DAG_OWNER=***
AIRFLOW_CTX_DAG_ID=data_ingestion_fhv_dag
AIRFLOW_CTX_TASK_ID=format_to_parquet_task
AIRFLOW_CTX_EXECUTION_DATE=2020-02-01T00:00:00+00:00
AIRFLOW_CTX_DAG_RUN_ID=scheduled__2020-02-01T00:00:00+00:00
[2022-02-01 15:32:32,693] {python.py:175} INFO - Done. Returned value was: None
[2022-02-01 15:32:32,707] {taskinstance.py:1277} INFO - Marking task as SUCCESS. dag_id=data_ingestion_fhv_dag, task_id=format_to_parquet_task, execution_date=20200201T000000, start_date=20220201T153231, end_date=20220201T153232
[2022-02-01 15:32:32,838] {local_task_job.py:154} INFO - Task exited with return code 0
[2022-02-01 15:32:32,930] {local_task_job.py:264} INFO - 1 downstream tasks scheduled from follow-on schedule check
