[2022-02-01 13:32:59,901] {taskinstance.py:1032} INFO - Dependencies all met for <TaskInstance: data_ingestion_fhv_dag.local_to_gcs_task scheduled__2019-12-01T00:00:00+00:00 [queued]>
[2022-02-01 13:32:59,923] {taskinstance.py:1032} INFO - Dependencies all met for <TaskInstance: data_ingestion_fhv_dag.local_to_gcs_task scheduled__2019-12-01T00:00:00+00:00 [queued]>
[2022-02-01 13:32:59,924] {taskinstance.py:1238} INFO - 
--------------------------------------------------------------------------------
[2022-02-01 13:32:59,924] {taskinstance.py:1239} INFO - Starting attempt 1 of 1
[2022-02-01 13:32:59,925] {taskinstance.py:1240} INFO - 
--------------------------------------------------------------------------------
[2022-02-01 13:32:59,990] {taskinstance.py:1259} INFO - Executing <Task(PythonOperator): local_to_gcs_task> on 2019-12-01 00:00:00+00:00
[2022-02-01 13:32:59,998] {standard_task_runner.py:76} INFO - Running: ['***', 'tasks', 'run', 'data_ingestion_fhv_dag', 'local_to_gcs_task', 'scheduled__2019-12-01T00:00:00+00:00', '--job-id', '54', '--raw', '--subdir', 'DAGS_FOLDER/data_ingestion_fhv_dag.py', '--cfg-path', '/tmp/tmpnwad7ke_', '--error-file', '/tmp/tmpjo1icqw2']
[2022-02-01 13:33:00,000] {standard_task_runner.py:77} INFO - Job 54: Subtask local_to_gcs_task
[2022-02-01 13:32:59,997] {standard_task_runner.py:52} INFO - Started process 12291 to run task
[2022-02-01 13:33:00,098] {logging_mixin.py:109} INFO - Running <TaskInstance: data_ingestion_fhv_dag.local_to_gcs_task scheduled__2019-12-01T00:00:00+00:00 [running]> on host 153a4cabbd26
[2022-02-01 13:33:00,164] {logging_mixin.py:109} WARNING - /home/***/.local/lib/python3.7/site-packages/***/utils/context.py:152 AirflowContextDeprecationWarning: Accessing 'execution_date' from the template is deprecated and will be removed in a future version. Please use 'data_interval_start' or 'logical_date' instead.
[2022-02-01 13:33:00,219] {taskinstance.py:1426} INFO - Exporting the following env vars:
AIRFLOW_CTX_DAG_OWNER=***
AIRFLOW_CTX_DAG_ID=data_ingestion_fhv_dag
AIRFLOW_CTX_TASK_ID=local_to_gcs_task
AIRFLOW_CTX_EXECUTION_DATE=2019-12-01T00:00:00+00:00
AIRFLOW_CTX_DAG_RUN_ID=scheduled__2019-12-01T00:00:00+00:00
[2022-02-01 13:33:05,245] {python.py:175} INFO - Done. Returned value was: None
[2022-02-01 13:33:05,371] {taskinstance.py:1277} INFO - Marking task as SUCCESS. dag_id=data_ingestion_fhv_dag, task_id=local_to_gcs_task, execution_date=20191201T000000, start_date=20220201T133259, end_date=20220201T133305
[2022-02-01 13:33:05,430] {local_task_job.py:154} INFO - Task exited with return code 0
[2022-02-01 13:33:05,489] {local_task_job.py:264} INFO - 1 downstream tasks scheduled from follow-on schedule check
