[2022-02-01 13:31:29,934] {taskinstance.py:1032} INFO - Dependencies all met for <TaskInstance: data_ingestion_fhv_dag.local_to_gcs_task scheduled__2019-11-01T00:00:00+00:00 [queued]>
[2022-02-01 13:31:29,944] {taskinstance.py:1032} INFO - Dependencies all met for <TaskInstance: data_ingestion_fhv_dag.local_to_gcs_task scheduled__2019-11-01T00:00:00+00:00 [queued]>
[2022-02-01 13:31:29,945] {taskinstance.py:1238} INFO - 
--------------------------------------------------------------------------------
[2022-02-01 13:31:29,945] {taskinstance.py:1239} INFO - Starting attempt 1 of 1
[2022-02-01 13:31:29,946] {taskinstance.py:1240} INFO - 
--------------------------------------------------------------------------------
[2022-02-01 13:31:29,988] {taskinstance.py:1259} INFO - Executing <Task(PythonOperator): local_to_gcs_task> on 2019-11-01 00:00:00+00:00
[2022-02-01 13:31:29,992] {standard_task_runner.py:52} INFO - Started process 12055 to run task
[2022-02-01 13:31:29,995] {standard_task_runner.py:76} INFO - Running: ['***', 'tasks', 'run', 'data_ingestion_fhv_dag', 'local_to_gcs_task', 'scheduled__2019-11-01T00:00:00+00:00', '--job-id', '50', '--raw', '--subdir', 'DAGS_FOLDER/data_ingestion_fhv_dag.py', '--cfg-path', '/tmp/tmpkecgm3t_', '--error-file', '/tmp/tmphinpr8y8']
[2022-02-01 13:31:29,996] {standard_task_runner.py:77} INFO - Job 50: Subtask local_to_gcs_task
[2022-02-01 13:31:30,079] {logging_mixin.py:109} INFO - Running <TaskInstance: data_ingestion_fhv_dag.local_to_gcs_task scheduled__2019-11-01T00:00:00+00:00 [running]> on host 153a4cabbd26
[2022-02-01 13:31:30,210] {logging_mixin.py:109} WARNING - /home/***/.local/lib/python3.7/site-packages/***/utils/context.py:152 AirflowContextDeprecationWarning: Accessing 'execution_date' from the template is deprecated and will be removed in a future version. Please use 'data_interval_start' or 'logical_date' instead.
[2022-02-01 13:31:30,262] {taskinstance.py:1426} INFO - Exporting the following env vars:
AIRFLOW_CTX_DAG_OWNER=***
AIRFLOW_CTX_DAG_ID=data_ingestion_fhv_dag
AIRFLOW_CTX_TASK_ID=local_to_gcs_task
AIRFLOW_CTX_EXECUTION_DATE=2019-11-01T00:00:00+00:00
AIRFLOW_CTX_DAG_RUN_ID=scheduled__2019-11-01T00:00:00+00:00
[2022-02-01 13:31:34,257] {python.py:175} INFO - Done. Returned value was: None
[2022-02-01 13:31:34,268] {taskinstance.py:1277} INFO - Marking task as SUCCESS. dag_id=data_ingestion_fhv_dag, task_id=local_to_gcs_task, execution_date=20191101T000000, start_date=20220201T133129, end_date=20220201T133134
[2022-02-01 13:31:34,351] {local_task_job.py:154} INFO - Task exited with return code 0
[2022-02-01 13:31:34,442] {local_task_job.py:264} INFO - 1 downstream tasks scheduled from follow-on schedule check
