[2022-01-31 17:25:49,450] {taskinstance.py:1032} INFO - Dependencies all met for <TaskInstance: data_ingestion_yt_dag.download_data_task scheduled__2019-12-01T00:00:00+00:00 [queued]>
[2022-01-31 17:25:49,460] {taskinstance.py:1032} INFO - Dependencies all met for <TaskInstance: data_ingestion_yt_dag.download_data_task scheduled__2019-12-01T00:00:00+00:00 [queued]>
[2022-01-31 17:25:49,461] {taskinstance.py:1238} INFO - 
--------------------------------------------------------------------------------
[2022-01-31 17:25:49,461] {taskinstance.py:1239} INFO - Starting attempt 1 of 1
[2022-01-31 17:25:49,462] {taskinstance.py:1240} INFO - 
--------------------------------------------------------------------------------
[2022-01-31 17:25:49,507] {taskinstance.py:1259} INFO - Executing <Task(BashOperator): download_data_task> on 2019-12-01 00:00:00+00:00
[2022-01-31 17:25:49,512] {standard_task_runner.py:52} INFO - Started process 4585 to run task
[2022-01-31 17:25:49,515] {standard_task_runner.py:76} INFO - Running: ['***', 'tasks', 'run', 'data_ingestion_yt_dag', 'download_data_task', 'scheduled__2019-12-01T00:00:00+00:00', '--job-id', '68', '--raw', '--subdir', 'DAGS_FOLDER/data_ingestion_yt_dag.py', '--cfg-path', '/tmp/tmpr9_ezeky', '--error-file', '/tmp/tmpfeptvy1m']
[2022-01-31 17:25:49,517] {standard_task_runner.py:77} INFO - Job 68: Subtask download_data_task
[2022-01-31 17:25:49,607] {logging_mixin.py:109} INFO - Running <TaskInstance: data_ingestion_yt_dag.download_data_task scheduled__2019-12-01T00:00:00+00:00 [running]> on host b65009af93ab
[2022-01-31 17:25:49,677] {warnings.py:110} WARNING - /home/***/.local/lib/python3.7/site-packages/***/utils/context.py:152: AirflowContextDeprecationWarning: Accessing 'execution_date' from the template is deprecated and will be removed in a future version. Please use 'data_interval_start' or 'logical_date' instead.
  warnings.warn(_create_deprecation_warning(key, self._deprecation_replacements[key]))

[2022-01-31 17:25:49,727] {taskinstance.py:1426} INFO - Exporting the following env vars:
AIRFLOW_CTX_DAG_OWNER=***
AIRFLOW_CTX_DAG_ID=data_ingestion_yt_dag
AIRFLOW_CTX_TASK_ID=download_data_task
AIRFLOW_CTX_EXECUTION_DATE=2019-12-01T00:00:00+00:00
AIRFLOW_CTX_DAG_RUN_ID=scheduled__2019-12-01T00:00:00+00:00
[2022-01-31 17:25:49,728] {subprocess.py:62} INFO - Tmp dir root location: 
 /tmp
[2022-01-31 17:25:49,729] {subprocess.py:74} INFO - Running command: ['bash', '-c', 'curl -sSL https://s3.amazonaws.com/nyc-tlc/trip+data/yellow_tripdata_2019-12.csv > /opt/***/yellow_tripdata_2019-12.csv']
[2022-01-31 17:25:49,756] {subprocess.py:85} INFO - Output:
[2022-01-31 17:31:18,118] {subprocess.py:93} INFO - Command exited with return code 0
[2022-01-31 17:31:18,195] {taskinstance.py:1277} INFO - Marking task as SUCCESS. dag_id=data_ingestion_yt_dag, task_id=download_data_task, execution_date=20191201T000000, start_date=20220131T172549, end_date=20220131T173118
[2022-01-31 17:31:18,248] {local_task_job.py:154} INFO - Task exited with return code 0
[2022-01-31 17:31:18,315] {local_task_job.py:264} INFO - 1 downstream tasks scheduled from follow-on schedule check
