[2022-02-01 15:36:20,771] {taskinstance.py:1032} INFO - Dependencies all met for <TaskInstance: data_ingestion_fhv_dag.format_to_parquet_task scheduled__2020-09-01T00:00:00+00:00 [queued]>
[2022-02-01 15:36:20,788] {taskinstance.py:1032} INFO - Dependencies all met for <TaskInstance: data_ingestion_fhv_dag.format_to_parquet_task scheduled__2020-09-01T00:00:00+00:00 [queued]>
[2022-02-01 15:36:20,788] {taskinstance.py:1238} INFO - 
--------------------------------------------------------------------------------
[2022-02-01 15:36:20,789] {taskinstance.py:1239} INFO - Starting attempt 1 of 1
[2022-02-01 15:36:20,789] {taskinstance.py:1240} INFO - 
--------------------------------------------------------------------------------
[2022-02-01 15:36:20,903] {taskinstance.py:1259} INFO - Executing <Task(PythonOperator): format_to_parquet_task> on 2020-09-01 00:00:00+00:00
[2022-02-01 15:36:20,908] {standard_task_runner.py:52} INFO - Started process 27798 to run task
[2022-02-01 15:36:20,911] {standard_task_runner.py:76} INFO - Running: ['***', 'tasks', 'run', 'data_ingestion_fhv_dag', 'format_to_parquet_task', 'scheduled__2020-09-01T00:00:00+00:00', '--job-id', '125', '--raw', '--subdir', 'DAGS_FOLDER/data_ingestion_fhv_dag.py', '--cfg-path', '/tmp/tmpk55zcw1x', '--error-file', '/tmp/tmprfqhlz9f']
[2022-02-01 15:36:20,912] {standard_task_runner.py:77} INFO - Job 125: Subtask format_to_parquet_task
[2022-02-01 15:36:21,010] {logging_mixin.py:109} INFO - Running <TaskInstance: data_ingestion_fhv_dag.format_to_parquet_task scheduled__2020-09-01T00:00:00+00:00 [running]> on host 153a4cabbd26
[2022-02-01 15:36:21,114] {logging_mixin.py:109} WARNING - /home/***/.local/lib/python3.7/site-packages/***/utils/context.py:152 AirflowContextDeprecationWarning: Accessing 'execution_date' from the template is deprecated and will be removed in a future version. Please use 'data_interval_start' or 'logical_date' instead.
[2022-02-01 15:36:21,157] {taskinstance.py:1426} INFO - Exporting the following env vars:
AIRFLOW_CTX_DAG_OWNER=***
AIRFLOW_CTX_DAG_ID=data_ingestion_fhv_dag
AIRFLOW_CTX_TASK_ID=format_to_parquet_task
AIRFLOW_CTX_EXECUTION_DATE=2020-09-01T00:00:00+00:00
AIRFLOW_CTX_DAG_RUN_ID=scheduled__2020-09-01T00:00:00+00:00
[2022-02-01 15:36:21,928] {python.py:175} INFO - Done. Returned value was: None
[2022-02-01 15:36:21,943] {taskinstance.py:1277} INFO - Marking task as SUCCESS. dag_id=data_ingestion_fhv_dag, task_id=format_to_parquet_task, execution_date=20200901T000000, start_date=20220201T153620, end_date=20220201T153621
[2022-02-01 15:36:22,130] {local_task_job.py:154} INFO - Task exited with return code 0
[2022-02-01 15:36:22,291] {local_task_job.py:264} INFO - 1 downstream tasks scheduled from follow-on schedule check
