[2022-01-31 02:51:58,467] {taskinstance.py:1032} INFO - Dependencies all met for <TaskInstance: data_ingestion_yt_dag.download_data_task scheduled__2019-03-01T00:00:00+00:00 [queued]>
[2022-01-31 02:51:58,491] {taskinstance.py:1032} INFO - Dependencies all met for <TaskInstance: data_ingestion_yt_dag.download_data_task scheduled__2019-03-01T00:00:00+00:00 [queued]>
[2022-01-31 02:51:58,491] {taskinstance.py:1238} INFO - 
--------------------------------------------------------------------------------
[2022-01-31 02:51:58,492] {taskinstance.py:1239} INFO - Starting attempt 1 of 1
[2022-01-31 02:51:58,492] {taskinstance.py:1240} INFO - 
--------------------------------------------------------------------------------
[2022-01-31 02:51:58,897] {taskinstance.py:1259} INFO - Executing <Task(BashOperator): download_data_task> on 2019-03-01 00:00:00+00:00
[2022-01-31 02:51:58,901] {standard_task_runner.py:52} INFO - Started process 2111 to run task
[2022-01-31 02:51:58,905] {standard_task_runner.py:76} INFO - Running: ['***', 'tasks', 'run', 'data_ingestion_yt_dag', 'download_data_task', 'scheduled__2019-03-01T00:00:00+00:00', '--job-id', '37', '--raw', '--subdir', 'DAGS_FOLDER/data_ingestion_yt_dag.py', '--cfg-path', '/tmp/tmpb_38x13y', '--error-file', '/tmp/tmpwtyu4wwp']
[2022-01-31 02:51:58,906] {standard_task_runner.py:77} INFO - Job 37: Subtask download_data_task
[2022-01-31 02:51:59,069] {logging_mixin.py:109} INFO - Running <TaskInstance: data_ingestion_yt_dag.download_data_task scheduled__2019-03-01T00:00:00+00:00 [running]> on host ba9b87dbe2ba
[2022-01-31 02:51:59,381] {warnings.py:110} WARNING - /home/***/.local/lib/python3.7/site-packages/***/utils/context.py:152: AirflowContextDeprecationWarning: Accessing 'execution_date' from the template is deprecated and will be removed in a future version. Please use 'data_interval_start' or 'logical_date' instead.
  warnings.warn(_create_deprecation_warning(key, self._deprecation_replacements[key]))

[2022-01-31 02:51:59,564] {taskinstance.py:1426} INFO - Exporting the following env vars:
AIRFLOW_CTX_DAG_OWNER=***
AIRFLOW_CTX_DAG_ID=data_ingestion_yt_dag
AIRFLOW_CTX_TASK_ID=download_data_task
AIRFLOW_CTX_EXECUTION_DATE=2019-03-01T00:00:00+00:00
AIRFLOW_CTX_DAG_RUN_ID=scheduled__2019-03-01T00:00:00+00:00
[2022-01-31 02:51:59,566] {subprocess.py:62} INFO - Tmp dir root location: 
 /tmp
[2022-01-31 02:51:59,567] {subprocess.py:74} INFO - Running command: ['bash', '-c', 'curl -sSL https://s3.amazonaws.com/nyc-tlc/trip+data/yellow_tripdata_2019-03.csv > /opt/***/yellow_tripdata_2019-03.csv']
[2022-01-31 02:51:59,576] {subprocess.py:85} INFO - Output:
