[2022-02-01 16:04:26,395] {taskinstance.py:1032} INFO - Dependencies all met for <TaskInstance: data_ingestion_yt_dag.download_data_task scheduled__2021-05-01T00:00:00+00:00 [queued]>
[2022-02-01 16:04:26,408] {taskinstance.py:1032} INFO - Dependencies all met for <TaskInstance: data_ingestion_yt_dag.download_data_task scheduled__2021-05-01T00:00:00+00:00 [queued]>
[2022-02-01 16:04:26,408] {taskinstance.py:1238} INFO - 
--------------------------------------------------------------------------------
[2022-02-01 16:04:26,409] {taskinstance.py:1239} INFO - Starting attempt 1 of 1
[2022-02-01 16:04:26,409] {taskinstance.py:1240} INFO - 
--------------------------------------------------------------------------------
[2022-02-01 16:04:26,869] {taskinstance.py:1259} INFO - Executing <Task(BashOperator): download_data_task> on 2021-05-01 00:00:00+00:00
[2022-02-01 16:04:26,874] {standard_task_runner.py:52} INFO - Started process 31364 to run task
[2022-02-01 16:04:26,878] {standard_task_runner.py:76} INFO - Running: ['***', 'tasks', 'run', 'data_ingestion_yt_dag', 'download_data_task', 'scheduled__2021-05-01T00:00:00+00:00', '--job-id', '166', '--raw', '--subdir', 'DAGS_FOLDER/data_ingestion_yt_dag.py', '--cfg-path', '/tmp/tmp6zgjnaay', '--error-file', '/tmp/tmpiv1f48pj']
[2022-02-01 16:04:26,879] {standard_task_runner.py:77} INFO - Job 166: Subtask download_data_task
[2022-02-01 16:04:27,130] {logging_mixin.py:109} INFO - Running <TaskInstance: data_ingestion_yt_dag.download_data_task scheduled__2021-05-01T00:00:00+00:00 [running]> on host 153a4cabbd26
[2022-02-01 16:04:27,374] {logging_mixin.py:109} WARNING - /home/***/.local/lib/python3.7/site-packages/***/utils/context.py:152 AirflowContextDeprecationWarning: Accessing 'execution_date' from the template is deprecated and will be removed in a future version. Please use 'data_interval_start' or 'logical_date' instead.
[2022-02-01 16:04:27,489] {taskinstance.py:1426} INFO - Exporting the following env vars:
AIRFLOW_CTX_DAG_OWNER=***
AIRFLOW_CTX_DAG_ID=data_ingestion_yt_dag
AIRFLOW_CTX_TASK_ID=download_data_task
AIRFLOW_CTX_EXECUTION_DATE=2021-05-01T00:00:00+00:00
AIRFLOW_CTX_DAG_RUN_ID=scheduled__2021-05-01T00:00:00+00:00
[2022-02-01 16:04:27,490] {subprocess.py:62} INFO - Tmp dir root location: 
 /tmp
[2022-02-01 16:04:27,491] {subprocess.py:74} INFO - Running command: ['bash', '-c', 'curl -sSL https://s3.amazonaws.com/nyc-tlc/trip+data/yellow_tripdata_2021-05.csv > /opt/***/yellow_tripdata_2021-05.csv']
[2022-02-01 16:04:27,500] {subprocess.py:85} INFO - Output:
[2022-02-01 16:09:18,323] {subprocess.py:93} INFO - Command exited with return code 0
[2022-02-01 16:09:18,390] {taskinstance.py:1277} INFO - Marking task as SUCCESS. dag_id=data_ingestion_yt_dag, task_id=download_data_task, execution_date=20210501T000000, start_date=20220201T160426, end_date=20220201T160918
[2022-02-01 16:09:18,478] {local_task_job.py:154} INFO - Task exited with return code 0
[2022-02-01 16:09:18,556] {local_task_job.py:264} INFO - 1 downstream tasks scheduled from follow-on schedule check
