[2022-02-01 15:17:51,762] {taskinstance.py:1032} INFO - Dependencies all met for <TaskInstance: data_ingestion_yt_dag.local_to_gcs_task scheduled__2020-12-01T00:00:00+00:00 [queued]>
[2022-02-01 15:17:51,773] {taskinstance.py:1032} INFO - Dependencies all met for <TaskInstance: data_ingestion_yt_dag.local_to_gcs_task scheduled__2020-12-01T00:00:00+00:00 [queued]>
[2022-02-01 15:17:51,774] {taskinstance.py:1238} INFO - 
--------------------------------------------------------------------------------
[2022-02-01 15:17:51,774] {taskinstance.py:1239} INFO - Starting attempt 1 of 1
[2022-02-01 15:17:51,775] {taskinstance.py:1240} INFO - 
--------------------------------------------------------------------------------
[2022-02-01 15:17:51,846] {taskinstance.py:1259} INFO - Executing <Task(PythonOperator): local_to_gcs_task> on 2020-12-01 00:00:00+00:00
[2022-02-01 15:17:51,850] {standard_task_runner.py:52} INFO - Started process 25236 to run task
[2022-02-01 15:17:51,853] {standard_task_runner.py:76} INFO - Running: ['***', 'tasks', 'run', 'data_ingestion_yt_dag', 'local_to_gcs_task', 'scheduled__2020-12-01T00:00:00+00:00', '--job-id', '100', '--raw', '--subdir', 'DAGS_FOLDER/data_ingestion_yt_dag.py', '--cfg-path', '/tmp/tmplazcsno1', '--error-file', '/tmp/tmpqdj8hadp']
[2022-02-01 15:17:51,854] {standard_task_runner.py:77} INFO - Job 100: Subtask local_to_gcs_task
[2022-02-01 15:17:51,955] {logging_mixin.py:109} INFO - Running <TaskInstance: data_ingestion_yt_dag.local_to_gcs_task scheduled__2020-12-01T00:00:00+00:00 [running]> on host 153a4cabbd26
[2022-02-01 15:17:52,128] {logging_mixin.py:109} WARNING - /home/***/.local/lib/python3.7/site-packages/***/utils/context.py:152 AirflowContextDeprecationWarning: Accessing 'execution_date' from the template is deprecated and will be removed in a future version. Please use 'data_interval_start' or 'logical_date' instead.
[2022-02-01 15:17:52,243] {taskinstance.py:1426} INFO - Exporting the following env vars:
AIRFLOW_CTX_DAG_OWNER=***
AIRFLOW_CTX_DAG_ID=data_ingestion_yt_dag
AIRFLOW_CTX_TASK_ID=local_to_gcs_task
AIRFLOW_CTX_EXECUTION_DATE=2020-12-01T00:00:00+00:00
AIRFLOW_CTX_DAG_RUN_ID=scheduled__2020-12-01T00:00:00+00:00
[2022-02-01 15:17:57,250] {python.py:175} INFO - Done. Returned value was: None
[2022-02-01 15:17:57,261] {taskinstance.py:1277} INFO - Marking task as SUCCESS. dag_id=data_ingestion_yt_dag, task_id=local_to_gcs_task, execution_date=20201201T000000, start_date=20220201T151751, end_date=20220201T151757
[2022-02-01 15:17:57,374] {local_task_job.py:154} INFO - Task exited with return code 0
[2022-02-01 15:17:57,451] {local_task_job.py:264} INFO - 0 downstream tasks scheduled from follow-on schedule check
