[2022-01-31 17:15:59,749] {taskinstance.py:1032} INFO - Dependencies all met for <TaskInstance: data_ingestion_yt_dag.format_to_parquet_task scheduled__2019-10-01T00:00:00+00:00 [queued]>
[2022-01-31 17:15:59,764] {taskinstance.py:1032} INFO - Dependencies all met for <TaskInstance: data_ingestion_yt_dag.format_to_parquet_task scheduled__2019-10-01T00:00:00+00:00 [queued]>
[2022-01-31 17:15:59,764] {taskinstance.py:1238} INFO - 
--------------------------------------------------------------------------------
[2022-01-31 17:15:59,765] {taskinstance.py:1239} INFO - Starting attempt 1 of 1
[2022-01-31 17:15:59,765] {taskinstance.py:1240} INFO - 
--------------------------------------------------------------------------------
[2022-01-31 17:15:59,904] {taskinstance.py:1259} INFO - Executing <Task(PythonOperator): format_to_parquet_task> on 2019-10-01 00:00:00+00:00
[2022-01-31 17:15:59,908] {standard_task_runner.py:52} INFO - Started process 4143 to run task
[2022-01-31 17:15:59,911] {standard_task_runner.py:76} INFO - Running: ['***', 'tasks', 'run', 'data_ingestion_yt_dag', 'format_to_parquet_task', 'scheduled__2019-10-01T00:00:00+00:00', '--job-id', '63', '--raw', '--subdir', 'DAGS_FOLDER/data_ingestion_yt_dag.py', '--cfg-path', '/tmp/tmpeh2lditl', '--error-file', '/tmp/tmpsv3_zje_']
[2022-01-31 17:15:59,913] {standard_task_runner.py:77} INFO - Job 63: Subtask format_to_parquet_task
[2022-01-31 17:15:59,998] {logging_mixin.py:109} INFO - Running <TaskInstance: data_ingestion_yt_dag.format_to_parquet_task scheduled__2019-10-01T00:00:00+00:00 [running]> on host b65009af93ab
[2022-01-31 17:16:00,076] {warnings.py:110} WARNING - /home/***/.local/lib/python3.7/site-packages/***/utils/context.py:152: AirflowContextDeprecationWarning: Accessing 'execution_date' from the template is deprecated and will be removed in a future version. Please use 'data_interval_start' or 'logical_date' instead.
  warnings.warn(_create_deprecation_warning(key, self._deprecation_replacements[key]))

[2022-01-31 17:16:00,124] {taskinstance.py:1426} INFO - Exporting the following env vars:
AIRFLOW_CTX_DAG_OWNER=***
AIRFLOW_CTX_DAG_ID=data_ingestion_yt_dag
AIRFLOW_CTX_TASK_ID=format_to_parquet_task
AIRFLOW_CTX_EXECUTION_DATE=2019-10-01T00:00:00+00:00
AIRFLOW_CTX_DAG_RUN_ID=scheduled__2019-10-01T00:00:00+00:00
[2022-01-31 17:16:06,934] {python.py:175} INFO - Done. Returned value was: None
[2022-01-31 17:16:06,949] {taskinstance.py:1277} INFO - Marking task as SUCCESS. dag_id=data_ingestion_yt_dag, task_id=format_to_parquet_task, execution_date=20191001T000000, start_date=20220131T171559, end_date=20220131T171606
[2022-01-31 17:16:07,284] {local_task_job.py:154} INFO - Task exited with return code 0
[2022-01-31 17:16:07,415] {local_task_job.py:264} INFO - 1 downstream tasks scheduled from follow-on schedule check
