[2022-01-31 17:05:16,376] {taskinstance.py:1032} INFO - Dependencies all met for <TaskInstance: data_ingestion_yt_dag.download_data_task scheduled__2019-09-01T00:00:00+00:00 [queued]>
[2022-01-31 17:05:16,387] {taskinstance.py:1032} INFO - Dependencies all met for <TaskInstance: data_ingestion_yt_dag.download_data_task scheduled__2019-09-01T00:00:00+00:00 [queued]>
[2022-01-31 17:05:16,387] {taskinstance.py:1238} INFO - 
--------------------------------------------------------------------------------
[2022-01-31 17:05:16,388] {taskinstance.py:1239} INFO - Starting attempt 1 of 1
[2022-01-31 17:05:16,388] {taskinstance.py:1240} INFO - 
--------------------------------------------------------------------------------
[2022-01-31 17:05:16,432] {taskinstance.py:1259} INFO - Executing <Task(BashOperator): download_data_task> on 2019-09-01 00:00:00+00:00
[2022-01-31 17:05:16,436] {standard_task_runner.py:52} INFO - Started process 3673 to run task
[2022-01-31 17:05:16,439] {standard_task_runner.py:76} INFO - Running: ['***', 'tasks', 'run', 'data_ingestion_yt_dag', 'download_data_task', 'scheduled__2019-09-01T00:00:00+00:00', '--job-id', '59', '--raw', '--subdir', 'DAGS_FOLDER/data_ingestion_yt_dag.py', '--cfg-path', '/tmp/tmphgvmuonb', '--error-file', '/tmp/tmpg1lzm_yv']
[2022-01-31 17:05:16,440] {standard_task_runner.py:77} INFO - Job 59: Subtask download_data_task
[2022-01-31 17:05:16,525] {logging_mixin.py:109} INFO - Running <TaskInstance: data_ingestion_yt_dag.download_data_task scheduled__2019-09-01T00:00:00+00:00 [running]> on host b65009af93ab
[2022-01-31 17:05:16,588] {warnings.py:110} WARNING - /home/***/.local/lib/python3.7/site-packages/***/utils/context.py:152: AirflowContextDeprecationWarning: Accessing 'execution_date' from the template is deprecated and will be removed in a future version. Please use 'data_interval_start' or 'logical_date' instead.
  warnings.warn(_create_deprecation_warning(key, self._deprecation_replacements[key]))

[2022-01-31 17:05:16,628] {taskinstance.py:1426} INFO - Exporting the following env vars:
AIRFLOW_CTX_DAG_OWNER=***
AIRFLOW_CTX_DAG_ID=data_ingestion_yt_dag
AIRFLOW_CTX_TASK_ID=download_data_task
AIRFLOW_CTX_EXECUTION_DATE=2019-09-01T00:00:00+00:00
AIRFLOW_CTX_DAG_RUN_ID=scheduled__2019-09-01T00:00:00+00:00
[2022-01-31 17:05:16,629] {subprocess.py:62} INFO - Tmp dir root location: 
 /tmp
[2022-01-31 17:05:16,630] {subprocess.py:74} INFO - Running command: ['bash', '-c', 'curl -sSL https://s3.amazonaws.com/nyc-tlc/trip+data/yellow_tripdata_2019-09.csv > /opt/***/yellow_tripdata_2019-09.csv']
[2022-01-31 17:05:16,639] {subprocess.py:85} INFO - Output:
[2022-01-31 17:09:11,385] {subprocess.py:93} INFO - Command exited with return code 0
[2022-01-31 17:09:11,531] {taskinstance.py:1277} INFO - Marking task as SUCCESS. dag_id=data_ingestion_yt_dag, task_id=download_data_task, execution_date=20190901T000000, start_date=20220131T170516, end_date=20220131T170911
[2022-01-31 17:09:11,632] {local_task_job.py:154} INFO - Task exited with return code 0
[2022-01-31 17:09:11,715] {local_task_job.py:264} INFO - 1 downstream tasks scheduled from follow-on schedule check
