[2022-02-01 16:04:49,815] {taskinstance.py:1032} INFO - Dependencies all met for <TaskInstance: data_ingestion_yt_dag.download_data_task scheduled__2021-06-01T00:00:00+00:00 [queued]>
[2022-02-01 16:04:49,827] {taskinstance.py:1032} INFO - Dependencies all met for <TaskInstance: data_ingestion_yt_dag.download_data_task scheduled__2021-06-01T00:00:00+00:00 [queued]>
[2022-02-01 16:04:49,828] {taskinstance.py:1238} INFO - 
--------------------------------------------------------------------------------
[2022-02-01 16:04:49,828] {taskinstance.py:1239} INFO - Starting attempt 1 of 1
[2022-02-01 16:04:49,829] {taskinstance.py:1240} INFO - 
--------------------------------------------------------------------------------
[2022-02-01 16:04:49,960] {taskinstance.py:1259} INFO - Executing <Task(BashOperator): download_data_task> on 2021-06-01 00:00:00+00:00
[2022-02-01 16:04:49,964] {standard_task_runner.py:52} INFO - Started process 31432 to run task
[2022-02-01 16:04:49,967] {standard_task_runner.py:76} INFO - Running: ['***', 'tasks', 'run', 'data_ingestion_yt_dag', 'download_data_task', 'scheduled__2021-06-01T00:00:00+00:00', '--job-id', '168', '--raw', '--subdir', 'DAGS_FOLDER/data_ingestion_yt_dag.py', '--cfg-path', '/tmp/tmp3ntna2_x', '--error-file', '/tmp/tmpkcoabc5b']
[2022-02-01 16:04:49,968] {standard_task_runner.py:77} INFO - Job 168: Subtask download_data_task
[2022-02-01 16:04:50,149] {logging_mixin.py:109} INFO - Running <TaskInstance: data_ingestion_yt_dag.download_data_task scheduled__2021-06-01T00:00:00+00:00 [running]> on host 153a4cabbd26
[2022-02-01 16:04:50,340] {logging_mixin.py:109} WARNING - /home/***/.local/lib/python3.7/site-packages/***/utils/context.py:152 AirflowContextDeprecationWarning: Accessing 'execution_date' from the template is deprecated and will be removed in a future version. Please use 'data_interval_start' or 'logical_date' instead.
[2022-02-01 16:04:50,445] {taskinstance.py:1426} INFO - Exporting the following env vars:
AIRFLOW_CTX_DAG_OWNER=***
AIRFLOW_CTX_DAG_ID=data_ingestion_yt_dag
AIRFLOW_CTX_TASK_ID=download_data_task
AIRFLOW_CTX_EXECUTION_DATE=2021-06-01T00:00:00+00:00
AIRFLOW_CTX_DAG_RUN_ID=scheduled__2021-06-01T00:00:00+00:00
[2022-02-01 16:04:50,447] {subprocess.py:62} INFO - Tmp dir root location: 
 /tmp
[2022-02-01 16:04:50,448] {subprocess.py:74} INFO - Running command: ['bash', '-c', 'curl -sSL https://s3.amazonaws.com/nyc-tlc/trip+data/yellow_tripdata_2021-06.csv > /opt/***/yellow_tripdata_2021-06.csv']
[2022-02-01 16:04:50,455] {subprocess.py:85} INFO - Output:
[2022-02-01 16:12:50,014] {subprocess.py:93} INFO - Command exited with return code 0
[2022-02-01 16:12:50,084] {taskinstance.py:1277} INFO - Marking task as SUCCESS. dag_id=data_ingestion_yt_dag, task_id=download_data_task, execution_date=20210601T000000, start_date=20220201T160449, end_date=20220201T161250
[2022-02-01 16:12:50,193] {local_task_job.py:154} INFO - Task exited with return code 0
[2022-02-01 16:12:50,272] {local_task_job.py:264} INFO - 1 downstream tasks scheduled from follow-on schedule check
