[2022-02-01 15:48:05,514] {taskinstance.py:1032} INFO - Dependencies all met for <TaskInstance: data_ingestion_fhv_dag.download_data_task scheduled__2021-06-01T00:00:00+00:00 [queued]>
[2022-02-01 15:48:05,534] {taskinstance.py:1032} INFO - Dependencies all met for <TaskInstance: data_ingestion_fhv_dag.download_data_task scheduled__2021-06-01T00:00:00+00:00 [queued]>
[2022-02-01 15:48:05,534] {taskinstance.py:1238} INFO - 
--------------------------------------------------------------------------------
[2022-02-01 15:48:05,535] {taskinstance.py:1239} INFO - Starting attempt 1 of 1
[2022-02-01 15:48:05,535] {taskinstance.py:1240} INFO - 
--------------------------------------------------------------------------------
[2022-02-01 15:48:05,677] {taskinstance.py:1259} INFO - Executing <Task(BashOperator): download_data_task> on 2021-06-01 00:00:00+00:00
[2022-02-01 15:48:05,682] {standard_task_runner.py:52} INFO - Started process 29839 to run task
[2022-02-01 15:48:05,685] {standard_task_runner.py:76} INFO - Running: ['***', 'tasks', 'run', 'data_ingestion_fhv_dag', 'download_data_task', 'scheduled__2021-06-01T00:00:00+00:00', '--job-id', '150', '--raw', '--subdir', 'DAGS_FOLDER/data_ingestion_fhv_dag.py', '--cfg-path', '/tmp/tmpcgwnzlcj', '--error-file', '/tmp/tmpazvgm9k7']
[2022-02-01 15:48:05,686] {standard_task_runner.py:77} INFO - Job 150: Subtask download_data_task
[2022-02-01 15:48:05,830] {logging_mixin.py:109} INFO - Running <TaskInstance: data_ingestion_fhv_dag.download_data_task scheduled__2021-06-01T00:00:00+00:00 [running]> on host 153a4cabbd26
[2022-02-01 15:48:06,042] {logging_mixin.py:109} WARNING - /home/***/.local/lib/python3.7/site-packages/***/utils/context.py:152 AirflowContextDeprecationWarning: Accessing 'execution_date' from the template is deprecated and will be removed in a future version. Please use 'data_interval_start' or 'logical_date' instead.
[2022-02-01 15:48:06,113] {taskinstance.py:1426} INFO - Exporting the following env vars:
AIRFLOW_CTX_DAG_OWNER=***
AIRFLOW_CTX_DAG_ID=data_ingestion_fhv_dag
AIRFLOW_CTX_TASK_ID=download_data_task
AIRFLOW_CTX_EXECUTION_DATE=2021-06-01T00:00:00+00:00
AIRFLOW_CTX_DAG_RUN_ID=scheduled__2021-06-01T00:00:00+00:00
[2022-02-01 15:48:06,114] {subprocess.py:62} INFO - Tmp dir root location: 
 /tmp
[2022-02-01 15:48:06,115] {subprocess.py:74} INFO - Running command: ['bash', '-c', 'curl -sSL https://nyc-tlc.s3.amazonaws.com/trip+data/fhv_tripdata_2021-06.csv > /opt/***/fhv_tripdata_2021-06.csv']
[2022-02-01 15:48:06,123] {subprocess.py:85} INFO - Output:
[2022-02-01 15:49:56,251] {subprocess.py:93} INFO - Command exited with return code 0
[2022-02-01 15:49:56,345] {taskinstance.py:1277} INFO - Marking task as SUCCESS. dag_id=data_ingestion_fhv_dag, task_id=download_data_task, execution_date=20210601T000000, start_date=20220201T154805, end_date=20220201T154956
[2022-02-01 15:49:56,492] {local_task_job.py:154} INFO - Task exited with return code 0
[2022-02-01 15:49:56,671] {local_task_job.py:264} INFO - 1 downstream tasks scheduled from follow-on schedule check
