[2022-01-30 22:35:39,104] {taskinstance.py:1032} INFO - Dependencies all met for <TaskInstance: data_ingestion_yt_dag.format_to_parquet_task scheduled__2019-01-01T00:00:00+00:00 [queued]>
[2022-01-30 22:35:39,116] {taskinstance.py:1032} INFO - Dependencies all met for <TaskInstance: data_ingestion_yt_dag.format_to_parquet_task scheduled__2019-01-01T00:00:00+00:00 [queued]>
[2022-01-30 22:35:39,117] {taskinstance.py:1238} INFO - 
--------------------------------------------------------------------------------
[2022-01-30 22:35:39,117] {taskinstance.py:1239} INFO - Starting attempt 1 of 1
[2022-01-30 22:35:39,118] {taskinstance.py:1240} INFO - 
--------------------------------------------------------------------------------
[2022-01-30 22:35:39,183] {taskinstance.py:1259} INFO - Executing <Task(PythonOperator): format_to_parquet_task> on 2019-01-01 00:00:00+00:00
[2022-01-30 22:35:39,187] {standard_task_runner.py:52} INFO - Started process 1380 to run task
[2022-01-30 22:35:39,190] {standard_task_runner.py:76} INFO - Running: ['***', 'tasks', 'run', 'data_ingestion_yt_dag', 'format_to_parquet_task', 'scheduled__2019-01-01T00:00:00+00:00', '--job-id', '27', '--raw', '--subdir', 'DAGS_FOLDER/data_ingestion_yt_dag.py', '--cfg-path', '/tmp/tmp3643kban', '--error-file', '/tmp/tmpqiafvdt1']
[2022-01-30 22:35:39,191] {standard_task_runner.py:77} INFO - Job 27: Subtask format_to_parquet_task
[2022-01-30 22:35:39,296] {logging_mixin.py:109} INFO - Running <TaskInstance: data_ingestion_yt_dag.format_to_parquet_task scheduled__2019-01-01T00:00:00+00:00 [running]> on host c1161da7400a
[2022-01-30 22:35:39,443] {taskinstance.py:1426} INFO - Exporting the following env vars:
AIRFLOW_CTX_DAG_OWNER=***
AIRFLOW_CTX_DAG_ID=data_ingestion_yt_dag
AIRFLOW_CTX_TASK_ID=format_to_parquet_task
AIRFLOW_CTX_EXECUTION_DATE=2019-01-01T00:00:00+00:00
AIRFLOW_CTX_DAG_RUN_ID=scheduled__2019-01-01T00:00:00+00:00
[2022-01-30 22:35:39,445] {data_ingestion_yt_dag.py:24} ERROR - Can only accept source files in CSV format, for the moment
[2022-01-30 22:35:39,445] {python.py:175} INFO - Done. Returned value was: None
[2022-01-30 22:35:39,457] {taskinstance.py:1277} INFO - Marking task as SUCCESS. dag_id=data_ingestion_yt_dag, task_id=format_to_parquet_task, execution_date=20190101T000000, start_date=20220130T223539, end_date=20220130T223539
[2022-01-30 22:35:39,523] {local_task_job.py:154} INFO - Task exited with return code 0
[2022-01-30 22:35:39,730] {local_task_job.py:264} INFO - 1 downstream tasks scheduled from follow-on schedule check
[2022-01-31 02:10:21,996] {taskinstance.py:1032} INFO - Dependencies all met for <TaskInstance: data_ingestion_yt_dag.format_to_parquet_task scheduled__2019-01-01T00:00:00+00:00 [queued]>
[2022-01-31 02:10:22,018] {taskinstance.py:1032} INFO - Dependencies all met for <TaskInstance: data_ingestion_yt_dag.format_to_parquet_task scheduled__2019-01-01T00:00:00+00:00 [queued]>
[2022-01-31 02:10:22,020] {taskinstance.py:1238} INFO - 
--------------------------------------------------------------------------------
[2022-01-31 02:10:22,021] {taskinstance.py:1239} INFO - Starting attempt 1 of 1
[2022-01-31 02:10:22,022] {taskinstance.py:1240} INFO - 
--------------------------------------------------------------------------------
[2022-01-31 02:10:22,106] {taskinstance.py:1259} INFO - Executing <Task(PythonOperator): format_to_parquet_task> on 2019-01-01 00:00:00+00:00
[2022-01-31 02:10:22,115] {standard_task_runner.py:52} INFO - Started process 1419 to run task
[2022-01-31 02:10:22,123] {standard_task_runner.py:76} INFO - Running: ['***', 'tasks', 'run', 'data_ingestion_yt_dag', 'format_to_parquet_task', 'scheduled__2019-01-01T00:00:00+00:00', '--job-id', '33', '--raw', '--subdir', 'DAGS_FOLDER/data_ingestion_yt_dag.py', '--cfg-path', '/tmp/tmph73uchvf', '--error-file', '/tmp/tmpj60_wo3_']
[2022-01-31 02:10:22,125] {standard_task_runner.py:77} INFO - Job 33: Subtask format_to_parquet_task
[2022-01-31 02:10:22,234] {logging_mixin.py:109} INFO - Running <TaskInstance: data_ingestion_yt_dag.format_to_parquet_task scheduled__2019-01-01T00:00:00+00:00 [running]> on host ba9b87dbe2ba
[2022-01-31 02:10:22,311] {warnings.py:110} WARNING - /home/***/.local/lib/python3.7/site-packages/***/utils/context.py:152: AirflowContextDeprecationWarning: Accessing 'execution_date' from the template is deprecated and will be removed in a future version. Please use 'data_interval_start' or 'logical_date' instead.
  warnings.warn(_create_deprecation_warning(key, self._deprecation_replacements[key]))

[2022-01-31 02:10:22,374] {taskinstance.py:1426} INFO - Exporting the following env vars:
AIRFLOW_CTX_DAG_OWNER=***
AIRFLOW_CTX_DAG_ID=data_ingestion_yt_dag
AIRFLOW_CTX_TASK_ID=format_to_parquet_task
AIRFLOW_CTX_EXECUTION_DATE=2019-01-01T00:00:00+00:00
AIRFLOW_CTX_DAG_RUN_ID=scheduled__2019-01-01T00:00:00+00:00
[2022-01-31 02:11:44,472] {python.py:175} INFO - Done. Returned value was: None
[2022-01-31 02:11:44,495] {taskinstance.py:1277} INFO - Marking task as SUCCESS. dag_id=data_ingestion_yt_dag, task_id=format_to_parquet_task, execution_date=20190101T000000, start_date=20220131T021021, end_date=20220131T021144
[2022-01-31 02:11:45,659] {local_task_job.py:154} INFO - Task exited with return code 0
[2022-01-31 02:11:48,259] {local_task_job.py:264} INFO - 1 downstream tasks scheduled from follow-on schedule check
