[2022-02-01 14:58:53,283] {taskinstance.py:1032} INFO - Dependencies all met for <TaskInstance: data_ingestion_yt_dag.local_to_gcs_task scheduled__2020-05-01T00:00:00+00:00 [queued]>
[2022-02-01 14:58:53,295] {taskinstance.py:1032} INFO - Dependencies all met for <TaskInstance: data_ingestion_yt_dag.local_to_gcs_task scheduled__2020-05-01T00:00:00+00:00 [queued]>
[2022-02-01 14:58:53,295] {taskinstance.py:1238} INFO - 
--------------------------------------------------------------------------------
[2022-02-01 14:58:53,296] {taskinstance.py:1239} INFO - Starting attempt 1 of 1
[2022-02-01 14:58:53,296] {taskinstance.py:1240} INFO - 
--------------------------------------------------------------------------------
[2022-02-01 14:58:53,506] {taskinstance.py:1259} INFO - Executing <Task(PythonOperator): local_to_gcs_task> on 2020-05-01 00:00:00+00:00
[2022-02-01 14:58:53,517] {standard_task_runner.py:52} INFO - Started process 22677 to run task
[2022-02-01 14:58:53,527] {standard_task_runner.py:76} INFO - Running: ['***', 'tasks', 'run', 'data_ingestion_yt_dag', 'local_to_gcs_task', 'scheduled__2020-05-01T00:00:00+00:00', '--job-id', '73', '--raw', '--subdir', 'DAGS_FOLDER/data_ingestion_yt_dag.py', '--cfg-path', '/tmp/tmpwe8715f3', '--error-file', '/tmp/tmp1smq4t3p']
[2022-02-01 14:58:53,529] {standard_task_runner.py:77} INFO - Job 73: Subtask local_to_gcs_task
[2022-02-01 14:58:53,675] {logging_mixin.py:109} INFO - Running <TaskInstance: data_ingestion_yt_dag.local_to_gcs_task scheduled__2020-05-01T00:00:00+00:00 [running]> on host 153a4cabbd26
[2022-02-01 14:58:53,871] {logging_mixin.py:109} WARNING - /home/***/.local/lib/python3.7/site-packages/***/utils/context.py:152 AirflowContextDeprecationWarning: Accessing 'execution_date' from the template is deprecated and will be removed in a future version. Please use 'data_interval_start' or 'logical_date' instead.
[2022-02-01 14:58:53,956] {taskinstance.py:1426} INFO - Exporting the following env vars:
AIRFLOW_CTX_DAG_OWNER=***
AIRFLOW_CTX_DAG_ID=data_ingestion_yt_dag
AIRFLOW_CTX_TASK_ID=local_to_gcs_task
AIRFLOW_CTX_EXECUTION_DATE=2020-05-01T00:00:00+00:00
AIRFLOW_CTX_DAG_RUN_ID=scheduled__2020-05-01T00:00:00+00:00
[2022-02-01 14:58:55,904] {python.py:175} INFO - Done. Returned value was: None
[2022-02-01 14:58:55,928] {taskinstance.py:1277} INFO - Marking task as SUCCESS. dag_id=data_ingestion_yt_dag, task_id=local_to_gcs_task, execution_date=20200501T000000, start_date=20220201T145853, end_date=20220201T145855
[2022-02-01 14:58:56,072] {local_task_job.py:154} INFO - Task exited with return code 0
[2022-02-01 14:58:56,296] {local_task_job.py:264} INFO - 0 downstream tasks scheduled from follow-on schedule check
