[2022-01-30 22:04:39,436] {processor.py:163} INFO - Started process (PID=41) to work on /opt/airflow/dags/data_ingestion_yt_dag.py
[2022-01-30 22:04:39,439] {processor.py:642} INFO - Processing file /opt/airflow/dags/data_ingestion_yt_dag.py for tasks to queue
[2022-01-30 22:04:39,442] {logging_mixin.py:109} INFO - [2022-01-30 22:04:39,442] {dagbag.py:500} INFO - Filling up the DagBag from /opt/airflow/dags/data_ingestion_yt_dag.py
[2022-01-30 22:04:43,471] {processor.py:654} INFO - DAG(s) dict_keys(['data_ingestion_yt_dag']) retrieved from /opt/airflow/dags/data_ingestion_yt_dag.py
[2022-01-30 22:05:00,122] {logging_mixin.py:109} INFO - [2022-01-30 22:05:00,122] {manager.py:496} INFO - Created Permission View: can edit on DAG:data_ingestion_yt_dag
[2022-01-30 22:05:01,340] {logging_mixin.py:109} INFO - [2022-01-30 22:05:01,340] {manager.py:496} INFO - Created Permission View: can read on DAG:data_ingestion_yt_dag
[2022-01-30 22:05:01,341] {logging_mixin.py:109} INFO - [2022-01-30 22:05:01,340] {dag.py:2396} INFO - Sync 1 DAGs
[2022-01-30 22:05:01,348] {logging_mixin.py:109} INFO - [2022-01-30 22:05:01,348] {dag.py:2415} INFO - Creating ORM DAG for data_ingestion_yt_dag
[2022-01-30 22:05:01,358] {logging_mixin.py:109} INFO - [2022-01-30 22:05:01,357] {dag.py:2935} INFO - Setting next_dagrun for data_ingestion_yt_dag to 2021-12-01 00:00:00+00:00
[2022-01-30 22:05:02,582] {processor.py:171} INFO - Processing /opt/airflow/dags/data_ingestion_yt_dag.py took 23.151 seconds
[2022-01-30 22:05:08,069] {processor.py:163} INFO - Started process (PID=68) to work on /opt/airflow/dags/data_ingestion_yt_dag.py
[2022-01-30 22:05:08,071] {processor.py:642} INFO - Processing file /opt/airflow/dags/data_ingestion_yt_dag.py for tasks to queue
[2022-01-30 22:05:08,072] {logging_mixin.py:109} INFO - [2022-01-30 22:05:08,072] {dagbag.py:500} INFO - Filling up the DagBag from /opt/airflow/dags/data_ingestion_yt_dag.py
[2022-01-30 22:05:14,900] {processor.py:654} INFO - DAG(s) dict_keys(['data_ingestion_yt_dag']) retrieved from /opt/airflow/dags/data_ingestion_yt_dag.py
[2022-01-30 22:05:18,099] {logging_mixin.py:109} INFO - [2022-01-30 22:05:18,099] {dag.py:2396} INFO - Sync 1 DAGs
[2022-01-30 22:05:18,114] {logging_mixin.py:109} INFO - [2022-01-30 22:05:18,114] {dag.py:2935} INFO - Setting next_dagrun for data_ingestion_yt_dag to 2021-12-01 00:00:00+00:00
[2022-01-30 22:05:19,311] {processor.py:171} INFO - Processing /opt/airflow/dags/data_ingestion_yt_dag.py took 11.245 seconds
[2022-01-30 22:05:51,321] {processor.py:163} INFO - Started process (PID=115) to work on /opt/airflow/dags/data_ingestion_yt_dag.py
[2022-01-30 22:06:00,764] {processor.py:642} INFO - Processing file /opt/airflow/dags/data_ingestion_yt_dag.py for tasks to queue
[2022-01-30 22:06:00,766] {logging_mixin.py:109} INFO - [2022-01-30 22:06:00,766] {dagbag.py:500} INFO - Filling up the DagBag from /opt/airflow/dags/data_ingestion_yt_dag.py
[2022-01-30 22:06:05,482] {processor.py:654} INFO - DAG(s) dict_keys(['data_ingestion_yt_dag']) retrieved from /opt/airflow/dags/data_ingestion_yt_dag.py
[2022-01-30 22:06:05,574] {logging_mixin.py:109} INFO - [2022-01-30 22:06:05,573] {dag.py:2396} INFO - Sync 1 DAGs
[2022-01-30 22:06:05,589] {logging_mixin.py:109} INFO - [2022-01-30 22:06:05,589] {dag.py:2935} INFO - Setting next_dagrun for data_ingestion_yt_dag to 2021-12-01 00:00:00+00:00
[2022-01-30 22:06:05,817] {processor.py:171} INFO - Processing /opt/airflow/dags/data_ingestion_yt_dag.py took 14.498 seconds
[2022-01-30 22:06:36,103] {processor.py:163} INFO - Started process (PID=151) to work on /opt/airflow/dags/data_ingestion_yt_dag.py
[2022-01-30 22:06:36,105] {processor.py:642} INFO - Processing file /opt/airflow/dags/data_ingestion_yt_dag.py for tasks to queue
[2022-01-30 22:06:36,106] {logging_mixin.py:109} INFO - [2022-01-30 22:06:36,106] {dagbag.py:500} INFO - Filling up the DagBag from /opt/airflow/dags/data_ingestion_yt_dag.py
[2022-01-30 22:06:36,467] {processor.py:654} INFO - DAG(s) dict_keys(['data_ingestion_yt_dag']) retrieved from /opt/airflow/dags/data_ingestion_yt_dag.py
[2022-01-30 22:06:36,476] {logging_mixin.py:109} INFO - [2022-01-30 22:06:36,476] {dag.py:2396} INFO - Sync 1 DAGs
[2022-01-30 22:06:36,497] {logging_mixin.py:109} INFO - [2022-01-30 22:06:36,497] {dag.py:2935} INFO - Setting next_dagrun for data_ingestion_yt_dag to 2021-12-01 00:00:00+00:00
[2022-01-30 22:06:36,953] {processor.py:171} INFO - Processing /opt/airflow/dags/data_ingestion_yt_dag.py took 0.856 seconds
[2022-01-30 22:07:07,526] {processor.py:163} INFO - Started process (PID=189) to work on /opt/airflow/dags/data_ingestion_yt_dag.py
[2022-01-30 22:07:07,528] {processor.py:642} INFO - Processing file /opt/airflow/dags/data_ingestion_yt_dag.py for tasks to queue
[2022-01-30 22:07:07,529] {logging_mixin.py:109} INFO - [2022-01-30 22:07:07,529] {dagbag.py:500} INFO - Filling up the DagBag from /opt/airflow/dags/data_ingestion_yt_dag.py
[2022-01-30 22:07:07,964] {processor.py:654} INFO - DAG(s) dict_keys(['data_ingestion_yt_dag']) retrieved from /opt/airflow/dags/data_ingestion_yt_dag.py
[2022-01-30 22:07:07,976] {logging_mixin.py:109} INFO - [2022-01-30 22:07:07,976] {dag.py:2396} INFO - Sync 1 DAGs
[2022-01-30 22:07:08,000] {logging_mixin.py:109} INFO - [2022-01-30 22:07:08,000] {dag.py:2935} INFO - Setting next_dagrun for data_ingestion_yt_dag to 2021-12-01 00:00:00+00:00
[2022-01-30 22:07:08,120] {processor.py:171} INFO - Processing /opt/airflow/dags/data_ingestion_yt_dag.py took 0.596 seconds
[2022-01-30 22:07:38,372] {processor.py:163} INFO - Started process (PID=236) to work on /opt/airflow/dags/data_ingestion_yt_dag.py
[2022-01-30 22:07:38,374] {processor.py:642} INFO - Processing file /opt/airflow/dags/data_ingestion_yt_dag.py for tasks to queue
[2022-01-30 22:07:38,376] {logging_mixin.py:109} INFO - [2022-01-30 22:07:38,376] {dagbag.py:500} INFO - Filling up the DagBag from /opt/airflow/dags/data_ingestion_yt_dag.py
[2022-01-30 22:07:38,762] {processor.py:654} INFO - DAG(s) dict_keys(['data_ingestion_yt_dag']) retrieved from /opt/airflow/dags/data_ingestion_yt_dag.py
[2022-01-30 22:07:38,770] {logging_mixin.py:109} INFO - [2022-01-30 22:07:38,770] {dag.py:2396} INFO - Sync 1 DAGs
[2022-01-30 22:07:38,786] {logging_mixin.py:109} INFO - [2022-01-30 22:07:38,786] {dag.py:2935} INFO - Setting next_dagrun for data_ingestion_yt_dag to 2021-12-01 00:00:00+00:00
[2022-01-30 22:07:38,818] {processor.py:171} INFO - Processing /opt/airflow/dags/data_ingestion_yt_dag.py took 0.450 seconds
[2022-01-30 22:08:09,017] {processor.py:163} INFO - Started process (PID=273) to work on /opt/airflow/dags/data_ingestion_yt_dag.py
[2022-01-30 22:08:09,018] {processor.py:642} INFO - Processing file /opt/airflow/dags/data_ingestion_yt_dag.py for tasks to queue
[2022-01-30 22:08:09,019] {logging_mixin.py:109} INFO - [2022-01-30 22:08:09,019] {dagbag.py:500} INFO - Filling up the DagBag from /opt/airflow/dags/data_ingestion_yt_dag.py
[2022-01-30 22:08:09,390] {processor.py:654} INFO - DAG(s) dict_keys(['data_ingestion_yt_dag']) retrieved from /opt/airflow/dags/data_ingestion_yt_dag.py
[2022-01-30 22:08:09,398] {logging_mixin.py:109} INFO - [2022-01-30 22:08:09,398] {dag.py:2396} INFO - Sync 1 DAGs
[2022-01-30 22:08:09,413] {logging_mixin.py:109} INFO - [2022-01-30 22:08:09,413] {dag.py:2935} INFO - Setting next_dagrun for data_ingestion_yt_dag to 2021-12-01 00:00:00+00:00
[2022-01-30 22:08:09,587] {processor.py:171} INFO - Processing /opt/airflow/dags/data_ingestion_yt_dag.py took 0.574 seconds
[2022-01-30 22:08:39,850] {processor.py:163} INFO - Started process (PID=319) to work on /opt/airflow/dags/data_ingestion_yt_dag.py
[2022-01-30 22:08:39,853] {processor.py:642} INFO - Processing file /opt/airflow/dags/data_ingestion_yt_dag.py for tasks to queue
[2022-01-30 22:08:39,855] {logging_mixin.py:109} INFO - [2022-01-30 22:08:39,854] {dagbag.py:500} INFO - Filling up the DagBag from /opt/airflow/dags/data_ingestion_yt_dag.py
[2022-01-30 22:08:40,215] {processor.py:654} INFO - DAG(s) dict_keys(['data_ingestion_yt_dag']) retrieved from /opt/airflow/dags/data_ingestion_yt_dag.py
[2022-01-30 22:08:40,223] {logging_mixin.py:109} INFO - [2022-01-30 22:08:40,222] {dag.py:2396} INFO - Sync 1 DAGs
[2022-01-30 22:08:40,239] {logging_mixin.py:109} INFO - [2022-01-30 22:08:40,239] {dag.py:2935} INFO - Setting next_dagrun for data_ingestion_yt_dag to 2021-12-01 00:00:00+00:00
[2022-01-30 22:08:40,310] {processor.py:171} INFO - Processing /opt/airflow/dags/data_ingestion_yt_dag.py took 0.470 seconds
[2022-01-30 22:09:10,590] {processor.py:163} INFO - Started process (PID=356) to work on /opt/airflow/dags/data_ingestion_yt_dag.py
[2022-01-30 22:09:10,591] {processor.py:642} INFO - Processing file /opt/airflow/dags/data_ingestion_yt_dag.py for tasks to queue
[2022-01-30 22:09:10,592] {logging_mixin.py:109} INFO - [2022-01-30 22:09:10,592] {dagbag.py:500} INFO - Filling up the DagBag from /opt/airflow/dags/data_ingestion_yt_dag.py
[2022-01-30 22:09:10,948] {processor.py:654} INFO - DAG(s) dict_keys(['data_ingestion_yt_dag']) retrieved from /opt/airflow/dags/data_ingestion_yt_dag.py
[2022-01-30 22:09:10,957] {logging_mixin.py:109} INFO - [2022-01-30 22:09:10,957] {dag.py:2396} INFO - Sync 1 DAGs
[2022-01-30 22:09:10,971] {logging_mixin.py:109} INFO - [2022-01-30 22:09:10,971] {dag.py:2935} INFO - Setting next_dagrun for data_ingestion_yt_dag to 2021-12-01 00:00:00+00:00
[2022-01-30 22:09:11,047] {processor.py:171} INFO - Processing /opt/airflow/dags/data_ingestion_yt_dag.py took 0.460 seconds
[2022-01-30 22:09:41,113] {processor.py:163} INFO - Started process (PID=398) to work on /opt/airflow/dags/data_ingestion_yt_dag.py
[2022-01-30 22:09:41,115] {processor.py:642} INFO - Processing file /opt/airflow/dags/data_ingestion_yt_dag.py for tasks to queue
[2022-01-30 22:09:41,116] {logging_mixin.py:109} INFO - [2022-01-30 22:09:41,116] {dagbag.py:500} INFO - Filling up the DagBag from /opt/airflow/dags/data_ingestion_yt_dag.py
[2022-01-30 22:09:41,573] {processor.py:654} INFO - DAG(s) dict_keys(['data_ingestion_yt_dag']) retrieved from /opt/airflow/dags/data_ingestion_yt_dag.py
[2022-01-30 22:09:41,589] {logging_mixin.py:109} INFO - [2022-01-30 22:09:41,589] {dag.py:2396} INFO - Sync 1 DAGs
[2022-01-30 22:09:41,690] {processor.py:171} INFO - Processing /opt/airflow/dags/data_ingestion_yt_dag.py took 0.580 seconds
[2022-01-30 22:10:11,959] {processor.py:163} INFO - Started process (PID=438) to work on /opt/airflow/dags/data_ingestion_yt_dag.py
[2022-01-30 22:10:11,960] {processor.py:642} INFO - Processing file /opt/airflow/dags/data_ingestion_yt_dag.py for tasks to queue
[2022-01-30 22:10:11,961] {logging_mixin.py:109} INFO - [2022-01-30 22:10:11,961] {dagbag.py:500} INFO - Filling up the DagBag from /opt/airflow/dags/data_ingestion_yt_dag.py
[2022-01-30 22:10:12,348] {processor.py:654} INFO - DAG(s) dict_keys(['data_ingestion_yt_dag']) retrieved from /opt/airflow/dags/data_ingestion_yt_dag.py
[2022-01-30 22:10:12,358] {logging_mixin.py:109} INFO - [2022-01-30 22:10:12,358] {dag.py:2396} INFO - Sync 1 DAGs
[2022-01-30 22:10:12,379] {logging_mixin.py:109} INFO - [2022-01-30 22:10:12,379] {dag.py:2935} INFO - Setting next_dagrun for data_ingestion_yt_dag to 2022-01-01T00:00:00+00:00
[2022-01-30 22:10:12,434] {processor.py:171} INFO - Processing /opt/airflow/dags/data_ingestion_yt_dag.py took 0.479 seconds
[2022-01-30 22:10:42,644] {processor.py:163} INFO - Started process (PID=474) to work on /opt/airflow/dags/data_ingestion_yt_dag.py
[2022-01-30 22:10:42,646] {processor.py:642} INFO - Processing file /opt/airflow/dags/data_ingestion_yt_dag.py for tasks to queue
[2022-01-30 22:10:42,647] {logging_mixin.py:109} INFO - [2022-01-30 22:10:42,646] {dagbag.py:500} INFO - Filling up the DagBag from /opt/airflow/dags/data_ingestion_yt_dag.py
[2022-01-30 22:10:43,004] {processor.py:654} INFO - DAG(s) dict_keys(['data_ingestion_yt_dag']) retrieved from /opt/airflow/dags/data_ingestion_yt_dag.py
[2022-01-30 22:10:43,011] {logging_mixin.py:109} INFO - [2022-01-30 22:10:43,011] {dag.py:2396} INFO - Sync 1 DAGs
[2022-01-30 22:10:43,026] {logging_mixin.py:109} INFO - [2022-01-30 22:10:43,025] {dag.py:2935} INFO - Setting next_dagrun for data_ingestion_yt_dag to 2022-01-01T00:00:00+00:00
[2022-01-30 22:10:43,070] {processor.py:171} INFO - Processing /opt/airflow/dags/data_ingestion_yt_dag.py took 0.429 seconds
[2022-01-30 22:11:13,290] {processor.py:163} INFO - Started process (PID=522) to work on /opt/airflow/dags/data_ingestion_yt_dag.py
[2022-01-30 22:11:13,292] {processor.py:642} INFO - Processing file /opt/airflow/dags/data_ingestion_yt_dag.py for tasks to queue
[2022-01-30 22:11:13,293] {logging_mixin.py:109} INFO - [2022-01-30 22:11:13,293] {dagbag.py:500} INFO - Filling up the DagBag from /opt/airflow/dags/data_ingestion_yt_dag.py
[2022-01-30 22:11:13,676] {processor.py:654} INFO - DAG(s) dict_keys(['data_ingestion_yt_dag']) retrieved from /opt/airflow/dags/data_ingestion_yt_dag.py
[2022-01-30 22:11:13,686] {logging_mixin.py:109} INFO - [2022-01-30 22:11:13,685] {dag.py:2396} INFO - Sync 1 DAGs
[2022-01-30 22:11:13,703] {logging_mixin.py:109} INFO - [2022-01-30 22:11:13,702] {dag.py:2935} INFO - Setting next_dagrun for data_ingestion_yt_dag to 2022-01-01T00:00:00+00:00
[2022-01-30 22:11:13,765] {processor.py:171} INFO - Processing /opt/airflow/dags/data_ingestion_yt_dag.py took 0.478 seconds
[2022-01-30 22:11:43,986] {processor.py:163} INFO - Started process (PID=558) to work on /opt/airflow/dags/data_ingestion_yt_dag.py
[2022-01-30 22:11:43,988] {processor.py:642} INFO - Processing file /opt/airflow/dags/data_ingestion_yt_dag.py for tasks to queue
[2022-01-30 22:11:43,989] {logging_mixin.py:109} INFO - [2022-01-30 22:11:43,988] {dagbag.py:500} INFO - Filling up the DagBag from /opt/airflow/dags/data_ingestion_yt_dag.py
[2022-01-30 22:11:44,354] {processor.py:654} INFO - DAG(s) dict_keys(['data_ingestion_yt_dag']) retrieved from /opt/airflow/dags/data_ingestion_yt_dag.py
[2022-01-30 22:11:44,362] {logging_mixin.py:109} INFO - [2022-01-30 22:11:44,362] {dag.py:2396} INFO - Sync 1 DAGs
[2022-01-30 22:11:44,378] {logging_mixin.py:109} INFO - [2022-01-30 22:11:44,378] {dag.py:2935} INFO - Setting next_dagrun for data_ingestion_yt_dag to 2022-01-01T00:00:00+00:00
[2022-01-30 22:11:44,440] {processor.py:171} INFO - Processing /opt/airflow/dags/data_ingestion_yt_dag.py took 0.457 seconds
[2022-01-30 22:12:15,359] {processor.py:163} INFO - Started process (PID=604) to work on /opt/airflow/dags/data_ingestion_yt_dag.py
[2022-01-30 22:12:15,360] {processor.py:642} INFO - Processing file /opt/airflow/dags/data_ingestion_yt_dag.py for tasks to queue
[2022-01-30 22:12:15,361] {logging_mixin.py:109} INFO - [2022-01-30 22:12:15,361] {dagbag.py:500} INFO - Filling up the DagBag from /opt/airflow/dags/data_ingestion_yt_dag.py
[2022-01-30 22:12:15,782] {processor.py:654} INFO - DAG(s) dict_keys(['data_ingestion_yt_dag']) retrieved from /opt/airflow/dags/data_ingestion_yt_dag.py
[2022-01-30 22:12:15,791] {logging_mixin.py:109} INFO - [2022-01-30 22:12:15,791] {dag.py:2396} INFO - Sync 1 DAGs
[2022-01-30 22:12:15,807] {logging_mixin.py:109} INFO - [2022-01-30 22:12:15,807] {dag.py:2935} INFO - Setting next_dagrun for data_ingestion_yt_dag to 2022-01-01T00:00:00+00:00
[2022-01-30 22:12:15,860] {processor.py:171} INFO - Processing /opt/airflow/dags/data_ingestion_yt_dag.py took 0.504 seconds
[2022-01-30 22:12:46,100] {processor.py:163} INFO - Started process (PID=641) to work on /opt/airflow/dags/data_ingestion_yt_dag.py
[2022-01-30 22:12:46,102] {processor.py:642} INFO - Processing file /opt/airflow/dags/data_ingestion_yt_dag.py for tasks to queue
[2022-01-30 22:12:46,104] {logging_mixin.py:109} INFO - [2022-01-30 22:12:46,104] {dagbag.py:500} INFO - Filling up the DagBag from /opt/airflow/dags/data_ingestion_yt_dag.py
[2022-01-30 22:12:46,730] {processor.py:654} INFO - DAG(s) dict_keys(['data_ingestion_yt_dag']) retrieved from /opt/airflow/dags/data_ingestion_yt_dag.py
[2022-01-30 22:12:46,744] {logging_mixin.py:109} INFO - [2022-01-30 22:12:46,744] {dag.py:2396} INFO - Sync 1 DAGs
[2022-01-30 22:12:46,761] {logging_mixin.py:109} INFO - [2022-01-30 22:12:46,761] {dag.py:2935} INFO - Setting next_dagrun for data_ingestion_yt_dag to 2022-01-01T00:00:00+00:00
[2022-01-30 22:12:46,817] {processor.py:171} INFO - Processing /opt/airflow/dags/data_ingestion_yt_dag.py took 0.723 seconds
[2022-01-30 22:13:17,679] {processor.py:163} INFO - Started process (PID=679) to work on /opt/airflow/dags/data_ingestion_yt_dag.py
[2022-01-30 22:13:17,680] {processor.py:642} INFO - Processing file /opt/airflow/dags/data_ingestion_yt_dag.py for tasks to queue
[2022-01-30 22:13:17,681] {logging_mixin.py:109} INFO - [2022-01-30 22:13:17,681] {dagbag.py:500} INFO - Filling up the DagBag from /opt/airflow/dags/data_ingestion_yt_dag.py
[2022-01-30 22:13:18,070] {processor.py:654} INFO - DAG(s) dict_keys(['data_ingestion_yt_dag']) retrieved from /opt/airflow/dags/data_ingestion_yt_dag.py
[2022-01-30 22:13:18,080] {logging_mixin.py:109} INFO - [2022-01-30 22:13:18,079] {dag.py:2396} INFO - Sync 1 DAGs
[2022-01-30 22:13:18,095] {logging_mixin.py:109} INFO - [2022-01-30 22:13:18,095] {dag.py:2935} INFO - Setting next_dagrun for data_ingestion_yt_dag to 2022-01-01T00:00:00+00:00
[2022-01-30 22:13:18,139] {processor.py:171} INFO - Processing /opt/airflow/dags/data_ingestion_yt_dag.py took 0.463 seconds
[2022-01-30 22:13:48,315] {processor.py:163} INFO - Started process (PID=727) to work on /opt/airflow/dags/data_ingestion_yt_dag.py
[2022-01-30 22:13:48,316] {processor.py:642} INFO - Processing file /opt/airflow/dags/data_ingestion_yt_dag.py for tasks to queue
[2022-01-30 22:13:48,317] {logging_mixin.py:109} INFO - [2022-01-30 22:13:48,317] {dagbag.py:500} INFO - Filling up the DagBag from /opt/airflow/dags/data_ingestion_yt_dag.py
[2022-01-30 22:13:48,802] {processor.py:654} INFO - DAG(s) dict_keys(['data_ingestion_yt_dag']) retrieved from /opt/airflow/dags/data_ingestion_yt_dag.py
[2022-01-30 22:13:48,811] {logging_mixin.py:109} INFO - [2022-01-30 22:13:48,811] {dag.py:2396} INFO - Sync 1 DAGs
[2022-01-30 22:13:48,832] {logging_mixin.py:109} INFO - [2022-01-30 22:13:48,831] {dag.py:2935} INFO - Setting next_dagrun for data_ingestion_yt_dag to 2022-01-01T00:00:00+00:00
[2022-01-30 22:13:48,872] {processor.py:171} INFO - Processing /opt/airflow/dags/data_ingestion_yt_dag.py took 0.560 seconds
[2022-01-30 22:14:19,022] {processor.py:163} INFO - Started process (PID=764) to work on /opt/airflow/dags/data_ingestion_yt_dag.py
[2022-01-30 22:14:19,023] {processor.py:642} INFO - Processing file /opt/airflow/dags/data_ingestion_yt_dag.py for tasks to queue
[2022-01-30 22:14:19,024] {logging_mixin.py:109} INFO - [2022-01-30 22:14:19,024] {dagbag.py:500} INFO - Filling up the DagBag from /opt/airflow/dags/data_ingestion_yt_dag.py
[2022-01-30 22:14:19,380] {processor.py:654} INFO - DAG(s) dict_keys(['data_ingestion_yt_dag']) retrieved from /opt/airflow/dags/data_ingestion_yt_dag.py
[2022-01-30 22:14:19,388] {logging_mixin.py:109} INFO - [2022-01-30 22:14:19,388] {dag.py:2396} INFO - Sync 1 DAGs
[2022-01-30 22:14:19,402] {logging_mixin.py:109} INFO - [2022-01-30 22:14:19,402] {dag.py:2935} INFO - Setting next_dagrun for data_ingestion_yt_dag to 2022-01-01T00:00:00+00:00
[2022-01-30 22:14:19,451] {processor.py:171} INFO - Processing /opt/airflow/dags/data_ingestion_yt_dag.py took 0.432 seconds
[2022-01-30 22:14:30,197] {processor.py:163} INFO - Started process (PID=792) to work on /opt/airflow/dags/data_ingestion_yt_dag.py
[2022-01-30 22:14:30,199] {processor.py:642} INFO - Processing file /opt/airflow/dags/data_ingestion_yt_dag.py for tasks to queue
[2022-01-30 22:14:30,200] {logging_mixin.py:109} INFO - [2022-01-30 22:14:30,200] {dagbag.py:500} INFO - Filling up the DagBag from /opt/airflow/dags/data_ingestion_yt_dag.py
[2022-01-30 22:14:30,623] {processor.py:654} INFO - DAG(s) dict_keys(['data_ingestion_yt_dag']) retrieved from /opt/airflow/dags/data_ingestion_yt_dag.py
[2022-01-30 22:14:30,828] {logging_mixin.py:109} INFO - [2022-01-30 22:14:30,828] {dag.py:2396} INFO - Sync 1 DAGs
[2022-01-30 22:14:30,843] {logging_mixin.py:109} INFO - [2022-01-30 22:14:30,843] {dag.py:2935} INFO - Setting next_dagrun for data_ingestion_yt_dag to 2022-01-01T00:00:00+00:00
[2022-01-30 22:14:30,897] {processor.py:171} INFO - Processing /opt/airflow/dags/data_ingestion_yt_dag.py took 0.703 seconds
[2022-01-30 22:15:01,053] {processor.py:163} INFO - Started process (PID=838) to work on /opt/airflow/dags/data_ingestion_yt_dag.py
[2022-01-30 22:15:01,055] {processor.py:642} INFO - Processing file /opt/airflow/dags/data_ingestion_yt_dag.py for tasks to queue
[2022-01-30 22:15:01,055] {logging_mixin.py:109} INFO - [2022-01-30 22:15:01,055] {dagbag.py:500} INFO - Filling up the DagBag from /opt/airflow/dags/data_ingestion_yt_dag.py
[2022-01-30 22:15:01,412] {processor.py:654} INFO - DAG(s) dict_keys(['data_ingestion_yt_dag']) retrieved from /opt/airflow/dags/data_ingestion_yt_dag.py
[2022-01-30 22:15:01,420] {logging_mixin.py:109} INFO - [2022-01-30 22:15:01,420] {dag.py:2396} INFO - Sync 1 DAGs
[2022-01-30 22:15:01,436] {logging_mixin.py:109} INFO - [2022-01-30 22:15:01,435] {dag.py:2935} INFO - Setting next_dagrun for data_ingestion_yt_dag to 2022-01-01T00:00:00+00:00
[2022-01-30 22:15:01,530] {processor.py:171} INFO - Processing /opt/airflow/dags/data_ingestion_yt_dag.py took 0.480 seconds
[2022-01-30 22:15:31,616] {processor.py:163} INFO - Started process (PID=874) to work on /opt/airflow/dags/data_ingestion_yt_dag.py
[2022-01-30 22:15:31,617] {processor.py:642} INFO - Processing file /opt/airflow/dags/data_ingestion_yt_dag.py for tasks to queue
[2022-01-30 22:15:31,618] {logging_mixin.py:109} INFO - [2022-01-30 22:15:31,618] {dagbag.py:500} INFO - Filling up the DagBag from /opt/airflow/dags/data_ingestion_yt_dag.py
[2022-01-30 22:15:31,976] {processor.py:654} INFO - DAG(s) dict_keys(['data_ingestion_yt_dag']) retrieved from /opt/airflow/dags/data_ingestion_yt_dag.py
[2022-01-30 22:15:31,984] {logging_mixin.py:109} INFO - [2022-01-30 22:15:31,984] {dag.py:2396} INFO - Sync 1 DAGs
[2022-01-30 22:15:31,999] {logging_mixin.py:109} INFO - [2022-01-30 22:15:31,999] {dag.py:2935} INFO - Setting next_dagrun for data_ingestion_yt_dag to 2022-01-01T00:00:00+00:00
[2022-01-30 22:15:32,049] {processor.py:171} INFO - Processing /opt/airflow/dags/data_ingestion_yt_dag.py took 0.436 seconds
[2022-01-30 22:16:02,231] {processor.py:163} INFO - Started process (PID=911) to work on /opt/airflow/dags/data_ingestion_yt_dag.py
[2022-01-30 22:16:02,233] {processor.py:642} INFO - Processing file /opt/airflow/dags/data_ingestion_yt_dag.py for tasks to queue
[2022-01-30 22:16:02,234] {logging_mixin.py:109} INFO - [2022-01-30 22:16:02,234] {dagbag.py:500} INFO - Filling up the DagBag from /opt/airflow/dags/data_ingestion_yt_dag.py
[2022-01-30 22:16:02,693] {processor.py:654} INFO - DAG(s) dict_keys(['data_ingestion_yt_dag']) retrieved from /opt/airflow/dags/data_ingestion_yt_dag.py
[2022-01-30 22:16:02,707] {logging_mixin.py:109} INFO - [2022-01-30 22:16:02,706] {dag.py:2396} INFO - Sync 1 DAGs
[2022-01-30 22:16:02,728] {logging_mixin.py:109} INFO - [2022-01-30 22:16:02,728] {dag.py:2935} INFO - Setting next_dagrun for data_ingestion_yt_dag to 2022-01-01T00:00:00+00:00
[2022-01-30 22:16:02,789] {processor.py:171} INFO - Processing /opt/airflow/dags/data_ingestion_yt_dag.py took 0.562 seconds
[2022-01-30 22:16:15,907] {processor.py:163} INFO - Started process (PID=937) to work on /opt/airflow/dags/data_ingestion_yt_dag.py
[2022-01-30 22:16:15,909] {processor.py:642} INFO - Processing file /opt/airflow/dags/data_ingestion_yt_dag.py for tasks to queue
[2022-01-30 22:16:15,910] {logging_mixin.py:109} INFO - [2022-01-30 22:16:15,910] {dagbag.py:500} INFO - Filling up the DagBag from /opt/airflow/dags/data_ingestion_yt_dag.py
[2022-01-30 22:16:16,348] {processor.py:654} INFO - DAG(s) dict_keys(['data_ingestion_yt_dag']) retrieved from /opt/airflow/dags/data_ingestion_yt_dag.py
[2022-01-30 22:16:16,569] {logging_mixin.py:109} INFO - [2022-01-30 22:16:16,569] {dag.py:2396} INFO - Sync 1 DAGs
[2022-01-30 22:16:16,584] {logging_mixin.py:109} INFO - [2022-01-30 22:16:16,584] {dag.py:2935} INFO - Setting next_dagrun for data_ingestion_yt_dag to None
[2022-01-30 22:16:16,633] {processor.py:171} INFO - Processing /opt/airflow/dags/data_ingestion_yt_dag.py took 0.729 seconds
[2022-01-30 22:16:46,925] {processor.py:163} INFO - Started process (PID=975) to work on /opt/airflow/dags/data_ingestion_yt_dag.py
[2022-01-30 22:16:46,927] {processor.py:642} INFO - Processing file /opt/airflow/dags/data_ingestion_yt_dag.py for tasks to queue
[2022-01-30 22:16:46,928] {logging_mixin.py:109} INFO - [2022-01-30 22:16:46,927] {dagbag.py:500} INFO - Filling up the DagBag from /opt/airflow/dags/data_ingestion_yt_dag.py
[2022-01-30 22:16:47,263] {processor.py:654} INFO - DAG(s) dict_keys(['data_ingestion_yt_dag']) retrieved from /opt/airflow/dags/data_ingestion_yt_dag.py
[2022-01-30 22:16:47,451] {logging_mixin.py:109} INFO - [2022-01-30 22:16:47,451] {dag.py:2396} INFO - Sync 1 DAGs
[2022-01-30 22:16:47,458] {logging_mixin.py:109} INFO - [2022-01-30 22:16:47,457] {dag.py:2415} INFO - Creating ORM DAG for data_ingestion_yt_dag
[2022-01-30 22:16:47,466] {logging_mixin.py:109} INFO - [2022-01-30 22:16:47,466] {dag.py:2935} INFO - Setting next_dagrun for data_ingestion_yt_dag to None
[2022-01-30 22:16:47,807] {processor.py:171} INFO - Processing /opt/airflow/dags/data_ingestion_yt_dag.py took 0.884 seconds
[2022-01-30 22:16:48,848] {processor.py:163} INFO - Started process (PID=984) to work on /opt/airflow/dags/data_ingestion_yt_dag.py
[2022-01-30 22:16:48,875] {processor.py:642} INFO - Processing file /opt/airflow/dags/data_ingestion_yt_dag.py for tasks to queue
[2022-01-30 22:16:48,877] {logging_mixin.py:109} INFO - [2022-01-30 22:16:48,876] {dagbag.py:500} INFO - Filling up the DagBag from /opt/airflow/dags/data_ingestion_yt_dag.py
[2022-01-30 22:16:49,347] {processor.py:654} INFO - DAG(s) dict_keys(['data_ingestion_yt_dag']) retrieved from /opt/airflow/dags/data_ingestion_yt_dag.py
[2022-01-30 22:16:49,351] {logging_mixin.py:109} INFO - [2022-01-30 22:16:49,351] {dag.py:2396} INFO - Sync 1 DAGs
[2022-01-30 22:16:49,366] {logging_mixin.py:109} INFO - [2022-01-30 22:16:49,366] {dag.py:2935} INFO - Setting next_dagrun for data_ingestion_yt_dag to None
[2022-01-30 22:16:49,490] {processor.py:171} INFO - Processing /opt/airflow/dags/data_ingestion_yt_dag.py took 0.645 seconds
[2022-01-30 22:17:19,759] {processor.py:163} INFO - Started process (PID=1020) to work on /opt/airflow/dags/data_ingestion_yt_dag.py
[2022-01-30 22:17:19,760] {processor.py:642} INFO - Processing file /opt/airflow/dags/data_ingestion_yt_dag.py for tasks to queue
[2022-01-30 22:17:19,761] {logging_mixin.py:109} INFO - [2022-01-30 22:17:19,761] {dagbag.py:500} INFO - Filling up the DagBag from /opt/airflow/dags/data_ingestion_yt_dag.py
[2022-01-30 22:17:20,091] {processor.py:654} INFO - DAG(s) dict_keys(['data_ingestion_yt_dag']) retrieved from /opt/airflow/dags/data_ingestion_yt_dag.py
[2022-01-30 22:17:20,100] {logging_mixin.py:109} INFO - [2022-01-30 22:17:20,100] {dag.py:2396} INFO - Sync 1 DAGs
[2022-01-30 22:17:20,117] {logging_mixin.py:109} INFO - [2022-01-30 22:17:20,116] {dag.py:2935} INFO - Setting next_dagrun for data_ingestion_yt_dag to None
[2022-01-30 22:17:20,178] {processor.py:171} INFO - Processing /opt/airflow/dags/data_ingestion_yt_dag.py took 0.422 seconds
[2022-01-30 22:17:50,306] {processor.py:163} INFO - Started process (PID=1066) to work on /opt/airflow/dags/data_ingestion_yt_dag.py
[2022-01-30 22:17:50,307] {processor.py:642} INFO - Processing file /opt/airflow/dags/data_ingestion_yt_dag.py for tasks to queue
[2022-01-30 22:17:50,308] {logging_mixin.py:109} INFO - [2022-01-30 22:17:50,308] {dagbag.py:500} INFO - Filling up the DagBag from /opt/airflow/dags/data_ingestion_yt_dag.py
[2022-01-30 22:17:50,628] {processor.py:654} INFO - DAG(s) dict_keys(['data_ingestion_yt_dag']) retrieved from /opt/airflow/dags/data_ingestion_yt_dag.py
[2022-01-30 22:17:50,636] {logging_mixin.py:109} INFO - [2022-01-30 22:17:50,635] {dag.py:2396} INFO - Sync 1 DAGs
[2022-01-30 22:17:50,650] {logging_mixin.py:109} INFO - [2022-01-30 22:17:50,650] {dag.py:2935} INFO - Setting next_dagrun for data_ingestion_yt_dag to None
[2022-01-30 22:17:50,799] {processor.py:171} INFO - Processing /opt/airflow/dags/data_ingestion_yt_dag.py took 0.496 seconds
[2022-01-30 22:18:11,984] {processor.py:163} INFO - Started process (PID=1103) to work on /opt/airflow/dags/data_ingestion_yt_dag.py
[2022-01-30 22:18:11,985] {processor.py:642} INFO - Processing file /opt/airflow/dags/data_ingestion_yt_dag.py for tasks to queue
[2022-01-30 22:18:11,986] {logging_mixin.py:109} INFO - [2022-01-30 22:18:11,986] {dagbag.py:500} INFO - Filling up the DagBag from /opt/airflow/dags/data_ingestion_yt_dag.py
[2022-01-30 22:18:12,391] {processor.py:654} INFO - DAG(s) dict_keys(['data_ingestion_yt_dag']) retrieved from /opt/airflow/dags/data_ingestion_yt_dag.py
[2022-01-30 22:18:12,667] {logging_mixin.py:109} INFO - [2022-01-30 22:18:12,667] {dag.py:2396} INFO - Sync 1 DAGs
[2022-01-30 22:18:12,683] {logging_mixin.py:109} INFO - [2022-01-30 22:18:12,683] {dag.py:2935} INFO - Setting next_dagrun for data_ingestion_yt_dag to 2019-01-01T00:00:00+00:00
[2022-01-30 22:18:12,768] {processor.py:171} INFO - Processing /opt/airflow/dags/data_ingestion_yt_dag.py took 0.788 seconds
[2022-01-30 22:18:42,850] {processor.py:163} INFO - Started process (PID=1141) to work on /opt/airflow/dags/data_ingestion_yt_dag.py
[2022-01-30 22:18:42,852] {processor.py:642} INFO - Processing file /opt/airflow/dags/data_ingestion_yt_dag.py for tasks to queue
[2022-01-30 22:18:42,853] {logging_mixin.py:109} INFO - [2022-01-30 22:18:42,853] {dagbag.py:500} INFO - Filling up the DagBag from /opt/airflow/dags/data_ingestion_yt_dag.py
[2022-01-30 22:18:43,190] {processor.py:654} INFO - DAG(s) dict_keys(['data_ingestion_yt_dag']) retrieved from /opt/airflow/dags/data_ingestion_yt_dag.py
[2022-01-30 22:18:43,198] {logging_mixin.py:109} INFO - [2022-01-30 22:18:43,198] {dag.py:2396} INFO - Sync 1 DAGs
[2022-01-30 22:18:43,265] {processor.py:171} INFO - Processing /opt/airflow/dags/data_ingestion_yt_dag.py took 0.421 seconds
[2022-01-30 22:19:13,551] {processor.py:163} INFO - Started process (PID=1178) to work on /opt/airflow/dags/data_ingestion_yt_dag.py
[2022-01-30 22:19:13,552] {processor.py:642} INFO - Processing file /opt/airflow/dags/data_ingestion_yt_dag.py for tasks to queue
[2022-01-30 22:19:13,553] {logging_mixin.py:109} INFO - [2022-01-30 22:19:13,553] {dagbag.py:500} INFO - Filling up the DagBag from /opt/airflow/dags/data_ingestion_yt_dag.py
[2022-01-30 22:19:13,979] {processor.py:654} INFO - DAG(s) dict_keys(['data_ingestion_yt_dag']) retrieved from /opt/airflow/dags/data_ingestion_yt_dag.py
[2022-01-30 22:19:13,987] {logging_mixin.py:109} INFO - [2022-01-30 22:19:13,987] {dag.py:2396} INFO - Sync 1 DAGs
[2022-01-30 22:19:14,048] {processor.py:171} INFO - Processing /opt/airflow/dags/data_ingestion_yt_dag.py took 0.500 seconds
[2022-01-30 22:19:44,091] {processor.py:163} INFO - Started process (PID=1225) to work on /opt/airflow/dags/data_ingestion_yt_dag.py
[2022-01-30 22:19:44,092] {processor.py:642} INFO - Processing file /opt/airflow/dags/data_ingestion_yt_dag.py for tasks to queue
[2022-01-30 22:19:44,093] {logging_mixin.py:109} INFO - [2022-01-30 22:19:44,093] {dagbag.py:500} INFO - Filling up the DagBag from /opt/airflow/dags/data_ingestion_yt_dag.py
[2022-01-30 22:19:44,414] {processor.py:654} INFO - DAG(s) dict_keys(['data_ingestion_yt_dag']) retrieved from /opt/airflow/dags/data_ingestion_yt_dag.py
[2022-01-30 22:19:44,423] {logging_mixin.py:109} INFO - [2022-01-30 22:19:44,423] {dag.py:2396} INFO - Sync 1 DAGs
[2022-01-30 22:19:44,482] {processor.py:171} INFO - Processing /opt/airflow/dags/data_ingestion_yt_dag.py took 0.394 seconds
[2022-01-30 22:20:14,649] {processor.py:163} INFO - Started process (PID=1262) to work on /opt/airflow/dags/data_ingestion_yt_dag.py
[2022-01-30 22:20:14,650] {processor.py:642} INFO - Processing file /opt/airflow/dags/data_ingestion_yt_dag.py for tasks to queue
[2022-01-30 22:20:14,651] {logging_mixin.py:109} INFO - [2022-01-30 22:20:14,651] {dagbag.py:500} INFO - Filling up the DagBag from /opt/airflow/dags/data_ingestion_yt_dag.py
[2022-01-30 22:20:14,974] {processor.py:654} INFO - DAG(s) dict_keys(['data_ingestion_yt_dag']) retrieved from /opt/airflow/dags/data_ingestion_yt_dag.py
[2022-01-30 22:20:14,982] {logging_mixin.py:109} INFO - [2022-01-30 22:20:14,982] {dag.py:2396} INFO - Sync 1 DAGs
[2022-01-30 22:20:15,058] {processor.py:171} INFO - Processing /opt/airflow/dags/data_ingestion_yt_dag.py took 0.412 seconds
[2022-01-30 22:20:45,259] {processor.py:163} INFO - Started process (PID=1307) to work on /opt/airflow/dags/data_ingestion_yt_dag.py
[2022-01-30 22:20:45,261] {processor.py:642} INFO - Processing file /opt/airflow/dags/data_ingestion_yt_dag.py for tasks to queue
[2022-01-30 22:20:45,262] {logging_mixin.py:109} INFO - [2022-01-30 22:20:45,262] {dagbag.py:500} INFO - Filling up the DagBag from /opt/airflow/dags/data_ingestion_yt_dag.py
[2022-01-30 22:20:45,660] {processor.py:654} INFO - DAG(s) dict_keys(['data_ingestion_yt_dag']) retrieved from /opt/airflow/dags/data_ingestion_yt_dag.py
[2022-01-30 22:20:45,675] {logging_mixin.py:109} INFO - [2022-01-30 22:20:45,675] {dag.py:2396} INFO - Sync 1 DAGs
[2022-01-30 22:20:45,728] {processor.py:171} INFO - Processing /opt/airflow/dags/data_ingestion_yt_dag.py took 0.472 seconds
[2022-01-30 22:21:15,798] {processor.py:163} INFO - Started process (PID=1344) to work on /opt/airflow/dags/data_ingestion_yt_dag.py
[2022-01-30 22:21:15,799] {processor.py:642} INFO - Processing file /opt/airflow/dags/data_ingestion_yt_dag.py for tasks to queue
[2022-01-30 22:21:15,800] {logging_mixin.py:109} INFO - [2022-01-30 22:21:15,800] {dagbag.py:500} INFO - Filling up the DagBag from /opt/airflow/dags/data_ingestion_yt_dag.py
[2022-01-30 22:21:16,149] {processor.py:654} INFO - DAG(s) dict_keys(['data_ingestion_yt_dag']) retrieved from /opt/airflow/dags/data_ingestion_yt_dag.py
[2022-01-30 22:21:16,160] {logging_mixin.py:109} INFO - [2022-01-30 22:21:16,160] {dag.py:2396} INFO - Sync 1 DAGs
[2022-01-30 22:21:16,223] {processor.py:171} INFO - Processing /opt/airflow/dags/data_ingestion_yt_dag.py took 0.429 seconds
[2022-01-30 22:21:46,404] {processor.py:163} INFO - Started process (PID=1380) to work on /opt/airflow/dags/data_ingestion_yt_dag.py
[2022-01-30 22:21:46,405] {processor.py:642} INFO - Processing file /opt/airflow/dags/data_ingestion_yt_dag.py for tasks to queue
[2022-01-30 22:21:46,406] {logging_mixin.py:109} INFO - [2022-01-30 22:21:46,406] {dagbag.py:500} INFO - Filling up the DagBag from /opt/airflow/dags/data_ingestion_yt_dag.py
[2022-01-30 22:21:46,780] {processor.py:654} INFO - DAG(s) dict_keys(['data_ingestion_yt_dag']) retrieved from /opt/airflow/dags/data_ingestion_yt_dag.py
[2022-01-30 22:21:46,792] {logging_mixin.py:109} INFO - [2022-01-30 22:21:46,792] {dag.py:2396} INFO - Sync 1 DAGs
[2022-01-30 22:21:46,841] {processor.py:171} INFO - Processing /opt/airflow/dags/data_ingestion_yt_dag.py took 0.440 seconds
[2022-01-30 22:22:17,594] {processor.py:163} INFO - Started process (PID=1425) to work on /opt/airflow/dags/data_ingestion_yt_dag.py
[2022-01-30 22:22:17,595] {processor.py:642} INFO - Processing file /opt/airflow/dags/data_ingestion_yt_dag.py for tasks to queue
[2022-01-30 22:22:17,596] {logging_mixin.py:109} INFO - [2022-01-30 22:22:17,596] {dagbag.py:500} INFO - Filling up the DagBag from /opt/airflow/dags/data_ingestion_yt_dag.py
[2022-01-30 22:22:17,930] {processor.py:654} INFO - DAG(s) dict_keys(['data_ingestion_yt_dag']) retrieved from /opt/airflow/dags/data_ingestion_yt_dag.py
[2022-01-30 22:22:17,941] {logging_mixin.py:109} INFO - [2022-01-30 22:22:17,940] {dag.py:2396} INFO - Sync 1 DAGs
[2022-01-30 22:22:18,004] {processor.py:171} INFO - Processing /opt/airflow/dags/data_ingestion_yt_dag.py took 0.413 seconds
[2022-01-30 22:22:48,232] {processor.py:163} INFO - Started process (PID=1463) to work on /opt/airflow/dags/data_ingestion_yt_dag.py
[2022-01-30 22:22:48,234] {processor.py:642} INFO - Processing file /opt/airflow/dags/data_ingestion_yt_dag.py for tasks to queue
[2022-01-30 22:22:48,235] {logging_mixin.py:109} INFO - [2022-01-30 22:22:48,234] {dagbag.py:500} INFO - Filling up the DagBag from /opt/airflow/dags/data_ingestion_yt_dag.py
[2022-01-30 22:22:48,715] {processor.py:654} INFO - DAG(s) dict_keys(['data_ingestion_yt_dag']) retrieved from /opt/airflow/dags/data_ingestion_yt_dag.py
[2022-01-30 22:22:48,724] {logging_mixin.py:109} INFO - [2022-01-30 22:22:48,723] {dag.py:2396} INFO - Sync 1 DAGs
[2022-01-30 22:22:48,809] {processor.py:171} INFO - Processing /opt/airflow/dags/data_ingestion_yt_dag.py took 0.580 seconds
[2022-01-30 22:23:18,979] {processor.py:163} INFO - Started process (PID=1509) to work on /opt/airflow/dags/data_ingestion_yt_dag.py
[2022-01-30 22:23:18,981] {processor.py:642} INFO - Processing file /opt/airflow/dags/data_ingestion_yt_dag.py for tasks to queue
[2022-01-30 22:23:18,982] {logging_mixin.py:109} INFO - [2022-01-30 22:23:18,982] {dagbag.py:500} INFO - Filling up the DagBag from /opt/airflow/dags/data_ingestion_yt_dag.py
[2022-01-30 22:23:19,331] {processor.py:654} INFO - DAG(s) dict_keys(['data_ingestion_yt_dag']) retrieved from /opt/airflow/dags/data_ingestion_yt_dag.py
[2022-01-30 22:23:19,339] {logging_mixin.py:109} INFO - [2022-01-30 22:23:19,338] {dag.py:2396} INFO - Sync 1 DAGs
[2022-01-30 22:23:19,424] {processor.py:171} INFO - Processing /opt/airflow/dags/data_ingestion_yt_dag.py took 0.447 seconds
[2022-01-30 22:23:49,652] {processor.py:163} INFO - Started process (PID=1536) to work on /opt/airflow/dags/data_ingestion_yt_dag.py
[2022-01-30 22:23:49,654] {processor.py:642} INFO - Processing file /opt/airflow/dags/data_ingestion_yt_dag.py for tasks to queue
[2022-01-30 22:23:49,655] {logging_mixin.py:109} INFO - [2022-01-30 22:23:49,655] {dagbag.py:500} INFO - Filling up the DagBag from /opt/airflow/dags/data_ingestion_yt_dag.py
[2022-01-30 22:23:50,030] {processor.py:654} INFO - DAG(s) dict_keys(['data_ingestion_yt_dag']) retrieved from /opt/airflow/dags/data_ingestion_yt_dag.py
[2022-01-30 22:23:50,038] {logging_mixin.py:109} INFO - [2022-01-30 22:23:50,038] {dag.py:2396} INFO - Sync 1 DAGs
[2022-01-30 22:23:50,087] {processor.py:171} INFO - Processing /opt/airflow/dags/data_ingestion_yt_dag.py took 0.438 seconds
[2022-01-30 22:24:20,257] {processor.py:163} INFO - Started process (PID=1583) to work on /opt/airflow/dags/data_ingestion_yt_dag.py
[2022-01-30 22:24:20,258] {processor.py:642} INFO - Processing file /opt/airflow/dags/data_ingestion_yt_dag.py for tasks to queue
[2022-01-30 22:24:20,259] {logging_mixin.py:109} INFO - [2022-01-30 22:24:20,259] {dagbag.py:500} INFO - Filling up the DagBag from /opt/airflow/dags/data_ingestion_yt_dag.py
[2022-01-30 22:24:20,610] {processor.py:654} INFO - DAG(s) dict_keys(['data_ingestion_yt_dag']) retrieved from /opt/airflow/dags/data_ingestion_yt_dag.py
[2022-01-30 22:24:20,619] {logging_mixin.py:109} INFO - [2022-01-30 22:24:20,619] {dag.py:2396} INFO - Sync 1 DAGs
[2022-01-30 22:24:20,668] {processor.py:171} INFO - Processing /opt/airflow/dags/data_ingestion_yt_dag.py took 0.413 seconds
[2022-01-30 22:24:50,718] {processor.py:163} INFO - Started process (PID=1621) to work on /opt/airflow/dags/data_ingestion_yt_dag.py
[2022-01-30 22:24:50,720] {processor.py:642} INFO - Processing file /opt/airflow/dags/data_ingestion_yt_dag.py for tasks to queue
[2022-01-30 22:24:50,721] {logging_mixin.py:109} INFO - [2022-01-30 22:24:50,721] {dagbag.py:500} INFO - Filling up the DagBag from /opt/airflow/dags/data_ingestion_yt_dag.py
[2022-01-30 22:24:51,052] {processor.py:654} INFO - DAG(s) dict_keys(['data_ingestion_yt_dag']) retrieved from /opt/airflow/dags/data_ingestion_yt_dag.py
[2022-01-30 22:24:51,061] {logging_mixin.py:109} INFO - [2022-01-30 22:24:51,060] {dag.py:2396} INFO - Sync 1 DAGs
[2022-01-30 22:24:51,114] {processor.py:171} INFO - Processing /opt/airflow/dags/data_ingestion_yt_dag.py took 0.399 seconds
[2022-01-30 22:25:21,290] {processor.py:163} INFO - Started process (PID=1658) to work on /opt/airflow/dags/data_ingestion_yt_dag.py
[2022-01-30 22:25:21,291] {processor.py:642} INFO - Processing file /opt/airflow/dags/data_ingestion_yt_dag.py for tasks to queue
[2022-01-30 22:25:21,292] {logging_mixin.py:109} INFO - [2022-01-30 22:25:21,292] {dagbag.py:500} INFO - Filling up the DagBag from /opt/airflow/dags/data_ingestion_yt_dag.py
[2022-01-30 22:25:21,744] {processor.py:654} INFO - DAG(s) dict_keys(['data_ingestion_yt_dag']) retrieved from /opt/airflow/dags/data_ingestion_yt_dag.py
[2022-01-30 22:25:21,754] {logging_mixin.py:109} INFO - [2022-01-30 22:25:21,753] {dag.py:2396} INFO - Sync 1 DAGs
[2022-01-30 22:25:21,825] {processor.py:171} INFO - Processing /opt/airflow/dags/data_ingestion_yt_dag.py took 0.539 seconds
[2022-01-30 22:25:52,026] {processor.py:163} INFO - Started process (PID=1704) to work on /opt/airflow/dags/data_ingestion_yt_dag.py
[2022-01-30 22:25:52,027] {processor.py:642} INFO - Processing file /opt/airflow/dags/data_ingestion_yt_dag.py for tasks to queue
[2022-01-30 22:25:52,028] {logging_mixin.py:109} INFO - [2022-01-30 22:25:52,028] {dagbag.py:500} INFO - Filling up the DagBag from /opt/airflow/dags/data_ingestion_yt_dag.py
[2022-01-30 22:25:52,381] {processor.py:654} INFO - DAG(s) dict_keys(['data_ingestion_yt_dag']) retrieved from /opt/airflow/dags/data_ingestion_yt_dag.py
[2022-01-30 22:25:52,389] {logging_mixin.py:109} INFO - [2022-01-30 22:25:52,388] {dag.py:2396} INFO - Sync 1 DAGs
[2022-01-30 22:25:52,482] {processor.py:171} INFO - Processing /opt/airflow/dags/data_ingestion_yt_dag.py took 0.459 seconds
[2022-01-30 22:26:22,684] {processor.py:163} INFO - Started process (PID=1741) to work on /opt/airflow/dags/data_ingestion_yt_dag.py
[2022-01-30 22:26:22,685] {processor.py:642} INFO - Processing file /opt/airflow/dags/data_ingestion_yt_dag.py for tasks to queue
[2022-01-30 22:26:22,686] {logging_mixin.py:109} INFO - [2022-01-30 22:26:22,686] {dagbag.py:500} INFO - Filling up the DagBag from /opt/airflow/dags/data_ingestion_yt_dag.py
[2022-01-30 22:26:23,054] {processor.py:654} INFO - DAG(s) dict_keys(['data_ingestion_yt_dag']) retrieved from /opt/airflow/dags/data_ingestion_yt_dag.py
[2022-01-30 22:26:23,062] {logging_mixin.py:109} INFO - [2022-01-30 22:26:23,062] {dag.py:2396} INFO - Sync 1 DAGs
[2022-01-30 22:26:23,125] {processor.py:171} INFO - Processing /opt/airflow/dags/data_ingestion_yt_dag.py took 0.444 seconds
[2022-01-30 22:26:53,387] {processor.py:163} INFO - Started process (PID=1789) to work on /opt/airflow/dags/data_ingestion_yt_dag.py
[2022-01-30 22:26:53,388] {processor.py:642} INFO - Processing file /opt/airflow/dags/data_ingestion_yt_dag.py for tasks to queue
[2022-01-30 22:26:53,390] {logging_mixin.py:109} INFO - [2022-01-30 22:26:53,389] {dagbag.py:500} INFO - Filling up the DagBag from /opt/airflow/dags/data_ingestion_yt_dag.py
[2022-01-30 22:26:53,734] {processor.py:654} INFO - DAG(s) dict_keys(['data_ingestion_yt_dag']) retrieved from /opt/airflow/dags/data_ingestion_yt_dag.py
[2022-01-30 22:26:53,741] {logging_mixin.py:109} INFO - [2022-01-30 22:26:53,741] {dag.py:2396} INFO - Sync 1 DAGs
[2022-01-30 22:26:54,089] {processor.py:171} INFO - Processing /opt/airflow/dags/data_ingestion_yt_dag.py took 0.704 seconds
[2022-01-30 22:27:24,340] {processor.py:163} INFO - Started process (PID=1827) to work on /opt/airflow/dags/data_ingestion_yt_dag.py
[2022-01-30 22:27:24,341] {processor.py:642} INFO - Processing file /opt/airflow/dags/data_ingestion_yt_dag.py for tasks to queue
[2022-01-30 22:27:24,342] {logging_mixin.py:109} INFO - [2022-01-30 22:27:24,342] {dagbag.py:500} INFO - Filling up the DagBag from /opt/airflow/dags/data_ingestion_yt_dag.py
[2022-01-30 22:27:24,692] {processor.py:654} INFO - DAG(s) dict_keys(['data_ingestion_yt_dag']) retrieved from /opt/airflow/dags/data_ingestion_yt_dag.py
[2022-01-30 22:27:24,701] {logging_mixin.py:109} INFO - [2022-01-30 22:27:24,701] {dag.py:2396} INFO - Sync 1 DAGs
[2022-01-30 22:27:24,771] {processor.py:171} INFO - Processing /opt/airflow/dags/data_ingestion_yt_dag.py took 0.435 seconds
[2022-01-30 22:27:55,698] {processor.py:163} INFO - Started process (PID=1873) to work on /opt/airflow/dags/data_ingestion_yt_dag.py
[2022-01-30 22:27:55,699] {processor.py:642} INFO - Processing file /opt/airflow/dags/data_ingestion_yt_dag.py for tasks to queue
[2022-01-30 22:27:55,700] {logging_mixin.py:109} INFO - [2022-01-30 22:27:55,700] {dagbag.py:500} INFO - Filling up the DagBag from /opt/airflow/dags/data_ingestion_yt_dag.py
[2022-01-30 22:27:56,022] {processor.py:654} INFO - DAG(s) dict_keys(['data_ingestion_yt_dag']) retrieved from /opt/airflow/dags/data_ingestion_yt_dag.py
[2022-01-30 22:27:56,030] {logging_mixin.py:109} INFO - [2022-01-30 22:27:56,030] {dag.py:2396} INFO - Sync 1 DAGs
[2022-01-30 22:27:56,147] {processor.py:171} INFO - Processing /opt/airflow/dags/data_ingestion_yt_dag.py took 0.452 seconds
[2022-01-30 22:28:26,947] {processor.py:163} INFO - Started process (PID=1911) to work on /opt/airflow/dags/data_ingestion_yt_dag.py
[2022-01-30 22:28:26,949] {processor.py:642} INFO - Processing file /opt/airflow/dags/data_ingestion_yt_dag.py for tasks to queue
[2022-01-30 22:28:26,950] {logging_mixin.py:109} INFO - [2022-01-30 22:28:26,950] {dagbag.py:500} INFO - Filling up the DagBag from /opt/airflow/dags/data_ingestion_yt_dag.py
[2022-01-30 22:28:27,346] {processor.py:654} INFO - DAG(s) dict_keys(['data_ingestion_yt_dag']) retrieved from /opt/airflow/dags/data_ingestion_yt_dag.py
[2022-01-30 22:28:27,355] {logging_mixin.py:109} INFO - [2022-01-30 22:28:27,355] {dag.py:2396} INFO - Sync 1 DAGs
[2022-01-30 22:28:27,466] {processor.py:171} INFO - Processing /opt/airflow/dags/data_ingestion_yt_dag.py took 0.523 seconds
[2022-01-30 22:28:57,682] {processor.py:163} INFO - Started process (PID=1957) to work on /opt/airflow/dags/data_ingestion_yt_dag.py
[2022-01-30 22:28:57,684] {processor.py:642} INFO - Processing file /opt/airflow/dags/data_ingestion_yt_dag.py for tasks to queue
[2022-01-30 22:28:57,685] {logging_mixin.py:109} INFO - [2022-01-30 22:28:57,685] {dagbag.py:500} INFO - Filling up the DagBag from /opt/airflow/dags/data_ingestion_yt_dag.py
[2022-01-30 22:28:58,198] {processor.py:654} INFO - DAG(s) dict_keys(['data_ingestion_yt_dag']) retrieved from /opt/airflow/dags/data_ingestion_yt_dag.py
[2022-01-30 22:28:58,215] {logging_mixin.py:109} INFO - [2022-01-30 22:28:58,214] {dag.py:2396} INFO - Sync 1 DAGs
[2022-01-30 22:28:58,297] {processor.py:171} INFO - Processing /opt/airflow/dags/data_ingestion_yt_dag.py took 0.618 seconds
[2022-01-30 22:29:28,521] {processor.py:163} INFO - Started process (PID=1994) to work on /opt/airflow/dags/data_ingestion_yt_dag.py
[2022-01-30 22:29:28,523] {processor.py:642} INFO - Processing file /opt/airflow/dags/data_ingestion_yt_dag.py for tasks to queue
[2022-01-30 22:29:28,524] {logging_mixin.py:109} INFO - [2022-01-30 22:29:28,523] {dagbag.py:500} INFO - Filling up the DagBag from /opt/airflow/dags/data_ingestion_yt_dag.py
[2022-01-30 22:29:28,852] {processor.py:654} INFO - DAG(s) dict_keys(['data_ingestion_yt_dag']) retrieved from /opt/airflow/dags/data_ingestion_yt_dag.py
[2022-01-30 22:29:28,861] {logging_mixin.py:109} INFO - [2022-01-30 22:29:28,860] {dag.py:2396} INFO - Sync 1 DAGs
[2022-01-30 22:29:28,949] {processor.py:171} INFO - Processing /opt/airflow/dags/data_ingestion_yt_dag.py took 0.430 seconds
[2022-01-30 22:29:59,045] {processor.py:163} INFO - Started process (PID=2032) to work on /opt/airflow/dags/data_ingestion_yt_dag.py
[2022-01-30 22:29:59,046] {processor.py:642} INFO - Processing file /opt/airflow/dags/data_ingestion_yt_dag.py for tasks to queue
[2022-01-30 22:29:59,047] {logging_mixin.py:109} INFO - [2022-01-30 22:29:59,047] {dagbag.py:500} INFO - Filling up the DagBag from /opt/airflow/dags/data_ingestion_yt_dag.py
[2022-01-30 22:29:59,430] {processor.py:654} INFO - DAG(s) dict_keys(['data_ingestion_yt_dag']) retrieved from /opt/airflow/dags/data_ingestion_yt_dag.py
[2022-01-30 22:29:59,438] {logging_mixin.py:109} INFO - [2022-01-30 22:29:59,438] {dag.py:2396} INFO - Sync 1 DAGs
[2022-01-30 22:29:59,498] {processor.py:171} INFO - Processing /opt/airflow/dags/data_ingestion_yt_dag.py took 0.457 seconds
[2022-01-30 22:30:29,681] {processor.py:163} INFO - Started process (PID=2078) to work on /opt/airflow/dags/data_ingestion_yt_dag.py
[2022-01-30 22:30:29,682] {processor.py:642} INFO - Processing file /opt/airflow/dags/data_ingestion_yt_dag.py for tasks to queue
[2022-01-30 22:30:29,683] {logging_mixin.py:109} INFO - [2022-01-30 22:30:29,683] {dagbag.py:500} INFO - Filling up the DagBag from /opt/airflow/dags/data_ingestion_yt_dag.py
[2022-01-30 22:30:30,003] {processor.py:654} INFO - DAG(s) dict_keys(['data_ingestion_yt_dag']) retrieved from /opt/airflow/dags/data_ingestion_yt_dag.py
[2022-01-30 22:30:30,011] {logging_mixin.py:109} INFO - [2022-01-30 22:30:30,011] {dag.py:2396} INFO - Sync 1 DAGs
[2022-01-30 22:30:30,065] {processor.py:171} INFO - Processing /opt/airflow/dags/data_ingestion_yt_dag.py took 0.386 seconds
[2022-01-30 22:31:00,236] {processor.py:163} INFO - Started process (PID=2114) to work on /opt/airflow/dags/data_ingestion_yt_dag.py
[2022-01-30 22:31:00,237] {processor.py:642} INFO - Processing file /opt/airflow/dags/data_ingestion_yt_dag.py for tasks to queue
[2022-01-30 22:31:00,238] {logging_mixin.py:109} INFO - [2022-01-30 22:31:00,238] {dagbag.py:500} INFO - Filling up the DagBag from /opt/airflow/dags/data_ingestion_yt_dag.py
[2022-01-30 22:31:00,591] {processor.py:654} INFO - DAG(s) dict_keys(['data_ingestion_yt_dag']) retrieved from /opt/airflow/dags/data_ingestion_yt_dag.py
[2022-01-30 22:31:00,599] {logging_mixin.py:109} INFO - [2022-01-30 22:31:00,599] {dag.py:2396} INFO - Sync 1 DAGs
[2022-01-30 22:31:00,713] {processor.py:171} INFO - Processing /opt/airflow/dags/data_ingestion_yt_dag.py took 0.480 seconds
[2022-01-30 22:31:30,908] {processor.py:163} INFO - Started process (PID=2161) to work on /opt/airflow/dags/data_ingestion_yt_dag.py
[2022-01-30 22:31:30,909] {processor.py:642} INFO - Processing file /opt/airflow/dags/data_ingestion_yt_dag.py for tasks to queue
[2022-01-30 22:31:30,910] {logging_mixin.py:109} INFO - [2022-01-30 22:31:30,910] {dagbag.py:500} INFO - Filling up the DagBag from /opt/airflow/dags/data_ingestion_yt_dag.py
[2022-01-30 22:31:31,307] {processor.py:654} INFO - DAG(s) dict_keys(['data_ingestion_yt_dag']) retrieved from /opt/airflow/dags/data_ingestion_yt_dag.py
[2022-01-30 22:31:31,316] {logging_mixin.py:109} INFO - [2022-01-30 22:31:31,315] {dag.py:2396} INFO - Sync 1 DAGs
[2022-01-30 22:31:31,378] {processor.py:171} INFO - Processing /opt/airflow/dags/data_ingestion_yt_dag.py took 0.474 seconds
[2022-01-30 22:32:01,613] {processor.py:163} INFO - Started process (PID=2198) to work on /opt/airflow/dags/data_ingestion_yt_dag.py
[2022-01-30 22:32:01,615] {processor.py:642} INFO - Processing file /opt/airflow/dags/data_ingestion_yt_dag.py for tasks to queue
[2022-01-30 22:32:01,616] {logging_mixin.py:109} INFO - [2022-01-30 22:32:01,616] {dagbag.py:500} INFO - Filling up the DagBag from /opt/airflow/dags/data_ingestion_yt_dag.py
[2022-01-30 22:32:01,967] {processor.py:654} INFO - DAG(s) dict_keys(['data_ingestion_yt_dag']) retrieved from /opt/airflow/dags/data_ingestion_yt_dag.py
[2022-01-30 22:32:01,975] {logging_mixin.py:109} INFO - [2022-01-30 22:32:01,975] {dag.py:2396} INFO - Sync 1 DAGs
[2022-01-30 22:32:02,046] {processor.py:171} INFO - Processing /opt/airflow/dags/data_ingestion_yt_dag.py took 0.437 seconds
[2022-01-30 22:32:32,823] {processor.py:163} INFO - Started process (PID=2235) to work on /opt/airflow/dags/data_ingestion_yt_dag.py
[2022-01-30 22:32:32,824] {processor.py:642} INFO - Processing file /opt/airflow/dags/data_ingestion_yt_dag.py for tasks to queue
[2022-01-30 22:32:32,825] {logging_mixin.py:109} INFO - [2022-01-30 22:32:32,825] {dagbag.py:500} INFO - Filling up the DagBag from /opt/airflow/dags/data_ingestion_yt_dag.py
[2022-01-30 22:32:33,226] {processor.py:654} INFO - DAG(s) dict_keys(['data_ingestion_yt_dag']) retrieved from /opt/airflow/dags/data_ingestion_yt_dag.py
[2022-01-30 22:32:33,237] {logging_mixin.py:109} INFO - [2022-01-30 22:32:33,237] {dag.py:2396} INFO - Sync 1 DAGs
[2022-01-30 22:32:33,312] {processor.py:171} INFO - Processing /opt/airflow/dags/data_ingestion_yt_dag.py took 0.492 seconds
[2022-01-30 22:33:04,126] {processor.py:163} INFO - Started process (PID=2283) to work on /opt/airflow/dags/data_ingestion_yt_dag.py
[2022-01-30 22:33:04,127] {processor.py:642} INFO - Processing file /opt/airflow/dags/data_ingestion_yt_dag.py for tasks to queue
[2022-01-30 22:33:04,128] {logging_mixin.py:109} INFO - [2022-01-30 22:33:04,128] {dagbag.py:500} INFO - Filling up the DagBag from /opt/airflow/dags/data_ingestion_yt_dag.py
[2022-01-30 22:33:04,476] {processor.py:654} INFO - DAG(s) dict_keys(['data_ingestion_yt_dag']) retrieved from /opt/airflow/dags/data_ingestion_yt_dag.py
[2022-01-30 22:33:04,485] {logging_mixin.py:109} INFO - [2022-01-30 22:33:04,484] {dag.py:2396} INFO - Sync 1 DAGs
[2022-01-30 22:33:04,545] {processor.py:171} INFO - Processing /opt/airflow/dags/data_ingestion_yt_dag.py took 0.423 seconds
[2022-01-30 22:33:35,383] {processor.py:163} INFO - Started process (PID=2321) to work on /opt/airflow/dags/data_ingestion_yt_dag.py
[2022-01-30 22:33:35,387] {processor.py:642} INFO - Processing file /opt/airflow/dags/data_ingestion_yt_dag.py for tasks to queue
[2022-01-30 22:33:35,389] {logging_mixin.py:109} INFO - [2022-01-30 22:33:35,388] {dagbag.py:500} INFO - Filling up the DagBag from /opt/airflow/dags/data_ingestion_yt_dag.py
[2022-01-30 22:33:36,353] {processor.py:654} INFO - DAG(s) dict_keys(['data_ingestion_yt_dag']) retrieved from /opt/airflow/dags/data_ingestion_yt_dag.py
[2022-01-30 22:33:36,387] {logging_mixin.py:109} INFO - [2022-01-30 22:33:36,385] {dag.py:2396} INFO - Sync 1 DAGs
[2022-01-30 22:33:36,789] {processor.py:171} INFO - Processing /opt/airflow/dags/data_ingestion_yt_dag.py took 1.417 seconds
[2022-01-30 22:34:07,375] {processor.py:163} INFO - Started process (PID=2359) to work on /opt/airflow/dags/data_ingestion_yt_dag.py
[2022-01-30 22:34:07,381] {processor.py:642} INFO - Processing file /opt/airflow/dags/data_ingestion_yt_dag.py for tasks to queue
[2022-01-30 22:34:07,383] {logging_mixin.py:109} INFO - [2022-01-30 22:34:07,382] {dagbag.py:500} INFO - Filling up the DagBag from /opt/airflow/dags/data_ingestion_yt_dag.py
[2022-01-30 22:34:08,889] {processor.py:654} INFO - DAG(s) dict_keys(['data_ingestion_yt_dag']) retrieved from /opt/airflow/dags/data_ingestion_yt_dag.py
[2022-01-30 22:34:08,899] {logging_mixin.py:109} INFO - [2022-01-30 22:34:08,899] {dag.py:2396} INFO - Sync 1 DAGs
[2022-01-30 22:34:08,959] {processor.py:171} INFO - Processing /opt/airflow/dags/data_ingestion_yt_dag.py took 1.592 seconds
[2022-01-30 22:34:39,189] {processor.py:163} INFO - Started process (PID=2396) to work on /opt/airflow/dags/data_ingestion_yt_dag.py
[2022-01-30 22:34:39,192] {processor.py:642} INFO - Processing file /opt/airflow/dags/data_ingestion_yt_dag.py for tasks to queue
[2022-01-30 22:34:39,194] {logging_mixin.py:109} INFO - [2022-01-30 22:34:39,194] {dagbag.py:500} INFO - Filling up the DagBag from /opt/airflow/dags/data_ingestion_yt_dag.py
[2022-01-30 22:34:39,597] {processor.py:654} INFO - DAG(s) dict_keys(['data_ingestion_yt_dag']) retrieved from /opt/airflow/dags/data_ingestion_yt_dag.py
[2022-01-30 22:34:39,606] {logging_mixin.py:109} INFO - [2022-01-30 22:34:39,606] {dag.py:2396} INFO - Sync 1 DAGs
[2022-01-30 22:34:39,672] {processor.py:171} INFO - Processing /opt/airflow/dags/data_ingestion_yt_dag.py took 0.490 seconds
[2022-01-30 22:35:10,146] {processor.py:163} INFO - Started process (PID=2432) to work on /opt/airflow/dags/data_ingestion_yt_dag.py
[2022-01-30 22:35:10,148] {processor.py:642} INFO - Processing file /opt/airflow/dags/data_ingestion_yt_dag.py for tasks to queue
[2022-01-30 22:35:10,160] {logging_mixin.py:109} INFO - [2022-01-30 22:35:10,159] {dagbag.py:500} INFO - Filling up the DagBag from /opt/airflow/dags/data_ingestion_yt_dag.py
[2022-01-30 22:35:10,895] {processor.py:654} INFO - DAG(s) dict_keys(['data_ingestion_yt_dag']) retrieved from /opt/airflow/dags/data_ingestion_yt_dag.py
[2022-01-30 22:35:10,903] {logging_mixin.py:109} INFO - [2022-01-30 22:35:10,903] {dag.py:2396} INFO - Sync 1 DAGs
[2022-01-30 22:35:11,002] {processor.py:171} INFO - Processing /opt/airflow/dags/data_ingestion_yt_dag.py took 0.877 seconds
[2022-01-30 22:35:41,197] {processor.py:163} INFO - Started process (PID=2469) to work on /opt/airflow/dags/data_ingestion_yt_dag.py
[2022-01-30 22:35:41,199] {processor.py:642} INFO - Processing file /opt/airflow/dags/data_ingestion_yt_dag.py for tasks to queue
[2022-01-30 22:35:41,263] {logging_mixin.py:109} INFO - [2022-01-30 22:35:41,263] {dagbag.py:500} INFO - Filling up the DagBag from /opt/airflow/dags/data_ingestion_yt_dag.py
[2022-01-30 22:35:42,017] {processor.py:654} INFO - DAG(s) dict_keys(['data_ingestion_yt_dag']) retrieved from /opt/airflow/dags/data_ingestion_yt_dag.py
[2022-01-30 22:35:42,026] {logging_mixin.py:109} INFO - [2022-01-30 22:35:42,026] {dag.py:2396} INFO - Sync 1 DAGs
[2022-01-30 22:35:42,184] {processor.py:171} INFO - Processing /opt/airflow/dags/data_ingestion_yt_dag.py took 1.036 seconds
[2022-01-30 22:36:12,365] {processor.py:163} INFO - Started process (PID=2506) to work on /opt/airflow/dags/data_ingestion_yt_dag.py
[2022-01-30 22:36:12,367] {processor.py:642} INFO - Processing file /opt/airflow/dags/data_ingestion_yt_dag.py for tasks to queue
[2022-01-30 22:36:12,368] {logging_mixin.py:109} INFO - [2022-01-30 22:36:12,367] {dagbag.py:500} INFO - Filling up the DagBag from /opt/airflow/dags/data_ingestion_yt_dag.py
[2022-01-30 22:36:12,712] {processor.py:654} INFO - DAG(s) dict_keys(['data_ingestion_yt_dag']) retrieved from /opt/airflow/dags/data_ingestion_yt_dag.py
[2022-01-30 22:36:12,724] {logging_mixin.py:109} INFO - [2022-01-30 22:36:12,724] {dag.py:2396} INFO - Sync 1 DAGs
[2022-01-30 22:36:12,741] {logging_mixin.py:109} INFO - [2022-01-30 22:36:12,741] {dag.py:2935} INFO - Setting next_dagrun for data_ingestion_yt_dag to 2019-02-01T00:00:00+00:00
[2022-01-30 22:36:13,378] {processor.py:171} INFO - Processing /opt/airflow/dags/data_ingestion_yt_dag.py took 1.017 seconds
[2022-01-30 22:40:04,639] {processor.py:163} INFO - Started process (PID=2534) to work on /opt/airflow/dags/data_ingestion_yt_dag.py
[2022-01-30 22:40:05,300] {processor.py:642} INFO - Processing file /opt/airflow/dags/data_ingestion_yt_dag.py for tasks to queue
[2022-01-30 22:40:06,369] {logging_mixin.py:109} INFO - [2022-01-30 22:40:06,147] {dagbag.py:500} INFO - Filling up the DagBag from /opt/airflow/dags/data_ingestion_yt_dag.py
[2022-01-30 22:40:12,749] {processor.py:654} INFO - DAG(s) dict_keys(['data_ingestion_yt_dag']) retrieved from /opt/airflow/dags/data_ingestion_yt_dag.py
[2022-01-30 22:40:12,764] {logging_mixin.py:109} INFO - [2022-01-30 22:40:12,764] {dag.py:2396} INFO - Sync 1 DAGs
[2022-01-30 22:40:13,079] {processor.py:171} INFO - Processing /opt/airflow/dags/data_ingestion_yt_dag.py took 8.455 seconds
[2022-01-30 22:40:43,621] {processor.py:163} INFO - Started process (PID=2571) to work on /opt/airflow/dags/data_ingestion_yt_dag.py
[2022-01-30 22:40:43,622] {processor.py:642} INFO - Processing file /opt/airflow/dags/data_ingestion_yt_dag.py for tasks to queue
[2022-01-30 22:40:43,623] {logging_mixin.py:109} INFO - [2022-01-30 22:40:43,623] {dagbag.py:500} INFO - Filling up the DagBag from /opt/airflow/dags/data_ingestion_yt_dag.py
[2022-01-30 22:40:44,734] {processor.py:654} INFO - DAG(s) dict_keys(['data_ingestion_yt_dag']) retrieved from /opt/airflow/dags/data_ingestion_yt_dag.py
[2022-01-30 22:40:44,748] {logging_mixin.py:109} INFO - [2022-01-30 22:40:44,748] {dag.py:2396} INFO - Sync 1 DAGs
[2022-01-30 22:40:45,125] {processor.py:171} INFO - Processing /opt/airflow/dags/data_ingestion_yt_dag.py took 1.508 seconds
[2022-01-30 22:41:15,326] {processor.py:163} INFO - Started process (PID=2607) to work on /opt/airflow/dags/data_ingestion_yt_dag.py
[2022-01-30 22:41:15,327] {processor.py:642} INFO - Processing file /opt/airflow/dags/data_ingestion_yt_dag.py for tasks to queue
[2022-01-30 22:41:15,328] {logging_mixin.py:109} INFO - [2022-01-30 22:41:15,328] {dagbag.py:500} INFO - Filling up the DagBag from /opt/airflow/dags/data_ingestion_yt_dag.py
[2022-01-30 22:41:15,628] {processor.py:654} INFO - DAG(s) dict_keys(['data_ingestion_yt_dag']) retrieved from /opt/airflow/dags/data_ingestion_yt_dag.py
[2022-01-30 22:41:15,639] {logging_mixin.py:109} INFO - [2022-01-30 22:41:15,639] {dag.py:2396} INFO - Sync 1 DAGs
[2022-01-30 22:41:15,756] {processor.py:171} INFO - Processing /opt/airflow/dags/data_ingestion_yt_dag.py took 0.434 seconds
[2022-01-30 22:41:46,015] {processor.py:163} INFO - Started process (PID=2653) to work on /opt/airflow/dags/data_ingestion_yt_dag.py
[2022-01-30 22:41:46,016] {processor.py:642} INFO - Processing file /opt/airflow/dags/data_ingestion_yt_dag.py for tasks to queue
[2022-01-30 22:41:46,017] {logging_mixin.py:109} INFO - [2022-01-30 22:41:46,017] {dagbag.py:500} INFO - Filling up the DagBag from /opt/airflow/dags/data_ingestion_yt_dag.py
[2022-01-30 22:41:46,364] {processor.py:654} INFO - DAG(s) dict_keys(['data_ingestion_yt_dag']) retrieved from /opt/airflow/dags/data_ingestion_yt_dag.py
[2022-01-30 22:41:46,374] {logging_mixin.py:109} INFO - [2022-01-30 22:41:46,373] {dag.py:2396} INFO - Sync 1 DAGs
[2022-01-30 22:41:46,473] {processor.py:171} INFO - Processing /opt/airflow/dags/data_ingestion_yt_dag.py took 0.461 seconds
[2022-01-30 22:42:16,507] {processor.py:163} INFO - Started process (PID=2690) to work on /opt/airflow/dags/data_ingestion_yt_dag.py
[2022-01-30 22:42:16,509] {processor.py:642} INFO - Processing file /opt/airflow/dags/data_ingestion_yt_dag.py for tasks to queue
[2022-01-30 22:42:16,510] {logging_mixin.py:109} INFO - [2022-01-30 22:42:16,510] {dagbag.py:500} INFO - Filling up the DagBag from /opt/airflow/dags/data_ingestion_yt_dag.py
[2022-01-30 22:42:16,801] {processor.py:654} INFO - DAG(s) dict_keys(['data_ingestion_yt_dag']) retrieved from /opt/airflow/dags/data_ingestion_yt_dag.py
[2022-01-30 22:42:16,810] {logging_mixin.py:109} INFO - [2022-01-30 22:42:16,810] {dag.py:2396} INFO - Sync 1 DAGs
[2022-01-30 22:42:16,866] {processor.py:171} INFO - Processing /opt/airflow/dags/data_ingestion_yt_dag.py took 0.363 seconds
[2022-01-30 22:42:47,075] {processor.py:163} INFO - Started process (PID=2735) to work on /opt/airflow/dags/data_ingestion_yt_dag.py
[2022-01-30 22:42:47,076] {processor.py:642} INFO - Processing file /opt/airflow/dags/data_ingestion_yt_dag.py for tasks to queue
[2022-01-30 22:42:47,077] {logging_mixin.py:109} INFO - [2022-01-30 22:42:47,077] {dagbag.py:500} INFO - Filling up the DagBag from /opt/airflow/dags/data_ingestion_yt_dag.py
[2022-01-30 22:42:47,390] {processor.py:654} INFO - DAG(s) dict_keys(['data_ingestion_yt_dag']) retrieved from /opt/airflow/dags/data_ingestion_yt_dag.py
[2022-01-30 22:42:47,400] {logging_mixin.py:109} INFO - [2022-01-30 22:42:47,399] {dag.py:2396} INFO - Sync 1 DAGs
[2022-01-30 22:42:47,449] {processor.py:171} INFO - Processing /opt/airflow/dags/data_ingestion_yt_dag.py took 0.377 seconds
[2022-01-30 22:43:17,667] {processor.py:163} INFO - Started process (PID=2773) to work on /opt/airflow/dags/data_ingestion_yt_dag.py
[2022-01-30 22:43:17,670] {processor.py:642} INFO - Processing file /opt/airflow/dags/data_ingestion_yt_dag.py for tasks to queue
[2022-01-30 22:43:17,671] {logging_mixin.py:109} INFO - [2022-01-30 22:43:17,671] {dagbag.py:500} INFO - Filling up the DagBag from /opt/airflow/dags/data_ingestion_yt_dag.py
[2022-01-30 22:43:17,980] {processor.py:654} INFO - DAG(s) dict_keys(['data_ingestion_yt_dag']) retrieved from /opt/airflow/dags/data_ingestion_yt_dag.py
[2022-01-30 22:43:17,988] {logging_mixin.py:109} INFO - [2022-01-30 22:43:17,988] {dag.py:2396} INFO - Sync 1 DAGs
[2022-01-30 22:43:18,049] {processor.py:171} INFO - Processing /opt/airflow/dags/data_ingestion_yt_dag.py took 0.387 seconds
[2022-01-30 22:43:48,225] {processor.py:163} INFO - Started process (PID=2810) to work on /opt/airflow/dags/data_ingestion_yt_dag.py
[2022-01-30 22:43:48,227] {processor.py:642} INFO - Processing file /opt/airflow/dags/data_ingestion_yt_dag.py for tasks to queue
[2022-01-30 22:43:48,229] {logging_mixin.py:109} INFO - [2022-01-30 22:43:48,228] {dagbag.py:500} INFO - Filling up the DagBag from /opt/airflow/dags/data_ingestion_yt_dag.py
[2022-01-30 22:43:48,511] {processor.py:654} INFO - DAG(s) dict_keys(['data_ingestion_yt_dag']) retrieved from /opt/airflow/dags/data_ingestion_yt_dag.py
[2022-01-30 22:43:48,521] {logging_mixin.py:109} INFO - [2022-01-30 22:43:48,521] {dag.py:2396} INFO - Sync 1 DAGs
[2022-01-30 22:43:48,614] {processor.py:171} INFO - Processing /opt/airflow/dags/data_ingestion_yt_dag.py took 0.392 seconds
[2022-01-30 22:44:18,888] {processor.py:163} INFO - Started process (PID=2857) to work on /opt/airflow/dags/data_ingestion_yt_dag.py
[2022-01-30 22:44:18,889] {processor.py:642} INFO - Processing file /opt/airflow/dags/data_ingestion_yt_dag.py for tasks to queue
[2022-01-30 22:44:18,890] {logging_mixin.py:109} INFO - [2022-01-30 22:44:18,890] {dagbag.py:500} INFO - Filling up the DagBag from /opt/airflow/dags/data_ingestion_yt_dag.py
[2022-01-30 22:44:19,166] {processor.py:654} INFO - DAG(s) dict_keys(['data_ingestion_yt_dag']) retrieved from /opt/airflow/dags/data_ingestion_yt_dag.py
[2022-01-30 22:44:19,175] {logging_mixin.py:109} INFO - [2022-01-30 22:44:19,175] {dag.py:2396} INFO - Sync 1 DAGs
[2022-01-30 22:44:19,235] {processor.py:171} INFO - Processing /opt/airflow/dags/data_ingestion_yt_dag.py took 0.350 seconds
[2022-01-30 22:44:49,470] {processor.py:163} INFO - Started process (PID=2894) to work on /opt/airflow/dags/data_ingestion_yt_dag.py
[2022-01-30 22:44:49,472] {processor.py:642} INFO - Processing file /opt/airflow/dags/data_ingestion_yt_dag.py for tasks to queue
[2022-01-30 22:44:49,474] {logging_mixin.py:109} INFO - [2022-01-30 22:44:49,474] {dagbag.py:500} INFO - Filling up the DagBag from /opt/airflow/dags/data_ingestion_yt_dag.py
[2022-01-30 22:44:49,738] {processor.py:654} INFO - DAG(s) dict_keys(['data_ingestion_yt_dag']) retrieved from /opt/airflow/dags/data_ingestion_yt_dag.py
[2022-01-30 22:44:49,747] {logging_mixin.py:109} INFO - [2022-01-30 22:44:49,747] {dag.py:2396} INFO - Sync 1 DAGs
[2022-01-30 22:44:49,815] {processor.py:171} INFO - Processing /opt/airflow/dags/data_ingestion_yt_dag.py took 0.350 seconds
[2022-01-30 22:45:20,046] {processor.py:163} INFO - Started process (PID=2941) to work on /opt/airflow/dags/data_ingestion_yt_dag.py
[2022-01-30 22:45:20,048] {processor.py:642} INFO - Processing file /opt/airflow/dags/data_ingestion_yt_dag.py for tasks to queue
[2022-01-30 22:45:20,049] {logging_mixin.py:109} INFO - [2022-01-30 22:45:20,049] {dagbag.py:500} INFO - Filling up the DagBag from /opt/airflow/dags/data_ingestion_yt_dag.py
[2022-01-30 22:45:21,461] {processor.py:654} INFO - DAG(s) dict_keys(['data_ingestion_yt_dag']) retrieved from /opt/airflow/dags/data_ingestion_yt_dag.py
[2022-01-30 22:45:21,474] {logging_mixin.py:109} INFO - [2022-01-30 22:45:21,473] {dag.py:2396} INFO - Sync 1 DAGs
[2022-01-30 22:45:21,630] {processor.py:171} INFO - Processing /opt/airflow/dags/data_ingestion_yt_dag.py took 1.586 seconds
[2022-01-30 22:45:51,803] {processor.py:163} INFO - Started process (PID=2979) to work on /opt/airflow/dags/data_ingestion_yt_dag.py
[2022-01-30 22:45:51,804] {processor.py:642} INFO - Processing file /opt/airflow/dags/data_ingestion_yt_dag.py for tasks to queue
[2022-01-30 22:45:51,805] {logging_mixin.py:109} INFO - [2022-01-30 22:45:51,805] {dagbag.py:500} INFO - Filling up the DagBag from /opt/airflow/dags/data_ingestion_yt_dag.py
[2022-01-30 22:45:52,078] {processor.py:654} INFO - DAG(s) dict_keys(['data_ingestion_yt_dag']) retrieved from /opt/airflow/dags/data_ingestion_yt_dag.py
[2022-01-30 22:45:52,088] {logging_mixin.py:109} INFO - [2022-01-30 22:45:52,088] {dag.py:2396} INFO - Sync 1 DAGs
[2022-01-30 22:45:52,149] {processor.py:171} INFO - Processing /opt/airflow/dags/data_ingestion_yt_dag.py took 0.349 seconds
[2022-01-30 22:46:22,330] {processor.py:163} INFO - Started process (PID=3016) to work on /opt/airflow/dags/data_ingestion_yt_dag.py
[2022-01-30 22:46:22,331] {processor.py:642} INFO - Processing file /opt/airflow/dags/data_ingestion_yt_dag.py for tasks to queue
[2022-01-30 22:46:22,332] {logging_mixin.py:109} INFO - [2022-01-30 22:46:22,332] {dagbag.py:500} INFO - Filling up the DagBag from /opt/airflow/dags/data_ingestion_yt_dag.py
[2022-01-30 22:46:22,657] {processor.py:654} INFO - DAG(s) dict_keys(['data_ingestion_yt_dag']) retrieved from /opt/airflow/dags/data_ingestion_yt_dag.py
[2022-01-30 22:46:22,666] {logging_mixin.py:109} INFO - [2022-01-30 22:46:22,666] {dag.py:2396} INFO - Sync 1 DAGs
[2022-01-30 22:46:22,743] {processor.py:171} INFO - Processing /opt/airflow/dags/data_ingestion_yt_dag.py took 0.416 seconds
[2022-01-30 22:46:52,947] {processor.py:163} INFO - Started process (PID=3062) to work on /opt/airflow/dags/data_ingestion_yt_dag.py
[2022-01-30 22:46:52,952] {processor.py:642} INFO - Processing file /opt/airflow/dags/data_ingestion_yt_dag.py for tasks to queue
[2022-01-30 22:46:52,955] {logging_mixin.py:109} INFO - [2022-01-30 22:46:52,954] {dagbag.py:500} INFO - Filling up the DagBag from /opt/airflow/dags/data_ingestion_yt_dag.py
[2022-01-30 22:46:55,054] {processor.py:654} INFO - DAG(s) dict_keys(['data_ingestion_yt_dag']) retrieved from /opt/airflow/dags/data_ingestion_yt_dag.py
[2022-01-30 22:46:55,115] {logging_mixin.py:109} INFO - [2022-01-30 22:46:55,115] {dag.py:2396} INFO - Sync 1 DAGs
[2022-01-30 22:46:55,233] {processor.py:171} INFO - Processing /opt/airflow/dags/data_ingestion_yt_dag.py took 2.295 seconds
[2022-01-30 22:47:25,763] {processor.py:163} INFO - Started process (PID=3100) to work on /opt/airflow/dags/data_ingestion_yt_dag.py
[2022-01-30 22:47:25,765] {processor.py:642} INFO - Processing file /opt/airflow/dags/data_ingestion_yt_dag.py for tasks to queue
[2022-01-30 22:47:25,766] {logging_mixin.py:109} INFO - [2022-01-30 22:47:25,765] {dagbag.py:500} INFO - Filling up the DagBag from /opt/airflow/dags/data_ingestion_yt_dag.py
[2022-01-30 22:47:26,184] {processor.py:654} INFO - DAG(s) dict_keys(['data_ingestion_yt_dag']) retrieved from /opt/airflow/dags/data_ingestion_yt_dag.py
[2022-01-30 22:47:26,196] {logging_mixin.py:109} INFO - [2022-01-30 22:47:26,195] {dag.py:2396} INFO - Sync 1 DAGs
[2022-01-30 22:47:26,277] {processor.py:171} INFO - Processing /opt/airflow/dags/data_ingestion_yt_dag.py took 0.518 seconds
[2022-01-30 22:47:56,502] {processor.py:163} INFO - Started process (PID=3139) to work on /opt/airflow/dags/data_ingestion_yt_dag.py
[2022-01-30 22:47:56,505] {processor.py:642} INFO - Processing file /opt/airflow/dags/data_ingestion_yt_dag.py for tasks to queue
[2022-01-30 22:47:56,506] {logging_mixin.py:109} INFO - [2022-01-30 22:47:56,506] {dagbag.py:500} INFO - Filling up the DagBag from /opt/airflow/dags/data_ingestion_yt_dag.py
[2022-01-30 22:47:57,098] {processor.py:654} INFO - DAG(s) dict_keys(['data_ingestion_yt_dag']) retrieved from /opt/airflow/dags/data_ingestion_yt_dag.py
[2022-01-30 22:47:57,125] {logging_mixin.py:109} INFO - [2022-01-30 22:47:57,124] {dag.py:2396} INFO - Sync 1 DAGs
[2022-01-30 22:47:57,282] {processor.py:171} INFO - Processing /opt/airflow/dags/data_ingestion_yt_dag.py took 0.784 seconds
[2022-01-30 22:48:27,526] {processor.py:163} INFO - Started process (PID=3175) to work on /opt/airflow/dags/data_ingestion_yt_dag.py
[2022-01-30 22:48:27,527] {processor.py:642} INFO - Processing file /opt/airflow/dags/data_ingestion_yt_dag.py for tasks to queue
[2022-01-30 22:48:27,528] {logging_mixin.py:109} INFO - [2022-01-30 22:48:27,528] {dagbag.py:500} INFO - Filling up the DagBag from /opt/airflow/dags/data_ingestion_yt_dag.py
[2022-01-30 22:48:27,794] {processor.py:654} INFO - DAG(s) dict_keys(['data_ingestion_yt_dag']) retrieved from /opt/airflow/dags/data_ingestion_yt_dag.py
[2022-01-30 22:48:27,804] {logging_mixin.py:109} INFO - [2022-01-30 22:48:27,804] {dag.py:2396} INFO - Sync 1 DAGs
[2022-01-30 22:48:28,215] {processor.py:171} INFO - Processing /opt/airflow/dags/data_ingestion_yt_dag.py took 0.693 seconds
[2022-01-30 22:48:58,995] {processor.py:163} INFO - Started process (PID=3212) to work on /opt/airflow/dags/data_ingestion_yt_dag.py
[2022-01-30 22:48:58,997] {processor.py:642} INFO - Processing file /opt/airflow/dags/data_ingestion_yt_dag.py for tasks to queue
[2022-01-30 22:48:58,998] {logging_mixin.py:109} INFO - [2022-01-30 22:48:58,998] {dagbag.py:500} INFO - Filling up the DagBag from /opt/airflow/dags/data_ingestion_yt_dag.py
[2022-01-30 22:48:59,289] {processor.py:654} INFO - DAG(s) dict_keys(['data_ingestion_yt_dag']) retrieved from /opt/airflow/dags/data_ingestion_yt_dag.py
[2022-01-30 22:48:59,298] {logging_mixin.py:109} INFO - [2022-01-30 22:48:59,298] {dag.py:2396} INFO - Sync 1 DAGs
[2022-01-30 22:48:59,368] {processor.py:171} INFO - Processing /opt/airflow/dags/data_ingestion_yt_dag.py took 0.375 seconds
[2022-01-30 22:49:29,561] {processor.py:163} INFO - Started process (PID=3258) to work on /opt/airflow/dags/data_ingestion_yt_dag.py
[2022-01-30 22:49:29,564] {processor.py:642} INFO - Processing file /opt/airflow/dags/data_ingestion_yt_dag.py for tasks to queue
[2022-01-30 22:49:29,565] {logging_mixin.py:109} INFO - [2022-01-30 22:49:29,565] {dagbag.py:500} INFO - Filling up the DagBag from /opt/airflow/dags/data_ingestion_yt_dag.py
[2022-01-30 22:49:29,877] {processor.py:654} INFO - DAG(s) dict_keys(['data_ingestion_yt_dag']) retrieved from /opt/airflow/dags/data_ingestion_yt_dag.py
[2022-01-30 22:49:29,887] {logging_mixin.py:109} INFO - [2022-01-30 22:49:29,886] {dag.py:2396} INFO - Sync 1 DAGs
[2022-01-30 22:49:30,012] {processor.py:171} INFO - Processing /opt/airflow/dags/data_ingestion_yt_dag.py took 0.455 seconds
[2022-01-30 22:50:00,249] {processor.py:163} INFO - Started process (PID=3296) to work on /opt/airflow/dags/data_ingestion_yt_dag.py
[2022-01-30 22:50:00,250] {processor.py:642} INFO - Processing file /opt/airflow/dags/data_ingestion_yt_dag.py for tasks to queue
[2022-01-30 22:50:00,251] {logging_mixin.py:109} INFO - [2022-01-30 22:50:00,251] {dagbag.py:500} INFO - Filling up the DagBag from /opt/airflow/dags/data_ingestion_yt_dag.py
[2022-01-30 22:50:00,514] {processor.py:654} INFO - DAG(s) dict_keys(['data_ingestion_yt_dag']) retrieved from /opt/airflow/dags/data_ingestion_yt_dag.py
[2022-01-30 22:50:00,524] {logging_mixin.py:109} INFO - [2022-01-30 22:50:00,524] {dag.py:2396} INFO - Sync 1 DAGs
[2022-01-30 22:50:00,590] {processor.py:171} INFO - Processing /opt/airflow/dags/data_ingestion_yt_dag.py took 0.344 seconds
[2022-01-30 23:10:18,515] {processor.py:163} INFO - Started process (PID=3334) to work on /opt/airflow/dags/data_ingestion_yt_dag.py
[2022-01-30 23:10:18,529] {processor.py:642} INFO - Processing file /opt/airflow/dags/data_ingestion_yt_dag.py for tasks to queue
[2022-01-30 23:10:18,533] {logging_mixin.py:109} INFO - [2022-01-30 23:10:18,532] {dagbag.py:500} INFO - Filling up the DagBag from /opt/airflow/dags/data_ingestion_yt_dag.py
[2022-01-30 23:10:19,467] {processor.py:654} INFO - DAG(s) dict_keys(['data_ingestion_yt_dag']) retrieved from /opt/airflow/dags/data_ingestion_yt_dag.py
[2022-01-30 23:10:19,592] {logging_mixin.py:109} INFO - [2022-01-30 23:10:19,591] {dag.py:2396} INFO - Sync 1 DAGs
[2022-01-30 23:10:19,951] {processor.py:171} INFO - Processing /opt/airflow/dags/data_ingestion_yt_dag.py took 1.450 seconds
[2022-01-30 23:10:21,132] {processor.py:163} INFO - Started process (PID=3344) to work on /opt/airflow/dags/data_ingestion_yt_dag.py
[2022-01-30 23:10:21,145] {processor.py:642} INFO - Processing file /opt/airflow/dags/data_ingestion_yt_dag.py for tasks to queue
[2022-01-30 23:10:21,147] {logging_mixin.py:109} INFO - [2022-01-30 23:10:21,146] {dagbag.py:500} INFO - Filling up the DagBag from /opt/airflow/dags/data_ingestion_yt_dag.py
[2022-01-30 23:10:21,746] {processor.py:654} INFO - DAG(s) dict_keys(['data_ingestion_yt_dag']) retrieved from /opt/airflow/dags/data_ingestion_yt_dag.py
[2022-01-30 23:10:21,761] {logging_mixin.py:109} INFO - [2022-01-30 23:10:21,760] {dag.py:2396} INFO - Sync 1 DAGs
[2022-01-30 23:10:21,961] {processor.py:171} INFO - Processing /opt/airflow/dags/data_ingestion_yt_dag.py took 0.837 seconds
[2022-01-30 23:10:52,015] {processor.py:163} INFO - Started process (PID=3381) to work on /opt/airflow/dags/data_ingestion_yt_dag.py
[2022-01-30 23:10:52,016] {processor.py:642} INFO - Processing file /opt/airflow/dags/data_ingestion_yt_dag.py for tasks to queue
[2022-01-30 23:10:52,017] {logging_mixin.py:109} INFO - [2022-01-30 23:10:52,017] {dagbag.py:500} INFO - Filling up the DagBag from /opt/airflow/dags/data_ingestion_yt_dag.py
[2022-01-30 23:10:52,355] {processor.py:654} INFO - DAG(s) dict_keys(['data_ingestion_yt_dag']) retrieved from /opt/airflow/dags/data_ingestion_yt_dag.py
[2022-01-30 23:10:52,368] {logging_mixin.py:109} INFO - [2022-01-30 23:10:52,368] {dag.py:2396} INFO - Sync 1 DAGs
[2022-01-30 23:10:52,870] {processor.py:171} INFO - Processing /opt/airflow/dags/data_ingestion_yt_dag.py took 0.858 seconds
[2022-01-30 23:11:23,536] {processor.py:163} INFO - Started process (PID=3418) to work on /opt/airflow/dags/data_ingestion_yt_dag.py
[2022-01-30 23:11:23,538] {processor.py:642} INFO - Processing file /opt/airflow/dags/data_ingestion_yt_dag.py for tasks to queue
[2022-01-30 23:11:23,538] {logging_mixin.py:109} INFO - [2022-01-30 23:11:23,538] {dagbag.py:500} INFO - Filling up the DagBag from /opt/airflow/dags/data_ingestion_yt_dag.py
[2022-01-30 23:11:23,870] {processor.py:654} INFO - DAG(s) dict_keys(['data_ingestion_yt_dag']) retrieved from /opt/airflow/dags/data_ingestion_yt_dag.py
[2022-01-30 23:11:24,230] {logging_mixin.py:109} INFO - [2022-01-30 23:11:24,229] {dag.py:2396} INFO - Sync 1 DAGs
[2022-01-30 23:11:24,236] {logging_mixin.py:109} INFO - [2022-01-30 23:11:24,236] {dag.py:2415} INFO - Creating ORM DAG for data_ingestion_yt_dag
[2022-01-30 23:11:24,246] {logging_mixin.py:109} INFO - [2022-01-30 23:11:24,246] {dag.py:2935} INFO - Setting next_dagrun for data_ingestion_yt_dag to 2019-01-01T00:00:00+00:00
[2022-01-30 23:11:24,326] {processor.py:171} INFO - Processing /opt/airflow/dags/data_ingestion_yt_dag.py took 0.793 seconds
