[2022-02-01 15:34:44,465] {taskinstance.py:1032} INFO - Dependencies all met for <TaskInstance: data_ingestion_fhv_dag.format_to_parquet_task scheduled__2020-05-01T00:00:00+00:00 [queued]>
[2022-02-01 15:34:44,483] {taskinstance.py:1032} INFO - Dependencies all met for <TaskInstance: data_ingestion_fhv_dag.format_to_parquet_task scheduled__2020-05-01T00:00:00+00:00 [queued]>
[2022-02-01 15:34:44,484] {taskinstance.py:1238} INFO - 
--------------------------------------------------------------------------------
[2022-02-01 15:34:44,484] {taskinstance.py:1239} INFO - Starting attempt 1 of 1
[2022-02-01 15:34:44,485] {taskinstance.py:1240} INFO - 
--------------------------------------------------------------------------------
[2022-02-01 15:34:44,586] {taskinstance.py:1259} INFO - Executing <Task(PythonOperator): format_to_parquet_task> on 2020-05-01 00:00:00+00:00
[2022-02-01 15:34:44,591] {standard_task_runner.py:52} INFO - Started process 27518 to run task
[2022-02-01 15:34:44,595] {standard_task_runner.py:76} INFO - Running: ['***', 'tasks', 'run', 'data_ingestion_fhv_dag', 'format_to_parquet_task', 'scheduled__2020-05-01T00:00:00+00:00', '--job-id', '118', '--raw', '--subdir', 'DAGS_FOLDER/data_ingestion_fhv_dag.py', '--cfg-path', '/tmp/tmpzxl4f_cy', '--error-file', '/tmp/tmpqdwfduoo']
[2022-02-01 15:34:44,597] {standard_task_runner.py:77} INFO - Job 118: Subtask format_to_parquet_task
[2022-02-01 15:34:44,734] {logging_mixin.py:109} INFO - Running <TaskInstance: data_ingestion_fhv_dag.format_to_parquet_task scheduled__2020-05-01T00:00:00+00:00 [running]> on host 153a4cabbd26
[2022-02-01 15:34:44,855] {logging_mixin.py:109} WARNING - /home/***/.local/lib/python3.7/site-packages/***/utils/context.py:152 AirflowContextDeprecationWarning: Accessing 'execution_date' from the template is deprecated and will be removed in a future version. Please use 'data_interval_start' or 'logical_date' instead.
[2022-02-01 15:34:44,921] {taskinstance.py:1426} INFO - Exporting the following env vars:
AIRFLOW_CTX_DAG_OWNER=***
AIRFLOW_CTX_DAG_ID=data_ingestion_fhv_dag
AIRFLOW_CTX_TASK_ID=format_to_parquet_task
AIRFLOW_CTX_EXECUTION_DATE=2020-05-01T00:00:00+00:00
AIRFLOW_CTX_DAG_RUN_ID=scheduled__2020-05-01T00:00:00+00:00
[2022-02-01 15:34:45,440] {python.py:175} INFO - Done. Returned value was: None
[2022-02-01 15:34:45,456] {taskinstance.py:1277} INFO - Marking task as SUCCESS. dag_id=data_ingestion_fhv_dag, task_id=format_to_parquet_task, execution_date=20200501T000000, start_date=20220201T153444, end_date=20220201T153445
[2022-02-01 15:34:45,653] {local_task_job.py:154} INFO - Task exited with return code 0
[2022-02-01 15:34:45,745] {local_task_job.py:264} INFO - 1 downstream tasks scheduled from follow-on schedule check
