[2022-01-30 22:09:41,967] {taskinstance.py:1032} INFO - Dependencies all met for <TaskInstance: data_ingestion_yt_dag.download_data_task manual__2022-01-30T22:09:30.764354+00:00 [queued]>
[2022-01-30 22:09:41,979] {taskinstance.py:1032} INFO - Dependencies all met for <TaskInstance: data_ingestion_yt_dag.download_data_task manual__2022-01-30T22:09:30.764354+00:00 [queued]>
[2022-01-30 22:09:41,980] {taskinstance.py:1238} INFO - 
--------------------------------------------------------------------------------
[2022-01-30 22:09:41,980] {taskinstance.py:1239} INFO - Starting attempt 1 of 1
[2022-01-30 22:09:41,981] {taskinstance.py:1240} INFO - 
--------------------------------------------------------------------------------
[2022-01-30 22:09:42,030] {taskinstance.py:1259} INFO - Executing <Task(BashOperator): download_data_task> on 2022-01-30 22:09:30.764354+00:00
[2022-01-30 22:09:42,034] {standard_task_runner.py:52} INFO - Started process 267 to run task
[2022-01-30 22:09:42,037] {standard_task_runner.py:76} INFO - Running: ['***', 'tasks', 'run', 'data_ingestion_yt_dag', 'download_data_task', 'manual__2022-01-30T22:09:30.764354+00:00', '--job-id', '22', '--raw', '--subdir', 'DAGS_FOLDER/data_ingestion_yt_dag.py', '--cfg-path', '/tmp/tmpfmolsbxg', '--error-file', '/tmp/tmpmk5354y0']
[2022-01-30 22:09:42,039] {standard_task_runner.py:77} INFO - Job 22: Subtask download_data_task
[2022-01-30 22:09:42,142] {logging_mixin.py:109} INFO - Running <TaskInstance: data_ingestion_yt_dag.download_data_task manual__2022-01-30T22:09:30.764354+00:00 [running]> on host c1161da7400a
[2022-01-30 22:09:42,330] {warnings.py:110} WARNING - /home/***/.local/lib/python3.7/site-packages/***/utils/context.py:152: AirflowContextDeprecationWarning: Accessing 'execution_date' from the template is deprecated and will be removed in a future version. Please use 'data_interval_start' or 'logical_date' instead.
  warnings.warn(_create_deprecation_warning(key, self._deprecation_replacements[key]))

[2022-01-30 22:09:42,499] {taskinstance.py:1426} INFO - Exporting the following env vars:
AIRFLOW_CTX_DAG_OWNER=***
AIRFLOW_CTX_DAG_ID=data_ingestion_yt_dag
AIRFLOW_CTX_TASK_ID=download_data_task
AIRFLOW_CTX_EXECUTION_DATE=2022-01-30T22:09:30.764354+00:00
AIRFLOW_CTX_DAG_RUN_ID=manual__2022-01-30T22:09:30.764354+00:00
[2022-01-30 22:09:42,500] {subprocess.py:62} INFO - Tmp dir root location: 
 /tmp
[2022-01-30 22:09:42,501] {subprocess.py:74} INFO - Running command: ['bash', '-c', 'curl -sSL https://s3.amazonaws.com/nyc-tlc/trip+data/yellow_tripdata_2022-01.csv > /opt/***/yellow_tripdata_2022-01.csv']
[2022-01-30 22:09:42,510] {subprocess.py:85} INFO - Output:
[2022-01-30 22:09:43,869] {subprocess.py:93} INFO - Command exited with return code 0
[2022-01-30 22:09:43,930] {taskinstance.py:1277} INFO - Marking task as SUCCESS. dag_id=data_ingestion_yt_dag, task_id=download_data_task, execution_date=20220130T220930, start_date=20220130T220941, end_date=20220130T220943
[2022-01-30 22:09:43,977] {local_task_job.py:154} INFO - Task exited with return code 0
[2022-01-30 22:09:44,086] {local_task_job.py:264} INFO - 1 downstream tasks scheduled from follow-on schedule check
